SEQUENCE: G ENTROPY: -0.347280424069358022595664466516817296246604779705845906716852 ENERGY: 132.2275313821126
SEQUENCE: A ENTROPY: -0.338400750593957161857173484638521782540837618433535225907543 ENERGY: 345.7112791683427
SEQUENCE: U ENTROPY: -0.594495973550007397053063465026754326321879390541661755064543 ENERGY: 440.648851260834
SEQUENCE: C ENTROPY: -0.598689447531691066235229848129643240637237536582450035435039 ENERGY: 6.146928086473196
SEQUENCE: C G ENTROPY: -2.44911577414585090353378973290662440144875493273972706571826 ENERGY: -1434.5206913852994
SEQUENCE: G C ENTROPY: -6.16693366103599800982859332521013297600807398065576744848381 ENERGY: -1433.8272844216683
SEQUENCE: C A ENTROPY: -1.35819278626669619552854247659654055669283058267964504958025 ENERGY: -1221.6035576765325
SEQUENCE: A C ENTROPY: -7.44931202748436717253695265660080932972174610287525200898116 ENERGY: -1224.83533197766
SEQUENCE: C U ENTROPY: -2.50907408046152069616927610305556861907840086550180782107317 ENERGY: -1150.3051661757388
SEQUENCE: U C ENTROPY: -6.22121870667291267541648915419880332457513801821350681612228 ENERGY: -1172.4135093466066
SEQUENCE: C C ENTROPY: -2.2674156350321388892419669940243639999887309948167238786724 ENERGY: -1541.2934187360488
SEQUENCE: C C ENTROPY: -6.49795052181597882605394161495086221244638360372761358994662 ENERGY: -1446.0021357995622
SEQUENCE: A C G ENTROPY: -3.32731716390377193326524251652383429460510090202515588819463 ENERGY: -2249.4658957817155
SEQUENCE: G A C ENTROPY: -5.01138129367094224448893333133842802837524273247247487027846 ENERGY: -2172.66900556571
SEQUENCE: A C A ENTROPY: -3.26011956458816364993636860907819227792016109677221512815151 ENERGY: -2047.9315887047492
SEQUENCE: A A C ENTROPY: -5.39535195083460426835077912898981650641108458837198086402661 ENERGY: -1992.164686734309
SEQUENCE: A C U ENTROPY: -3.05470926011354015354020101241407574487216864822757906043129 ENERGY: -1947.2765229851348
SEQUENCE: U A C ENTROPY: -5.95500178927920746373329352920379873356045579570534658233982 ENERGY: -1933.8128544831725
SEQUENCE: A C C ENTROPY: -3.13720331386906670270810910006263999475493363000040831790983 ENERGY: -2383.432970015767
SEQUENCE: C A C ENTROPY: -5.88807296748359859553301695967949438518260138510292568316077 ENERGY: -2344.1164961732525
