SEQUENCE: G ENTROPY: -0.350200001201275617773220630121956296006836787282773263320254 ENERGY: 184.15522920305574
SEQUENCE: A ENTROPY: -0.361007303685648429244786764802454421152294031975079316378842 ENERGY: 392.77355057397267
SEQUENCE: U ENTROPY: -0.627970374197180605401130179534009626396997175453776298823003 ENERGY: 492.49278975866605
SEQUENCE: C ENTROPY: -0.690987969059429084979642491959276357598276151584798564789358 ENERGY: 59.79355074057912
SEQUENCE: C G ENTROPY: -2.75030838815672726679263069437472030955884087452182911448712 ENERGY: -1334.945301743067
SEQUENCE: G C ENTROPY: -4.60516239433922491146422265286625976164841284922752544299691 ENERGY: -944.0115886977818
SEQUENCE: C A ENTROPY: -3.04938869060164024363881663292783076026681128905742006684941 ENERGY: -1131.9397936555615
SEQUENCE: A C ENTROPY: -4.554759348137755314739708787486819549597495291512018002941 ENERGY: 2775.8518405440973
SEQUENCE: C U ENTROPY: -2.10104421908664435842033158364699749251946037173311192509706 ENERGY: -1057.603456149905
SEQUENCE: U C ENTROPY: -4.53076989789133631529524316606078015874595091376063013573146 ENERGY: -902.9546474097906
SEQUENCE: C C ENTROPY: -1.77166854473624504492540745872109702069309251133986264785062 ENERGY: 4141.81188039436
SEQUENCE: C C ENTROPY: -4.60408699296104507955225977365654143781597644917758144379263 ENERGY: -1473.913638950647
SEQUENCE: G C G ENTROPY: -3.03016717386004273349031215581447094675769699430119114886057 ENERGY: -2369.0533787153054
SEQUENCE: G G C ENTROPY: -4.60517017592402278695363674155133761099613492487274878455024 ENERGY: -1192.6629681626368
SEQUENCE: G C A ENTROPY: -3.88204159201474523064224498206436090750899015847242376880368 ENERGY: -1864.0537825899203
SEQUENCE: A G C ENTROPY: -3.91632018400836365052080014958488628127133438034477952080215 ENERGY: -1643.5955064997481
SEQUENCE: G C U ENTROPY: -3.39118264080845158773522996350692079580790398525798498381436 ENERGY: -2089.403612184525
SEQUENCE: U G C ENTROPY: -3.96932082454791428574637830311894797111924087783142709194016 ENERGY: -145.1903513488105
SEQUENCE: G C C ENTROPY: -3.03591377151048924166087823388345722040695571784446615810997 ENERGY: -2504.310950122034
SEQUENCE: C G C ENTROPY: -3.68567936907314846433231332449921890615841002256123732681068 ENERGY: -2325.172029629449
SEQUENCE: G G C G ENTROPY: -3.48965655930594736872273672137080746158102995866830657178259 ENERGY: -3357.705410776526
SEQUENCE: G G G C ENTROPY: -4.60347257115227855197264979535830636343025619997701151298636 ENERGY: -2965.168866230797
SEQUENCE: G G C A ENTROPY: -2.67844455512198968715283600954240211343028333425033135991811 ENERGY: -3140.4306495021665
SEQUENCE: A G G C ENTROPY: -4.60517018598809136803598290936872835826934883091596250694888 ENERGY: 1505.4322197100737
SEQUENCE: G G C U ENTROPY: -2.89635357362327184750103794792965020325114000455587579262854 ENERGY: -2945.3191786366638
SEQUENCE: U G G C ENTROPY: -4.60517018598809136100626406561015399239845781810894442727342 ENERGY: 1564.4962526007444
SEQUENCE: G G C C ENTROPY: -3.4642322315362489326394876266962067974798378765708085763361 ENERGY: -3434.744570416861
SEQUENCE: C G G C ENTROPY: -4.60403972453846019507502745728610766074995339649023997200467 ENERGY: -3500.0765982867283
SEQUENCE: A G G C G ENTROPY: -2.64389843840997710898413676413814468150202315520333765857475 ENERGY: -4244.98636197728
SEQUENCE: G A G G C ENTROPY: -4.43532962011073275516248973935041449899541276064543023543521 ENERGY: -2423.676993491511
SEQUENCE: A G G C A ENTROPY: -2.59907432388592447605982793838649152293773478237903817787055 ENERGY: -4023.8173379221453
SEQUENCE: A A G G C ENTROPY: -4.44990786602990248140201159322202608489736793476523679792066 ENERGY: -3359.2564397669257
SEQUENCE: A G G C U ENTROPY: -3.12027683856683571308111212161961731509300918561668081468793 ENERGY: -3924.729200732175
SEQUENCE: U A G G C ENTROPY: -4.14049252218926551205133005517031768993634469558470330341454 ENERGY: -3829.0358425779777
SEQUENCE: A G G C C ENTROPY: -2.96487923040731460061451147609526487818082884561300127204864 ENERGY: -4353.777211621813
SEQUENCE: C A G G C ENTROPY: -3.7797359836302534154939687574542855310639169082860877760013 ENERGY: -4026.699028721857
SEQUENCE: A A G G C G ENTROPY: -3.01765825333189221039619143717885883876383754693601324036108 ENERGY: -4942.449278240341
SEQUENCE: G A A G G C ENTROPY: -4.08031170411141563410695947079950190870369006144941225724094 ENERGY: -4734.360565597316
SEQUENCE: A A G G C A ENTROPY: -3.42017010822080065972028276430824203411650809471188372247636 ENERGY: -4740.787673711554
SEQUENCE: A A A G G C ENTROPY: -4.57911003052063766342669020814132489717493035480713857849845 ENERGY: -3929.4479102783826
SEQUENCE: A A G G C U ENTROPY: -2.49797782434019860617897479282548006387928825736751731976442 ENERGY: -4631.856386601632
SEQUENCE: U A A G G C ENTROPY: -4.5314949791874762550455713078530556125398964049329530462975 ENERGY: -4413.6322510309965
SEQUENCE: A A G G C C ENTROPY: -2.13840348824272642372986122915644541382458482239581475211155 ENERGY: -5037.390017046104
SEQUENCE: C A A G G C ENTROPY: -4.60217550469037515094815198445222571359028677178683088363045 ENERGY: -4476.4690813307525
