MAWS - Making Aptamers With Software
Active version: 2.0 (released:_2017)
Computational method: Kullback-Leibler
Type of aptamer: DNA
Type of ligand molecule: organic
Job: maws_trash_DNA_aptamer
Input file: pfoa.pdb
Sample number in initial step: 10
Sample number per further steps: 10
Number of further steps: 5 (sequence length = 6)
Value of beta: 0.01
Start time: 2023-08-29 17:50:09.149829
Force field selected for the aptamer: leaprc.DNA.OL21
Force field selected for the ligand molecule: leaprc.gaff2
Initialized succesfully!
2023-08-29 17:52:28.372018: starting initial step for 'G'
2023-08-29 17:52:30.236034: starting initial step for 'A'
2023-08-29 17:52:32.048899: starting initial step for 'T'
2023-08-29 17:52:33.896552: starting initial step for 'C'
2023-08-29 17:52:35.710858: Completed first step. Selected nucleotide: C
2023-08-29 17:52:35.710877: Starting further steps to append 5 nucleotides
2023-08-29 17:55:25.985595: Completed step 2. Selected sequence: G C
2023-08-29 18:00:09.629456: Completed step 3. Selected sequence: T G C
2023-08-29 18:06:45.486583: Completed step 4. Selected sequence: A T G C
2023-08-29 18:16:09.925799: Completed step 5. Selected sequence: G A T G C
2023-08-29 18:28:38.768755: Completed step 6. Selected sequence: G A T G C G
2023-08-29 18:28:40.507412: Run completed. Thank you for using MAWS!

Final sequence: G A T G C G
