SEQUENCE: G ENTROPY: -1.02000706896342107829921651204934828758483496357490900916134 ENERGY: 134.35203350268057
SEQUENCE: A ENTROPY: -0.632404008210807220484809979127275834453308499795468047182018 ENERGY: 360.918547418319
SEQUENCE: T ENTROPY: -1.00674423816477274741821021711600426231092463661086861161968 ENERGY: 530.0903655875604
SEQUENCE: C ENTROPY: -1.04282081785744187850847768164699576829656096863420230544462 ENERGY: -8.892957036978885
SEQUENCE: C G ENTROPY: -2.15148688807560128129471953427713503335861080100512225486256 ENERGY: -1310.0740547050118
SEQUENCE: G C ENTROPY: -2.30258509299404568401799145468436420760110148862877297603333 ENERGY: 501.0142269802798
SEQUENCE: C A ENTROPY: -1.36702110056980603646723536218468460339582816350880421357928 ENERGY: -1035.0680152053153
SEQUENCE: A C ENTROPY: -2.30257820616896922361800344480496266608845463064224798683136 ENERGY: 769.6310526691523
SEQUENCE: C T ENTROPY: -2.30257005131677292578616000174630464072396023573378588015898 ENERGY: -745.6743406771461
SEQUENCE: T C ENTROPY: -2.30258509299404568401799145468436420760110148862877297603333 ENERGY: 44767.21290380877
SEQUENCE: C C ENTROPY: -1.07978327466948098886014525256473398247990723429992033956915 ENERGY: -1335.3571861454868
SEQUENCE: C C ENTROPY: -2.30258509299404568401799145468436420760110148862877297603333 ENERGY: 2587.7493562498885
SEQUENCE: G C G ENTROPY: -1.51995836947761736869646792288511918118936643809199954445299 ENERGY: -2242.083169173353
SEQUENCE: G G C ENTROPY: -2.30258504186497087233885522403751242792927941924303470752 ENERGY: -202.78554995696436
SEQUENCE: G C A ENTROPY: -2.30258509183917208014268362006334836294344220737459486557139 ENERGY: -1838.4768513255124
SEQUENCE: A G C ENTROPY: -2.30258473570672237069775508729573100977258827144785695101823 ENERGY: 3027.6475449370114
SEQUENCE: G C T ENTROPY: -1.81049235121077562272073072656862733275264474039550060263536 ENERGY: -1760.1999966879803
SEQUENCE: T G C ENTROPY: -2.30258509299404551709999836207621640527094304445809153109603 ENERGY: -550.659942725357
SEQUENCE: G C C ENTROPY: -1.73911706873281427518752477363202857890173874825412413441955 ENERGY: -2389.2712819051394
SEQUENCE: C G C ENTROPY: -2.28632606493664007043841557518589684486042897671411902241714 ENERGY: 43544.990356356764
SEQUENCE: T G C G ENTROPY: -1.35650966508255160801070293852197604378498796930872903353223 ENERGY: -2858.7757947045807
SEQUENCE: G T G C ENTROPY: -2.30258509299404568401799145468418260180229970462140154695023 ENERGY: -1706.8550471241383
SEQUENCE: T G C A ENTROPY: -2.1056502348665556857403245617509701389682829348024886439554 ENERGY: -2633.5041926835816
SEQUENCE: A T G C ENTROPY: -2.30258509299404568401799145468436420760110148862877297603333 ENERGY: 59052.93207067639
SEQUENCE: T G C T ENTROPY: -2.30044985007750937023284759414406392741633812453694149924071 ENERGY: -1920.0698777382618
SEQUENCE: T T G C ENTROPY: -2.03430423753361421277612509037746521630132028946350016177511 ENERGY: -274.1418520557113
SEQUENCE: T G C C ENTROPY: -1.4121711592903854907526430867878577754060645466185011184013 ENERGY: -2847.5061305155946
SEQUENCE: C T G C ENTROPY: -2.30258508363973131542900886918737161602775088944624240057843 ENERGY: 62022.695030799034
SEQUENCE: A T G C G ENTROPY: -2.29815040461532449966469635720527951435078920724833681566766 ENERGY: -1910.5992364144624
SEQUENCE: G A T G C ENTROPY: -2.30258509299404568401799145468436420760109558052583516707557 ENERGY: 470.3737168473672
SEQUENCE: A T G C A ENTROPY: -2.30258509299139795795465101497167386710440863979442362419031 ENERGY: -3290.192723615413
SEQUENCE: A A T G C ENTROPY: -1.98809580768057027093470420413720948931675883029828287746489 ENERGY: 25743.08111618628
SEQUENCE: A T G C T ENTROPY: -2.29987117005249111137115563087274008525517668659113834108193 ENERGY: -2308.3650529910583
SEQUENCE: T A T G C ENTROPY: -2.30258194414277285245603335194379529595760619428541085412962 ENERGY: 1044.1384592268423
SEQUENCE: A T G C C ENTROPY: -2.16642793991254792366069876684740370847993918324209674085421 ENERGY: -3634.979175491553
SEQUENCE: C A T G C ENTROPY: -2.30258509299404568401799145468431274077625498713648482744602 ENERGY: 25245.332984705106
SEQUENCE: G A T G C G ENTROPY: -2.30258509299404568401799145468436420760110148862877297603333 ENERGY: -2405.4502448845265
SEQUENCE: G G A T G C ENTROPY: -1.62368321137455474146601274055641320485237780859105733833166 ENERGY: -519.1044672555281
SEQUENCE: G A T G C A ENTROPY: -2.08586597500585704713697267850928668931164900681507724974478 ENERGY: -4306.749964232857
SEQUENCE: A G A T G C ENTROPY: -2.30258509299404568401799145468436420760110148862877297603333 ENERGY: -228.33174178797435
SEQUENCE: G A T G C T ENTROPY: -2.3025850656383899693992518823559021607473765619488288245342 ENERGY: -1605.2318695553672
SEQUENCE: T G A T G C ENTROPY: -2.30258509299404568138092053168758472295113802837201966754731 ENERGY: 66757.8160617694
SEQUENCE: G A T G C C ENTROPY: -2.22169875597959932652897397652711657137995815213699558343375 ENERGY: -4636.532328114241
SEQUENCE: C G A T G C ENTROPY: -2.30258473038971010370130699398470191578566123550283194315004 ENERGY: -3547.150039173353
