/zhome/2e/2/164651/miniconda3/envs/maws_p3/bin/python

Welcome to antechamber 22.0: molecular input file processor.

Info: acdoctor mode is on: check and diagnose problems in the input file.
Info: The atom type is set to gaff; the options available to the -at flag are
      gaff, gaff2, amber, bcc, and sybyl.

-- Check Format for pdb File --
   Status: pass
-- Check Unusual Elements --
   Status: pass
-- Check Open Valences --
   Status: pass
-- Check Geometry --
      for those bonded   
      for those not bonded   
   Status: pass
-- Check Weird Bonds --
   Status: pass
-- Check Number of Units --
   Status: pass
acdoctor mode has completed checking the input file.

Info: Total number of electrons: 200; net charge: 0

Running: /zhome/2e/2/164651/miniconda3/envs/maws_p3/bin/sqm -O -i sqm.in -o sqm.out

-I: Adding /zhome/2e/2/164651/miniconda3/envs/maws_p3/dat/leap/prep to search path.
-I: Adding /zhome/2e/2/164651/miniconda3/envs/maws_p3/dat/leap/lib to search path.
-I: Adding /zhome/2e/2/164651/miniconda3/envs/maws_p3/dat/leap/parm to search path.
-I: Adding /zhome/2e/2/164651/miniconda3/envs/maws_p3/dat/leap/cmd to search path.
-f: Source pfoa.in.

Welcome to LEaP!
(no leaprc in search path)
Sourcing: ./pfoa.in

/zhome/2e/2/164651/miniconda3/envs/maws_p3/bin/teLeap: Fatal Error!
Could not open file leaprc.ff12SB: not found

Exiting LEaP: Errors = 1; Warnings = 0; Notes = 0.

------------------------------------------------------------
Sender: LSF System <lsfadmin@hpc.dtu.dk>
Subject: Job 17092292: <maws_trash_pfoa> in cluster <dcc> Exited

Job <maws_trash_pfoa> was submitted from host <gbarlogin2> by user <s212514> in cluster <dcc> at Wed Aug  9 10:19:25 2023
Job was executed on host(s) <4*n-62-29-19>, in queue <hpc>, as user <s212514> in cluster <dcc> at Wed Aug  9 10:19:25 2023
</zhome/2e/2/164651> was used as the home directory.
</zhome/2e/2/164651/iGEM/heidelberg_maws> was used as the working directory.
Started at Wed Aug  9 10:19:25 2023
Terminated at Wed Aug  9 10:21:26 2023
Results reported at Wed Aug  9 10:21:26 2023

Your job looked like:

------------------------------------------------------------
# LSBATCH: User input
#!/bin/sh 
### General options 
### -- specify queue -- 
#BSUB -q hpc
### -- set the job Name -- 
#BSUB -J maws_trash_pfoa
### -- ask for number of cores (default: 1) -- 
#BSUB -n 4 
### -- specify that the cores must be on the same host -- 
#BSUB -R "span[hosts=1]"
### -- specify that we need 4GB of memory per core/slot -- 
#BSUB -R "rusage[mem=3GB]"
### -- specify that we want the job to get killed if it exceeds 3 GB per core/slot -- 
#BSUB -M 3GB
### -- set walltime limit: hh:mm -- 
#BSUB -W 24:00
### -- set the email address -- 
# please uncomment the following line and put in your e-mail address,
# if you want to receive e-mail notifications on a non-default address
##BSUB -u your_email_address
### -- send notification at start -- 
##BSUB -B 
### -- send notification at completion -- 
##BSUB -N 
### -- Specify the output and error file. %J is the job-id -- 
### -- -o and -e mean append, -oo and -eo mean overwrite -- 
#BSUB -o maws_trash_pfoa_%J.out 
#BSUB -e maws_trash_pfoa_%J.err 

# here follow the commands you want to execute with input.in as the input file

# Path to your Conda environment (replace with the actual path)
conda_env_path="/zhome/2e/2/164651/miniconda3/envs/maws_p3"

# Set environment variables to activate the Conda environment
export CONDA_PREFIX="$conda_env_path"
export PATH="$conda_env_path/bin:$PATH"
export PS1="($maws_p3) $PS1"

# Check it is using the conda env
result=$(which python)
echo "$result"

# Run MAWS
python MAWS2017.py -p pfoa.pdb -n maws_trash_aptamer -t 5

------------------------------------------------------------

Exited with exit code 1.

Resource usage summary:

    CPU time :                                   72.98 sec.
    Max Memory :                                 20 MB
    Average Memory :                             19.00 MB
    Total Requested Memory :                     12288.00 MB
    Delta Memory :                               12268.00 MB
    Max Swap :                                   -
    Max Processes :                              4
    Max Threads :                                5
    Run time :                                   196 sec.
    Turnaround time :                            121 sec.

The output (if any) is above this job summary.



PS:

Read file <maws_trash_pfoa_17092292.err> for stderr output of this job.

