            --------------------------------------------------------
                             AMBER SQM VERSION 19
 
                                     By
              Ross C. Walker, Michael F. Crowley, Scott Brozell,
                         Tim Giese, Andreas W. Goetz,
                        Tai-Sung Lee and David A. Case
 
            --------------------------------------------------------
 

--------------------------------------------------------------------------------
  QM CALCULATION INFO
--------------------------------------------------------------------------------

| QMMM: Citation for AMBER QMMM Run:
| QMMM: R.C. Walker, M.F. Crowley and D.A. Case, J. COMP. CHEM. 29:1019, 2008

QMMM: SINGLET STATE CALCULATION
QMMM: RHF CALCULATION, NO. OF DOUBLY OCCUPIED LEVELS = 75

| QMMM: *** Selected Hamiltonian *** 
| QMMM: AM1         

| QMMM: *** Parameter sets in use ***
| QMMM: F : M.J.S.DEWAR et al. THEOCHEM, 180, 1, (1988)
| QMMM: O : M.J.S.DEWAR et al. JACS, 107, 3902, (1985)
| QMMM: C : M.J.S.DEWAR et al. JACS, 107, 3902, (1985)
| QMMM: H : M.J.S.DEWAR et al. JACS, 107, 3902, (1985)

| QMMM: *** SCF convergence criteria ***
| QMMM: Energy change                :  0.1D-09 kcal/mol
| QMMM: Error matrix |FP-PF|         :  0.1D+00 au
| QMMM: Density matrix change        :  0.5D-06
| QMMM: Maximum number of SCF cycles :     1000

| QMMM: *** Diagonalization Routine Information ***
| QMMM: Pseudo diagonalizations are allowed.
| QMMM: Auto diagonalization routine selection is in use.
| QMMM:
| QMMM: Timing diagonalization routines:
| QMMM:                              norbs =      101
| QMMM:    diag iterations used for timing =       10
| QMMM:
| QMMM:              Internal diag routine = 0.032329 seconds
| QMMM:                 Dspev diag routine = 0.028851 seconds
| QMMM:                Dspevd diag routine = 0.019496 seconds
| QMMM:                Dspevx diag routine = 0.098771 seconds
| QMMM:                 Dsyev diag routine = 0.032050 seconds
| QMMM:                Dsyevd diag routine = 0.023084 seconds
| QMMM:                Dsyevr diag routine = 0.025357 seconds
| QMMM:
| QMMM:                Pseudo diag routine = 0.006609 seconds
| QMMM:
| QMMM: Using dspevd routine (diag_routine=3).

  QMMM: QM Region Cartesian Coordinates (*=link atom) 
  QMMM: QM_NO.   MM_NO.  ATOM         X         Y         Z
  QMMM:     1        1      F       -1.0540    1.9480   -0.2010
  QMMM:     2        2      F        0.5430    1.2580   -1.5030
  QMMM:     3        3      F        1.2220    1.6490    1.0780
  QMMM:     4        4      F       -0.3330    0.2930    1.7580
  QMMM:     5        5      F       -1.8210    0.1670   -2.1650
  QMMM:     6        6      F       -0.4530   -1.3200   -1.3550
  QMMM:     7        7      F        2.0670   -0.7620    1.9160
  QMMM:     8        8      F        0.8060   -1.7940    0.4870
  QMMM:     9        9      F       -2.9830   -1.7150   -0.6820
  QMMM:    10       10      F       -1.6930   -1.3050    1.0210
  QMMM:    11       11      F        2.1050   -0.6120   -1.6010
  QMMM:    12       12      F        3.3420   -1.7550   -0.2370
  QMMM:    13       13      F       -3.9680    0.8420   -0.5960
  QMMM:    14       14      F       -2.6830    1.3010    1.1090
  QMMM:    15       15      F       -4.1730   -0.2740    1.2670
  QMMM:    16       16      O        4.5700    0.3290    0.6740
  QMMM:    17       17      O        3.3670    1.6770   -0.7040
  QMMM:    18       18      C       -0.2910    0.8600   -0.5110
  QMMM:    19       19      C        0.5310    0.5260    0.7270
  QMMM:    20       20      C       -1.2140   -0.2390   -1.0210
  QMMM:    21       21      C        1.5060   -0.6430    0.6780
  QMMM:    22       22      C       -2.2850   -0.7250   -0.0560
  QMMM:    23       23      C        2.6300   -0.5970   -0.3480
  QMMM:    24       24      C       -3.2790    0.3000    0.4300
  QMMM:    25       25      C        3.5390    0.5910   -0.1670
  QMMM:    26       26      H        5.1530    1.1080    0.7930

--------------------------------------------------------------------------------
  RESULTS
--------------------------------------------------------------------------------

      iter         sqm energy              rms gradient
      ----    -------------------    -----------------------
xmin    10     -777.4300 kcal/mol        0.6428 kcal/(mol*A)
xmin    20     -777.7575 kcal/mol        0.2118 kcal/(mol*A)
xmin    30     -777.7906 kcal/mol        0.0691 kcal/(mol*A)
xmin    40     -777.7968 kcal/mol        0.0536 kcal/(mol*A)
xmin    50     -777.8015 kcal/mol        0.0847 kcal/(mol*A)
xmin    60     -777.8173 kcal/mol        0.1345 kcal/(mol*A)
xmin    70     -777.8270 kcal/mol        0.1040 kcal/(mol*A)
xmin    80     -777.8943 kcal/mol        0.2456 kcal/(mol*A)
xmin    90     -778.2016 kcal/mol        0.4443 kcal/(mol*A)
xmin   100     -779.1240 kcal/mol        1.2817 kcal/(mol*A)
xmin   110     -779.7747 kcal/mol        0.4102 kcal/(mol*A)
xmin   120     -780.0395 kcal/mol        0.3582 kcal/(mol*A)
xmin   130     -780.3987 kcal/mol        0.6886 kcal/(mol*A)
xmin   140     -780.8455 kcal/mol        1.8794 kcal/(mol*A)
xmin   150     -781.3966 kcal/mol        1.1625 kcal/(mol*A)
xmin   160     -781.6757 kcal/mol        0.3914 kcal/(mol*A)
xmin   170     -781.7992 kcal/mol        0.1467 kcal/(mol*A)
xmin   180     -781.8193 kcal/mol        0.2831 kcal/(mol*A)
xmin   190     -781.9030 kcal/mol        0.1326 kcal/(mol*A)
xmin   200     -782.1580 kcal/mol        0.5672 kcal/(mol*A)
xmin   210     -782.3470 kcal/mol        0.4491 kcal/(mol*A)
xmin   220     -782.4160 kcal/mol        0.2466 kcal/(mol*A)
xmin   230     -782.4688 kcal/mol        0.2119 kcal/(mol*A)
xmin   240     -782.4794 kcal/mol        0.1489 kcal/(mol*A)
xmin   250     -782.4804 kcal/mol        0.0238 kcal/(mol*A)
xmin   260     -782.4816 kcal/mol        0.0141 kcal/(mol*A)
xmin   270     -782.4818 kcal/mol        0.0107 kcal/(mol*A)
xmin   280     -782.4819 kcal/mol        0.0012 kcal/(mol*A)
xmin   290     -782.4819 kcal/mol        0.0012 kcal/(mol*A)
xmin   300     -782.4819 kcal/mol        0.0012 kcal/(mol*A)
  ... geometry converged !
 
 Final MO eigenvalues (eV):
 -53.3370  -53.0120  -52.5640  -52.2213  -52.0836  -51.8778  -51.6216  -50.1889
 -49.8759  -49.7210  -49.7157  -49.5861  -49.5674  -49.4181  -49.3520  -41.7167
 -37.9534  -33.7763  -32.6171  -30.8523  -28.7615  -26.7814  -25.3252  -24.3240
 -23.5942  -21.8191  -21.5003  -21.4141  -21.1761  -21.0348  -20.8411  -20.5075
 -20.3955  -20.0280  -19.9254  -19.4466  -19.2717  -19.0486  -19.0080  -18.9358
 -18.7317  -17.2172  -17.1626  -17.1401  -17.0152  -16.9840  -16.9391  -16.8714
 -16.7428  -16.4708  -16.3116  -16.2572  -16.1982  -16.1730  -16.1517  -16.0601
 -15.9414  -15.6787  -15.6607  -15.6394  -15.5809  -15.5261  -15.4929  -15.3917
 -15.3805  -15.3590  -15.1152  -14.9892  -14.7264  -14.3259  -13.7714  -13.4834
 -13.1391  -12.6011  -12.2347   -1.1296   -0.8369   -0.4801   -0.1940   -0.0410
   0.0954    0.1704    0.5122    1.4727    1.4913    1.6861    1.7495    1.9276
   2.0344    2.1819    2.2510    2.3015    2.4258    2.5151    2.6199    2.6831
   2.7062    2.7669    3.0024    4.0026    5.4110

 Heat of formation   =       -782.48187407 kcal/mol  (      -33.93096024 eV)

 Total SCF energy    =    -206566.73816048 kcal/mol  (    -8957.40593038 eV)
 Electronic energy   =   -1166633.30387808 kcal/mol  (   -50589.01625593 eV)
 Core-core repulsion =     960066.56571761 kcal/mol  (    41631.61032555 eV)
 
    Atomic Charges for Step       1 :
  Atom    Element       Mulliken Charge
     1      F                 -0.107
     2      F                 -0.108
     3      F                 -0.099
     4      F                 -0.112
     5      F                 -0.108
     6      F                 -0.108
     7      F                 -0.114
     8      F                 -0.111
     9      F                 -0.105
    10      F                 -0.108
    11      F                 -0.114
    12      F                 -0.106
    13      F                 -0.132
    14      F                 -0.129
    15      F                 -0.129
    16      O                 -0.273
    17      O                 -0.284
    18      C                  0.212
    19      C                  0.213
    20      C                  0.209
    21      C                  0.206
    22      C                  0.207
    23      C                  0.269
    24      C                  0.397
    25      C                  0.268
    26      H                  0.264
 Total Mulliken Charge =      -0.000
 
                  X        Y        Z     TOTAL  
  QM DIPOLE     1.910   -0.444    0.405    2.003
 
 Final Structure

  QMMM: QM Region Cartesian Coordinates (*=link atom) 
  QMMM: QM_NO.   MM_NO.  ATOM         X         Y         Z
  QMMM:     1        1      F       -0.9608    1.5871   -0.7158
  QMMM:     2        2      F        0.0994    0.0579   -1.7890
  QMMM:     3        3      F        1.1436    1.6434    0.7695
  QMMM:     4        4      F        0.1953    0.0150    1.8010
  QMMM:     5        5      F       -2.0773   -1.2781   -1.3757
  QMMM:     6        6      F       -1.0742   -1.8229    0.4455
  QMMM:     7        7      F        2.4380   -1.1812    1.3570
  QMMM:     8        8      F        1.4935   -1.7107   -0.4981
  QMMM:     9        9      F       -3.2012   -0.9626    1.6103
  QMMM:    10       10      F       -2.3462    0.9997    1.3696
  QMMM:    11       11      F        2.5880    1.1945   -1.3286
  QMMM:    12       12      F        3.5832   -0.6906   -1.5936
  QMMM:    13       13      F       -3.6293    1.0563   -1.3888
  QMMM:    14       14      F       -4.9282    1.0996    0.3662
  QMMM:    15       15      F       -4.6938   -0.7525   -0.7689
  QMMM:    16       16      O        5.3097   -0.1571    0.2961
  QMMM:    17       17      O        4.1256    1.5286    1.1674
  QMMM:    18       18      C       -0.4337    0.3338   -0.5588
  QMMM:    19       19      C        0.7113    0.3599    0.5801
  QMMM:    20       20      C       -1.5891   -0.7401   -0.2148
  QMMM:    21       21      C        1.9347   -0.6255    0.2100
  QMMM:    22       22      C       -2.7770   -0.0815    0.6533
  QMMM:    23       23      C        3.0975    0.1389   -0.6165
  QMMM:    24       24      C       -4.0164    0.3336   -0.2994
  QMMM:    25       25      C        4.1916    0.5976    0.3728
  QMMM:    26       26      H        5.9670    0.1647    0.9402

           --------- Calculation Completed ----------

