SEQUENCE: G ENTROPY: -0.63298531366710763325863927949366651099203366099767263698027 ENERGY: 42.07993642564685
SEQUENCE: A ENTROPY: -0.598501390181166709034551786500255488891908931059071433860657 ENERGY: 256.2116293881602
SEQUENCE: T ENTROPY: -0.853884194281602413166567374067502256828870236179784937324918 ENERGY: 461.02315012806525
SEQUENCE: C ENTROPY: -0.843797336351081512948572592187889281605491098460750115792644 ENERGY: -87.89953214817376
SEQUENCE: T G ENTROPY: -2.39601802550140317946025335323725882409554954561636040150478 ENERGY: -944.1574033646203
SEQUENCE: G T ENTROPY: -5.47762259008988103103912658505967104267449477641844094954076 ENERGY: -944.4365603861863
SEQUENCE: T A ENTROPY: -2.31517665685849504350615433618260324710099828897384161332766 ENERGY: -729.7850567768235
SEQUENCE: A T ENTROPY: -5.39940136208361839414847827405850406650856041259370085243387 ENERGY: -626.4433819661526
SEQUENCE: T T ENTROPY: -2.30873671157754356542731655225508432421093338346261834067374 ENERGY: -556.0731528565377
SEQUENCE: T T ENTROPY: -6.09094460233160304842460920409977887775760716478268750709272 ENERGY: -500.0906752795891
SEQUENCE: T C ENTROPY: -2.31360663515052127159142089311267233673033401259054779775099 ENERGY: -1066.160802383926
SEQUENCE: C T ENTROPY: -5.36795638024308083315599191252425757796215348003946396498571 ENERGY: -1017.1829645850687
SEQUENCE: T T G ENTROPY: -3.05659133712757745835854854791536251451275989476919612822466 ENERGY: -1538.6980448892866
SEQUENCE: G T T ENTROPY: -5.59025808196200163506626127691160014366857271774345653765456 ENERGY: -1533.7015763695788
SEQUENCE: T T A ENTROPY: -1.93045614171566964444279498887024490508995566007492516491947 ENERGY: -1304.9842860992953
SEQUENCE: A T T ENTROPY: -6.43623359197236024777934596322618030646657692292879733378921 ENERGY: -1271.7686614176619
SEQUENCE: T T T ENTROPY: -2.27795937513224034493979027277693886244304660020864111036578 ENERGY: -1135.217849378866
SEQUENCE: T T T ENTROPY: -6.24208561710089758560593132701497038010916941219976868336945 ENERGY: -1075.9570430036347
SEQUENCE: T T C ENTROPY: -2.6144177707519071760596767782834520295112126803298948607101 ENERGY: -1681.063445753752
SEQUENCE: C T T ENTROPY: -5.78178101893811871722352615403987756853141696917681889695569 ENERGY: -1600.232341157558
SEQUENCE: A T T G ENTROPY: -1.78305298978919923175943848304056483004729137281049039191048 ENERGY: -2294.639685431499
SEQUENCE: G A T T ENTROPY: -6.48521815799472711410453684427997939979105092118864556352371 ENERGY: -2303.4319652434756
SEQUENCE: A T T A ENTROPY: -1.93862420790205924740195842084568250043222497608048771494058 ENERGY: -2096.2102085415245
SEQUENCE: A A T T ENTROPY: -4.91307597541138449977083914508631181013614677605775975552943 ENERGY: -2119.4763831166056
SEQUENCE: A T T T ENTROPY: -1.76340947203550596476672746875618250010633468392630892964931 ENERGY: -1924.6414341281775
SEQUENCE: T A T T ENTROPY: -6.0704207041511831193884948878624419824145912098571821906099 ENERGY: -1828.9512978572366
SEQUENCE: A T T C ENTROPY: -1.88665135074051233403676479528947483238286133163449141987198 ENERGY: -2435.3447110078305
SEQUENCE: C A T T ENTROPY: -5.70321941470684804373629807751446207527524673847881876597421 ENERGY: -2431.2095337048263
SEQUENCE: G A T T G ENTROPY: -2.13838341171624931001063494115430124834643529060694834527082 ENERGY: -3275.5540480988557
SEQUENCE: G G A T T ENTROPY: -5.87321893495936091042609312415710315384779679207660216940931 ENERGY: -3117.63723931885
SEQUENCE: G A T T A ENTROPY: -2.2579744604726480683539074203609246487447302294419175339478 ENERGY: -3111.957515795564
SEQUENCE: A G A T T ENTROPY: -6.29724855113198547065848767865243721535017792317950039632349 ENERGY: -3057.5761925250927
SEQUENCE: G A T T T ENTROPY: -1.74273359523104555707616786961196500573571383654657029330626 ENERGY: -2862.1358878433557
SEQUENCE: T G A T T ENTROPY: -5.72917404108457775278014379672626901252710806177748226897573 ENERGY: -2841.708195542569
SEQUENCE: G A T T C ENTROPY: -2.21573266911144770388359095709136795781647091011893318010019 ENERGY: -3408.5958597238773
SEQUENCE: C G A T T ENTROPY: -5.6355592614636974672129430617356594412362618608959541279933 ENERGY: -3422.976427482823
SEQUENCE: A G A T T G ENTROPY: -2.17128471390688974161563699984679547143297693115800833563229 ENERGY: -4075.5289284661535
SEQUENCE: G A G A T T ENTROPY: -5.9919334830047263832130114841737331198708736420193969650171 ENERGY: -3993.5598682519617
SEQUENCE: A G A T T A ENTROPY: -2.17364957444241492341528507967425790944725299664377800994896 ENERGY: -3877.6127846432196
SEQUENCE: A A G A T T ENTROPY: -6.49850349304426717991895408418864078973985387330630254167161 ENERGY: -3833.0201118431787
SEQUENCE: A G A T T T ENTROPY: -2.13739783780861836747612121282283731506621790321310191238814 ENERGY: -3673.421453035472
SEQUENCE: T A G A T T ENTROPY: -5.44983446054605535661184140066907018913538364959090139285659 ENERGY: -3634.9906279860033
SEQUENCE: A G A T T C ENTROPY: -2.11062532972144411859822634385750923016741412199814025992346 ENERGY: -4191.937064377676
SEQUENCE: C A G A T T ENTROPY: -5.6856352554207619171407289452638365168476435749849280765898 ENERGY: -4136.376149370048
