SEQUENCE: G ENTROPY: -0.620666823345962161597943116937775552236527181830626577918309 ENERGY: 88.83067141194778
SEQUENCE: A ENTROPY: -0.603185864216568248261389463564339853562227095461302466579677 ENERGY: 299.3273983861807
SEQUENCE: T ENTROPY: -0.89844720899557550824928101193283926659013489487353231227452 ENERGY: 505.66577251503645
SEQUENCE: C ENTROPY: -0.889972892901323816356867501700749121585571326250281449710577 ENERGY: -39.8649186479949
SEQUENCE: T G ENTROPY: -1.52334984525503698186655906662302206003204869104174178997534 ENERGY: -838.0697058730707
SEQUENCE: G T ENTROPY: -5.2344692050658311664010680661427050174063470757239000411773 ENERGY: -853.8861857960665
SEQUENCE: T A ENTROPY: -1.43263957526617038741445923369893533625469960425194826625229 ENERGY: -629.5925543185984
SEQUENCE: A T ENTROPY: -6.04172637828644469247682319237297914375113715773216507485062 ENERGY: -612.2215415955625
SEQUENCE: T T ENTROPY: -1.5598691238351414362479970974654329496862335291820494430494 ENERGY: -453.04804912038753
SEQUENCE: T T ENTROPY: -5.85025030708957507408267917071559575315000940014431920452707 ENERGY: -328.5449810158501
SEQUENCE: T C ENTROPY: -1.46050396826794053117911814212881735565034470982733572017531 ENERGY: -963.3301075757217
SEQUENCE: C T ENTROPY: -5.91638477889289557820161378275447413554693139484461701233861 ENERGY: -926.3406692201587
SEQUENCE: A T G ENTROPY: -2.36237389280945178208835730592035384786381397083669473265186 ENERGY: -1600.17379136164
SEQUENCE: G A T ENTROPY: -5.29921796048888243737137073343889598758953498363531905707391 ENERGY: -1570.7417808470325
SEQUENCE: A T A ENTROPY: -2.77517553861403199754256309178785070555271109193526503340875 ENERGY: -1380.4408361440628
SEQUENCE: A A T ENTROPY: -5.64790782640598383540886963793202951392124818736190968825476 ENERGY: -1362.827559152956
SEQUENCE: A T T ENTROPY: -2.53570530859357501345165006794762053587841163075303668739765 ENERGY: -1203.7964734715138
SEQUENCE: T A T ENTROPY: -5.10767321198737129059000002182600620982427902263629374994428 ENERGY: -1177.5198152284547
SEQUENCE: A T C ENTROPY: -1.97038689957314811344113243760524268229240880269694558747947 ENERGY: -1689.197406400658
SEQUENCE: C A T ENTROPY: -5.44158655210998060579860851287590032500886359212044930035808 ENERGY: -1654.158622541976
SEQUENCE: A A T G ENTROPY: -1.67625616110174051991586212133180098225008984948825145513019 ENERGY: -2323.131722068736
SEQUENCE: G A A T ENTROPY: -5.56456749886577851457376696402378669264265202119573203731701 ENERGY: -2315.6757946431744
SEQUENCE: A A T A ENTROPY: -0.909378754797081785239271886351953392842007669600733370540978 ENERGY: -2121.241007901861
SEQUENCE: A A A T ENTROPY: -5.03146013817252518315891769910057109169127528849924370083804 ENERGY: -2095.21316576887
SEQUENCE: A A T T ENTROPY: -1.12911805097504646612393154591541528372613348940632349729056 ENERGY: -1961.5781929380187
SEQUENCE: T A A T ENTROPY: -4.9937731192026293791831403007267754662824565315771965453445 ENERGY: -1944.3937404983387
SEQUENCE: A A T C ENTROPY: -1.91912196121753416611672211365710691554848146860468603465976 ENERGY: -2471.6448638934567
SEQUENCE: C A A T ENTROPY: -5.08170886712410811403229330360211136952528727062531219724721 ENERGY: -2448.116740731608
SEQUENCE: G A A T G ENTROPY: -2.13402552403870435699013198972101186733083732973290138500052 ENERGY: -3248.8150234456434
SEQUENCE: G G A A T ENTROPY: -4.74278075092728719094911678741133665863716582033593839013088 ENERGY: -3269.479773773564
SEQUENCE: G A A T A ENTROPY: -1.71508510744187945392730918798966004852424141616278001129789 ENERGY: -3102.987493555942
SEQUENCE: A G A A T ENTROPY: -5.8670224165335512721609249353803917038155907680692792852012 ENERGY: -3043.321891793514
SEQUENCE: G A A T T ENTROPY: -2.50598392275745161450245369205487509399941106926474587525853 ENERGY: -2927.8862083690997
SEQUENCE: T G A A T ENTROPY: -6.17799599346320704462058066403728598006144565634743368005141 ENERGY: -2895.676822701171
SEQUENCE: G A A T C ENTROPY: -2.06037519945455008811017857389089288977994305651103466249815 ENERGY: -3410.6997663547654
SEQUENCE: C G A A T ENTROPY: -6.17041576208067686858218176993103303386160464978361706475651 ENERGY: -3343.4305725444274
SEQUENCE: T G A A T G ENTROPY: -1.11878957369668049807815859449254179508838040320736548926055 ENERGY: -3895.430430250033
