MAWS - Making Aptamers With Software
Active version: 2.0 (released:_2017)
Computational method: Kullback-Leibler
Type of aptamer: DNA
Type of ligand molecule: organic
Job: maws_trash_DNA_aptamer
Input file: pfoa.pdb
Sample number in initial step: 5000
Sample number per further steps: 5000
Number of further steps: 5 (sequence length = 6)
Value of beta: 0.01
Start time: 2023-08-29 12:16:20.672336
Force field selected for the aptamer: leaprc.DNA.OL21
Force field selected for the ligand molecule: leaprc.gaff2
Initialized succesfully!
2023-08-29 12:18:23.472070: starting initial step for 'G'
2023-08-29 12:19:56.711874: starting initial step for 'A'
2023-08-29 12:21:27.209637: starting initial step for 'T'
2023-08-29 12:22:57.454777: starting initial step for 'C'
2023-08-29 12:24:21.830841: Completed first step. Selected nucleotide: T
2023-08-29 12:24:21.830865: Starting further steps to append 5 nucleotides
2023-08-29 12:38:35.737314: Completed step 2. Selected sequence: A T
2023-08-29 12:55:24.777960: Completed step 3. Selected sequence: A A T
2023-08-29 13:15:38.440506: Completed step 4. Selected sequence: G A A T
2023-08-29 13:39:55.753798: Completed step 5. Selected sequence: T G A A T
