SEQUENCE: G ENTROPY: -0.345142220057790391246405670478066204676373787637727588870952 ENERGY: 125.78989952947973
SEQUENCE: A ENTROPY: -0.31533407026497048759836350372328301026213413425255549482706 ENERGY: 351.50412558105194
SEQUENCE: U ENTROPY: -0.586305782842346956143428633355653937153176036517196415674204 ENERGY: 438.9259342948967
SEQUENCE: C ENTROPY: -0.5910638452854223913519265563971711200404644141078596712702 ENERGY: 5.452529811453076
SEQUENCE: C G ENTROPY: -1.38779409458456870778396921772919239174710563380174909354221 ENERGY: -1432.9400157952446
SEQUENCE: G C ENTROPY: -5.66567325747961590736947669879308915113355057762021552492099 ENERGY: -1423.147900628036
SEQUENCE: C A ENTROPY: -1.91544337413279317231307712287000561845443794277060630881381 ENERGY: -1224.7779528779379
SEQUENCE: A C ENTROPY: -5.33993926929409056070898939831376956185157422628034068927346 ENERGY: -1214.4559733666156
SEQUENCE: C U ENTROPY: -1.92641747153251026169335897115681765013026441776126384048403 ENERGY: -1140.623653567772
SEQUENCE: U C ENTROPY: -6.28329985280810084046564644259355590077877518629050953668946 ENERGY: -1151.524195463663
SEQUENCE: C C ENTROPY: -1.8970742716871876052823477429698463471441772145714628211669 ENERGY: -1540.969259358321
SEQUENCE: C C ENTROPY: -6.57095226928553763975290979134395112931229482307512794938776 ENERGY: -1505.457569673033
SEQUENCE: C C G ENTROPY: -2.40309315679812472428681657890901070839441905653362904632883 ENERGY: -2573.2806640333242
SEQUENCE: G C C ENTROPY: -6.32886132980431326741990986797786811538549133369825847776116 ENERGY: -2575.9754690275117
SEQUENCE: C C A ENTROPY: -2.71073609072809832313092970843564130098868661299422396602964 ENERGY: -2386.1951296146035
SEQUENCE: A C C ENTROPY: -6.78072427813371526888137008835320316268185069552338670601261 ENERGY: -2294.600582396398
SEQUENCE: C C U ENTROPY: -2.61821786605362347533086020749479862371684562071454523551123 ENERGY: -2290.897625662718
SEQUENCE: U C C ENTROPY: -5.43117066669708334610867486319138653232596624331644240859503 ENERGY: -2195.669094466134
SEQUENCE: C C C ENTROPY: -2.51524628638179770743363919588355165343541077613128673833611 ENERGY: -2725.864226941413
SEQUENCE: C C C ENTROPY: -6.13928474510485085270367175048418313835771995008695754096447 ENERGY: -2507.730931852018
SEQUENCE: A C C G ENTROPY: -2.29857447483721156411131671593872413107419647069529994878246 ENERGY: -3403.165094138357
SEQUENCE: G A C C ENTROPY: -5.35607230150138726359030204417164199049421260454739576944218 ENERGY: -3405.8860682319846
SEQUENCE: A C C A ENTROPY: -2.49135708043691888054821298625372874625930067093960500756981 ENERGY: -3207.2095533993343
SEQUENCE: A A C C ENTROPY: -5.90031372403448307947104533492252730659087690121301161181215 ENERGY: -3169.134281290665
SEQUENCE: A C C U ENTROPY: -2.97401834516151792375210597810950014567571604710190881190953 ENERGY: -3147.478366132393
SEQUENCE: U A C C ENTROPY: -5.6732556053558771285659370884514045384302509140231718080703 ENERGY: -3092.055031389758
SEQUENCE: A C C C ENTROPY: -2.38388595658598942520440819562080278886058345683795501224231 ENERGY: -3556.529468391677
SEQUENCE: C A C C ENTROPY: -5.90332648801622369576019841138948137613509873835823734648465 ENERGY: -3558.195682219128
SEQUENCE: C A C C G ENTROPY: -3.28305556439940978136199662499986663828142750346174589652641 ENERGY: -4505.29450473106
SEQUENCE: G C A C C ENTROPY: -5.3147829503876180727743484937785070326549977312760140285542 ENERGY: -4558.960941761021
SEQUENCE: C A C C A ENTROPY: -2.06269962072861008535409723824995125392837125943303878168614 ENERGY: -4337.156761680352
SEQUENCE: A C A C C ENTROPY: -5.11481141572703758224989986449151397453611083123192004812578 ENERGY: -4365.994751479742
SEQUENCE: C A C C U ENTROPY: -2.66227388358652376857661117221720932784503030640581024311252 ENERGY: -4242.464725863792
SEQUENCE: U C A C C ENTROPY: -5.21651501355838976896241474531989554353660595261179308385023 ENERGY: -4259.271959947953
SEQUENCE: C A C C C ENTROPY: -2.34272058974905934019298315446263212694847952731876656691818 ENERGY: -4724.752401423617
SEQUENCE: C C A C C ENTROPY: -5.76819623263917833940575405119920370885251863272003340912074 ENERGY: -4684.203645904832
SEQUENCE: C C A C C G ENTROPY: -2.4947167452910734490508767723453352006548141363820322907099 ENERGY: -5709.013482665325
SEQUENCE: G C C A C C ENTROPY: -6.00190530660153072570971049583909157013765012298478898515146 ENERGY: -5621.19447206147
SEQUENCE: C C A C C A ENTROPY: -2.75990804440501243366130898152308562126133303248411106627566 ENERGY: -5504.711895954972
SEQUENCE: A C C A C C ENTROPY: -5.91898946835092643889956713313365088259403688753265575932711 ENERGY: -5498.86690776119
SEQUENCE: C C A C C U ENTROPY: -3.46848319752554674979706902893386915106934035439997385847879 ENERGY: -5421.392268440084
SEQUENCE: U C C A C C ENTROPY: -6.38659765620171890339541821799342810280845660883005979346513 ENERGY: -5385.140481589771
SEQUENCE: C C A C C C ENTROPY: -1.55186721688578141536711127794261093577740379271030138277757 ENERGY: -5836.0631025814555
SEQUENCE: C C C A C C ENTROPY: -7.36304077644826381785032216967548001641732900141127241457575 ENERGY: -5723.974308903071
