SEQUENCE: G ENTROPY: -0.604044794443431982753742818372691201930550403784449313891571 ENERGY: 86.5606477416614
SEQUENCE: A ENTROPY: -0.604434783179562601945996046053061905967442004207729808533032 ENERGY: 301.9206226467532
SEQUENCE: T ENTROPY: -0.882535500653901927302071595767338893287735342859277114438322 ENERGY: 506.877486841062
SEQUENCE: C ENTROPY: -0.880773114084818145653540530780388602033587708540984151279753 ENERGY: -44.99336105625383
SEQUENCE: T G ENTROPY: -1.97523628431965613658966172490574269901197805589669144494749 ENERGY: -860.1968664749238
SEQUENCE: G T ENTROPY: -6.40158740401513057691348056643280330381583865724662920571929 ENERGY: -678.500573473542
SEQUENCE: T A ENTROPY: -2.08971727317755467301031980212611137701630972241375259618882 ENERGY: -638.0542117010725
SEQUENCE: A T ENTROPY: -6.40535933470128525742421282861137686097992060756871262382597 ENERGY: -644.0675260010441
SEQUENCE: T T ENTROPY: -1.51559988801724901993719374987411881908328805822033535186461 ENERGY: -446.5476871219464
SEQUENCE: T T ENTROPY: -6.58817495935911098685298260803584261542975116835421437506882 ENERGY: -364.70425705178894
SEQUENCE: T C ENTROPY: -1.94343037557648311684093646189585118044315769099571894313424 ENERGY: -964.187396355294
SEQUENCE: C T ENTROPY: -6.03851613437698787931660345872881136707397417435259692491692 ENERGY: -932.4422457246521
SEQUENCE: T T G ENTROPY: -1.7120601836794613143872865760804389620477574453168446591229 ENERGY: -1436.604992846075
SEQUENCE: G T T ENTROPY: -4.71992780918225937462950997182630818178311435196804944489306 ENERGY: -1426.1568536639386
SEQUENCE: T T A ENTROPY: -1.59102727445714535241480032273626249104975694359906298489716 ENERGY: -1209.0548871580272
SEQUENCE: A T T ENTROPY: -5.12619956171840914814691234490808870636114358019419335234779 ENERGY: -1218.9851121285628
SEQUENCE: T T T ENTROPY: -1.49422627834973488376099278692210513606044723203942940323814 ENERGY: -1045.4496964653133
SEQUENCE: T T T ENTROPY: -5.5307451307538950582032716069933763843882425823544455813876 ENERGY: -1036.427095202736
SEQUENCE: T T C ENTROPY: -1.50995046355607322141112648432431719301061090241899273954956 ENERGY: -1563.8646179872358
SEQUENCE: C T T ENTROPY: -5.87905363799014867797766527802817431809507586516965961864056 ENERGY: -1428.0782077028784
SEQUENCE: C T T G ENTROPY: -2.5164720736167950236971697516463584540518446310777193666031 ENERGY: -2477.901199962992
SEQUENCE: G C T T ENTROPY: -5.49300266703072229288736379390229970497418192341867611001559 ENERGY: -2449.249938677205
SEQUENCE: C T T A ENTROPY: -3.4959103593047375863857959087594291931583453974761618467186 ENERGY: -2276.19082049056
SEQUENCE: A C T T ENTROPY: -4.93285786201116274085576261123987303237307198024593441291082 ENERGY: -2289.918897991347
SEQUENCE: C T T T ENTROPY: -2.38232478880187451098440299228605055803365286148318467610723 ENERGY: -2079.480541551036
SEQUENCE: T C T T ENTROPY: -5.21096004641512649779139455837647171901319722760298449796229 ENERGY: -2096.4503658881877
SEQUENCE: C T T C ENTROPY: -2.98444706658835375399776076230239356106214616769803986917613 ENERGY: -2613.5444706599383
SEQUENCE: C C T T ENTROPY: -5.65165204197964743519428542042781153239325756065285391446866 ENERGY: -2598.431662227076
SEQUENCE: C C T T G ENTROPY: -3.49953641046180499046893950779258195170508711350712875312738 ENERGY: -3558.9453725448325
SEQUENCE: G C C T T ENTROPY: -6.57775805876435863607337065943811726796591823275367475674124 ENERGY: -3520.764838542987
SEQUENCE: C C T T A ENTROPY: -3.08163044672560887033952791185883841437248354321024116588299 ENERGY: -3373.394548055927
SEQUENCE: A C C T T ENTROPY: -7.60887384520774697113205923828951845865233963904161895643688 ENERGY: -3228.1406248099647
SEQUENCE: C C T T T ENTROPY: -2.76810848803377181202841678062717524023479085994754040446384 ENERGY: 1784.4972842141588
SEQUENCE: T C C T T ENTROPY: -6.40851308762837865622737512768339903445193786141276038642818 ENERGY: -3080.6847028436523
SEQUENCE: C C T T C ENTROPY: -2.07225522490311032760292091193932480781808678099161571673549 ENERGY: -3680.824023166423
SEQUENCE: C C C T T ENTROPY: -6.00129421947510421823652982527908628582904010792158526875877 ENERGY: -3643.778675176748
SEQUENCE: A C C T T G ENTROPY: -2.71552206503101804630993516079688298217257453445750773201539 ENERGY: -4365.359102848397
SEQUENCE: G A C C T T ENTROPY: -5.2498708406768975892822041840478441330853337007589336260785 ENERGY: -4311.781829846221
SEQUENCE: A C C T T A ENTROPY: -2.13873771053910618803335055601994269540862089806122619336776 ENERGY: -4139.3425692506535
SEQUENCE: A A C C T T ENTROPY: -5.35675164991406116886346361194705818475823662876569986361385 ENERGY: -4135.441565557985
SEQUENCE: A C C T T T ENTROPY: -2.66432904475537147342150039321506934210751777974275798729317 ENERGY: -3990.3273216120588
SEQUENCE: T A C C T T ENTROPY: -5.34706926337559213195974023093096860359153127160367591464253 ENERGY: -3918.1215375326974
SEQUENCE: A C C T T C ENTROPY: -2.67185540142103536643276315362223940700536986478521031914449 ENERGY: -4504.212826209713
SEQUENCE: C A C C T T ENTROPY: -5.24258681729147477225588155796774109618234025945549718672898 ENERGY: -4427.820293511944
SEQUENCE: A A C C T T G ENTROPY: -1.51566330594271712317527851780404132927867774168174326248413 ENERGY: -5086.969997688537
SEQUENCE: G A A C C T T ENTROPY: -5.0732115452802634541783286769650239973586812153393754183779 ENERGY: -5075.158225905
SEQUENCE: A A C C T T A ENTROPY: -1.63454596776929274332345835269387984911358477928890931841326 ENERGY: -4880.684810651543
SEQUENCE: A A A C C T T ENTROPY: -5.01779171085552141931837784768365796538227535619640804347002 ENERGY: -4838.108018969771
SEQUENCE: A A C C T T T ENTROPY: -2.06606431673253669578776124154552008072763491165332434547047 ENERGY: -4713.536777926566
SEQUENCE: T A A C C T T ENTROPY: -5.03592158722994334353456724961315579716873777849486908703023 ENERGY: -4644.153432628173
SEQUENCE: A A C C T T C ENTROPY: -2.01442757230873097363154627409514023299356604461340557532648 ENERGY: -5232.749367581792
SEQUENCE: C A A C C T T ENTROPY: -5.32885622569316403007383529367271281705938681440804723727608 ENERGY: -5225.387774109842
SEQUENCE: C A A C C T T G ENTROPY: -2.88467381450957276607590214891351434027668500281612657836222 ENERGY: -6134.675284140276
SEQUENCE: G C A A C C T T ENTROPY: -5.12492873160305515806798443029911620397623003925158426748104 ENERGY: -6155.77597157907
SEQUENCE: C A A C C T T A ENTROPY: -2.87644363298664063136905132719225793190448698325779110396317 ENERGY: -5988.11796867295
SEQUENCE: A C A A C C T T ENTROPY: -6.20596847931159702466291377416039460711068624587486824208494 ENERGY: -5943.205656619348
SEQUENCE: C A A C C T T T ENTROPY: -2.4958016399693213924550554891442023686958425117631624825486 ENERGY: -5803.454633984981
SEQUENCE: T C A A C C T T ENTROPY: -5.55984125976468494133677332392923488846343668473943921910919 ENERGY: -5774.853738287045
SEQUENCE: C A A C C T T C ENTROPY: -2.62781093892626789087321719348007361385649310065721975760308 ENERGY: -6319.793851271623
SEQUENCE: C C A A C C T T ENTROPY: -5.80447078768502390550082053972614407544691199946176762106208 ENERGY: -6236.801249715207
SEQUENCE: A C A A C C T T G ENTROPY: -2.34345482114919313613256381612495900411504375188792832581237 ENERGY: -6916.139704318074
SEQUENCE: G A C A A C C T T ENTROPY: -7.11463757512059064698098214488911016345566494814570488689535 ENERGY: -6787.731919825621
SEQUENCE: A C A A C C T T A ENTROPY: -2.87972452998647941749504577315496664884914929290089199932241 ENERGY: -6708.260027440577
SEQUENCE: A A C A A C C T T ENTROPY: -6.73684523931596624558397660169799790124896573086412047446275 ENERGY: -6563.346583575272
SEQUENCE: A C A A C C T T T ENTROPY: -2.71705700182800009113281564457840554462879110877092154433855 ENERGY: -6471.002879492227
SEQUENCE: T A C A A C C T T ENTROPY: -7.50991557546869231933156559669748434990086443296628501587555 ENERGY: -6467.757942085826
SEQUENCE: A C A A C C T T C ENTROPY: -2.40685095895181218495571288893301066876955821520859492648955 ENERGY: -7048.054000329196
SEQUENCE: C A C A A C C T T ENTROPY: -6.676162504796545225848375039473872471902589051964282811112 ENERGY: -6992.661967082458
SEQUENCE: T A C A A C C T T G ENTROPY: -2.78386162632420829335216076687023835550422747172290705675742 ENERGY: -7350.503089315165
SEQUENCE: G T A C A A C C T T ENTROPY: -5.06017309962630988439220424844594891044662201815244974104876 ENERGY: -7443.752409841263
SEQUENCE: T A C A A C C T T A ENTROPY: -1.4654265240359934787830244959454517283523236326761164327616 ENERGY: -7196.211865250444
SEQUENCE: A T A C A A C C T T ENTROPY: -4.73046034540327483656790811532368373649830171534308523811476 ENERGY: -7229.510822237893
SEQUENCE: T A C A A C C T T T ENTROPY: -2.13975164687989578342231048527555682743164772274277273036261 ENERGY: -7020.465578768219
SEQUENCE: T T A C A A C C T T ENTROPY: -4.973366682162633026049283709917128029094612665207377667437 ENERGY: -7064.737735462761
SEQUENCE: T A C A A C C T T C ENTROPY: -3.46915168109237587428642183534384325521144662346831684181817 ENERGY: -2342.375600441901
SEQUENCE: C T A C A A C C T T ENTROPY: -4.72364802206943675142078231738020160350796053013610879359281 ENERGY: -7582.715188469898
SEQUENCE: G T A C A A C C T T G ENTROPY: -2.18992691662501537392215349840872443252571350855529947115183 ENERGY: -8443.903253719183
SEQUENCE: G G T A C A A C C T T ENTROPY: -5.24435123135226945029474629828685779772628480162698976453319 ENERGY: -8410.27782572513
SEQUENCE: G T A C A A C C T T A ENTROPY: -2.36752367241374184870307337619742820967460747376868249673221 ENERGY: -8200.652648727342
SEQUENCE: A G T A C A A C C T T ENTROPY: -4.89382691046848040372882272490804864976346962715096349102749 ENERGY: -8178.160419295293
SEQUENCE: G T A C A A C C T T T ENTROPY: -2.29442338596626850943523062472010831416847495780383010572193 ENERGY: -8036.543222152743
SEQUENCE: T G T A C A A C C T T ENTROPY: -5.28537804068844713160553870114739873771825838192487759212207 ENERGY: -8007.739321924113
SEQUENCE: G T A C A A C C T T C ENTROPY: -2.55455451563385338331137484696148885078384878308113812444676 ENERGY: -8528.52351102253
SEQUENCE: C G T A C A A C C T T ENTROPY: -5.36040015211952557599143064699041616519262589188329444944798 ENERGY: -8471.326695866432
SEQUENCE: C G T A C A A C C T T G ENTROPY: -2.68396735970495247180841111464340349993800759605893484520474 ENERGY: -9499.021801242268
SEQUENCE: G C G T A C A A C C T T ENTROPY: -5.42068027337587927352238192077607411378799123435024407252768 ENERGY: -9430.2276654446
SEQUENCE: C G T A C A A C C T T A ENTROPY: -1.64745332007267641532689485989955515443324279898282392761504 ENERGY: -9273.218961120405
SEQUENCE: A C G T A C A A C C T T ENTROPY: -5.07257944174344248815861119314160960731634039761500852043107 ENERGY: -9279.731492477098
SEQUENCE: C G T A C A A C C T T T ENTROPY: -1.57490284910738106030797072667426085102356442206846257906561 ENERGY: -9103.799158818745
SEQUENCE: T C G T A C A A C C T T ENTROPY: -5.82164484749251434521245258671442676641286173068659915095454 ENERGY: -9112.298412466615
SEQUENCE: C G T A C A A C C T T C ENTROPY: -1.57710791582221921794101349231965252465653568362917321240346 ENERGY: -9630.657086868458
SEQUENCE: C C G T A C A A C C T T ENTROPY: -5.10636325576779090387764366009803738158868129001200450406146 ENERGY: -9625.593252141667
SEQUENCE: T C G T A C A A C C T T G ENTROPY: -2.63984919678051937846613707997452520694081472363788058379036 ENERGY: -10021.1736181085
SEQUENCE: G T C G T A C A A C C T T ENTROPY: -5.12417422630400133012216572763396601938018801521651817213507 ENERGY: -10001.789760239766
SEQUENCE: T C G T A C A A C C T T A ENTROPY: -1.52878716653435292897403074629645244529407607635252977627549 ENERGY: -9827.33269984264
SEQUENCE: A T C G T A C A A C C T T ENTROPY: -5.08410676632667067570311461170962423183451686388611099778421 ENERGY: -9820.636861186627
SEQUENCE: T C G T A C A A C C T T T ENTROPY: -2.55504240565473256225697725872126509568800076421916138544131 ENERGY: -9577.385926665627
SEQUENCE: T T C G T A C A A C C T T ENTROPY: -5.03267806965532086000313203522228354047988941090026779693238 ENERGY: -9673.494338745722
SEQUENCE: T C G T A C A A C C T T C ENTROPY: -2.53262099940992600904280382493969387275340841362342632686717 ENERGY: -10191.528692384396
SEQUENCE: C T C G T A C A A C C T T ENTROPY: -5.16509309169318036640763426533137406179951382264536714037858 ENERGY: -10109.150278635858
SEQUENCE: C T C G T A C A A C C T T G ENTROPY: -2.42761258121660421494986548873963957428751920987273928842742 ENERGY: -11137.2289328811
SEQUENCE: G C T C G T A C A A C C T T ENTROPY: -5.91945590245837470436985445651811469184255712137886687731242 ENERGY: -11051.980582783537
SEQUENCE: C T C G T A C A A C C T T A ENTROPY: -2.69588960363218391666228644446224338435637937747498241401208 ENERGY: -10930.320409487123
SEQUENCE: A C T C G T A C A A C C T T ENTROPY: -5.47507089302029359178959506783101098317232380924825926416771 ENERGY: -10850.952639767935
SEQUENCE: C T C G T A C A A C C T T T ENTROPY: -2.59131890938398077377306789452278119961239466681683973524497 ENERGY: -10753.697730298121
SEQUENCE: T C T C G T A C A A C C T T ENTROPY: -5.62753954578571046477410069190003817790280505510067170715417 ENERGY: -10643.764698420826
SEQUENCE: C T C G T A C A A C C T T C ENTROPY: -2.56179774231847529968179899715268527237505980460856739510646 ENERGY: -10966.685635995105
SEQUENCE: C C T C G T A C A A C C T T ENTROPY: -6.68982081041412761386202537117976908872004713312169935882577 ENERGY: -11197.49806216741
SEQUENCE: C C T C G T A C A A C C T T G ENTROPY: -1.72218010525876562782118244924143363656382659973485325645078 ENERGY: -7291.566555355265
SEQUENCE: G C C T C G T A C A A C C T T ENTROPY: -5.22591488165519612476806134083057935430425572008132890318151 ENERGY: -12176.798193778013
SEQUENCE: C C T C G T A C A A C C T T A ENTROPY: -2.00511449164426473163919191441519442757344152262205327299364 ENERGY: -7061.168453971397
SEQUENCE: A C C T C G T A C A A C C T T ENTROPY: -5.02057485698716760218488916695573004666463522416916973354768 ENERGY: -11993.31284901518
SEQUENCE: C C T C G T A C A A C C T T T ENTROPY: -1.37539885345443822400483291829563103493163457652224436201282 ENERGY: -11812.957834892888
SEQUENCE: T C C T C G T A C A A C C T T ENTROPY: -5.30718461185362664932079505414376591937855917078488983093652 ENERGY: -11818.640369498235
SEQUENCE: C C T C G T A C A A C C T T C ENTROPY: -2.48624821633136903729501756303145250666643700688082863239952 ENERGY: -12223.886688287992
SEQUENCE: C C C T C G T A C A A C C T T ENTROPY: -5.40180021438724807067208899104119228364292564090563917530801 ENERGY: -12317.464808334551
SEQUENCE: C C C T C G T A C A A C C T T G ENTROPY: -2.67599095638879875895018749418810105391409851452826333505397 ENERGY: -13275.865276013661
SEQUENCE: G C C C T C G T A C A A C C T T ENTROPY: -5.63506822630814474788159720986119649645524213793433183325226 ENERGY: -13277.213453337148
SEQUENCE: C C C T C G T A C A A C C T T A ENTROPY: -2.71679452121350869463191112402744156935134786306523460514724 ENERGY: -13071.752036240587
SEQUENCE: A C C C T C G T A C A A C C T T ENTROPY: -4.71720919469965683254400391987479894032175927528668648845575 ENERGY: -13033.750929236005
SEQUENCE: C C C T C G T A C A A C C T T T ENTROPY: -2.49562726948822282403883166786908052717696933795956467264617 ENERGY: -12879.52810451947
SEQUENCE: T C C C T C G T A C A A C C T T ENTROPY: -5.10226417701198221851418436376896495344203994157384164706607 ENERGY: -12849.515909120924
SEQUENCE: C C C T C G T A C A A C C T T C ENTROPY: -2.41820683623578540136292975976865328924718662873537074692355 ENERGY: -13408.631674615599
SEQUENCE: C C C C T C G T A C A A C C T T ENTROPY: -5.3845572272428526205968406126822926704796766346581672699856 ENERGY: -13370.023926733214
SEQUENCE: G C C C T C G T A C A A C C T T G ENTROPY: -1.58965480433289499037184450878491498541920976893718913854458 ENERGY: -14192.796737852243
SEQUENCE: G G C C C T C G T A C A A C C T T ENTROPY: -5.14253021709910152796245423295978240718117580204260293312211 ENERGY: -14188.657689185067
SEQUENCE: G C C C T C G T A C A A C C T T A ENTROPY: -1.46063832930732060313520479818421479592895162848101966438897 ENERGY: -14015.676968838176
SEQUENCE: A G C C C T C G T A C A A C C T T ENTROPY: -4.9757299020730626161130343435970619598457913200221328797955 ENERGY: -13933.335118105028
SEQUENCE: G C C C T C G T A C A A C C T T T ENTROPY: -1.59622172371935929352445057091734736055619145659328767441769 ENERGY: -13826.43321176158
SEQUENCE: T G C C C T C G T A C A A C C T T ENTROPY: -5.41662457072331915365724981373709215997316981901934830507774 ENERGY: -13826.86992075916
SEQUENCE: G C C C T C G T A C A A C C T T C ENTROPY: -1.64240311468625321706348166765095241984651635909226990309801 ENERGY: -14363.187939410522
SEQUENCE: C G C C C T C G T A C A A C C T T ENTROPY: -5.39769772491584092320520103982984595033544467387604802403828 ENERGY: -14329.64036087725
SEQUENCE: T G C C C T C G T A C A A C C T T G ENTROPY: -4.30572484615043580511384058967547472645651870909866385291345 ENERGY: -14557.89837000914
SEQUENCE: G T G C C C T C G T A C A A C C T T ENTROPY: -5.84976676421871503956979881190438450897398878284687515998738 ENERGY: -14760.018085792688
SEQUENCE: T G C C C T C G T A C A A C C T T A ENTROPY: -2.35200693848104982550943955674483821447569670170465593757111 ENERGY: -14466.449079701595
SEQUENCE: A T G C C C T C G T A C A A C C T T ENTROPY: -5.68058196756995912628450499992934792321672443884644107441641 ENERGY: -14536.28673522781
SEQUENCE: T G C C C T C G T A C A A C C T T T ENTROPY: -2.83339659179565706267276426120895085600108337758036937841065 ENERGY: -14388.512579307413
SEQUENCE: T T G C C C T C G T A C A A C C T T ENTROPY: -5.57262567173539678015061312401876549030377753299799165292937 ENERGY: -14384.332367502317
SEQUENCE: T G C C C T C G T A C A A C C T T C ENTROPY: -2.13279018620405189354183541029664236449182362175173540126615 ENERGY: -14933.096356386493
SEQUENCE: C T G C C C T C G T A C A A C C T T ENTROPY: -5.01029036184869653783345440389600576516218409190989066764387 ENERGY: -14938.17200047111
SEQUENCE: G T G C C C T C G T A C A A C C T T G ENTROPY: -1.34590070859817524967700197822601499924754663641297462101107 ENERGY: -15728.805483287835
SEQUENCE: G G T G C C C T C G T A C A A C C T T ENTROPY: -5.20390889720484130327724068466013730499658180259178918840855 ENERGY: -15751.715442813536
SEQUENCE: G T G C C C T C G T A C A A C C T T A ENTROPY: -1.18795199366368972806478931880240529200639563684448714564271 ENERGY: -15460.62150644177
SEQUENCE: A G T G C C C T C G T A C A A C C T T ENTROPY: -6.32450373324305169028096776629775223130281425365047733960255 ENERGY: -15435.32842705326
SEQUENCE: G T G C C C T C G T A C A A C C T T T ENTROPY: -1.52044631902912887052812120503361237975659394117941869553157 ENERGY: -15340.029063865899
SEQUENCE: T G T G C C C T C G T A C A A C C T T ENTROPY: -5.4068728901442412146951874610844831626654205916371195582518 ENERGY: -15319.835622509183
SEQUENCE: G T G C C C T C G T A C A A C C T T C ENTROPY: -1.41529126831672760753077368352312878733967214950828571417273 ENERGY: -15848.728656500427
SEQUENCE: C G T G C C C T C G T A C A A C C T T ENTROPY: -4.97057788736420037460309908176454965786415128879433935811511 ENERGY: -15851.660076549675
SEQUENCE: A G T G C C C T C G T A C A A C C T T G ENTROPY: -2.06305374197771689110723155068016884715145238276842049441403 ENERGY: -16333.337761783034
SEQUENCE: G A G T G C C C T C G T A C A A C C T T ENTROPY: -5.49549592063273448282577402510149705227258618909508865479632 ENERGY: -16448.702412021365
SEQUENCE: A G T G C C C T C G T A C A A C C T T A ENTROPY: -1.20072798752205042475043085756628687761254155753798959540225 ENERGY: -16188.784030577894
SEQUENCE: A A G T G C C C T C G T A C A A C C T T ENTROPY: -5.09873499391642953813457117709469588063156437274453278547277 ENERGY: -16194.723605241155
SEQUENCE: A G T G C C C T C G T A C A A C C T T T ENTROPY: -1.8163353113530983254498125784156982970131909919715411197009 ENERGY: -16004.69284222787
SEQUENCE: T A G T G C C C T C G T A C A A C C T T ENTROPY: -5.24566171611878376585675472390043064768113260421823580345982 ENERGY: -15999.777333546503
SEQUENCE: A G T G C C C T C G T A C A A C C T T C ENTROPY: -1.89962890173237377625773607835125742567925891688699413905166 ENERGY: -16528.31988940333
SEQUENCE: C A G T G C C C T C G T A C A A C C T T ENTROPY: -5.00330079268188985091340763747159621907583401951431579490025 ENERGY: -16504.3865268744
SEQUENCE: G A G T G C C C T C G T A C A A C C T T G ENTROPY: -2.86669208044367680517517357497688353579703736099776323863743 ENERGY: -17405.70426421877
SEQUENCE: G G A G T G C C C T C G T A C A A C C T T ENTROPY: -6.19374822723927126668975163033274176462317871831791907929016 ENERGY: -17300.052296436934
SEQUENCE: G A G T G C C C T C G T A C A A C C T T A ENTROPY: -2.3704635888073552571445352139674224214875313071348752427352 ENERGY: -17188.779624769522
SEQUENCE: A G A G T G C C C T C G T A C A A C C T T ENTROPY: -6.69135800633773551432879478722127579108295102962715146718559 ENERGY: -17060.991869597266
SEQUENCE: G A G T G C C C T C G T A C A A C C T T T ENTROPY: -2.78614740640255873754674618357874863873183043010429528530789 ENERGY: -16968.45203148559
SEQUENCE: T G A G T G C C C T C G T A C A A C C T T ENTROPY: -5.64552013500460078259667776701992353385384496114867132383536 ENERGY: -17017.78265398574
SEQUENCE: G A G T G C C C T C G T A C A A C C T T C ENTROPY: -2.58131109320131463924805108594413180283545365705042199843225 ENERGY: -17488.321623561926
SEQUENCE: C G A G T G C C C T C G T A C A A C C T T ENTROPY: -6.08680243985620443708593549922924676013471096243039470402522 ENERGY: -17569.681868768348
SEQUENCE: A G A G T G C C C T C G T A C A A C C T T G ENTROPY: -1.4643081118606476924920950428852239830396733697458191436559 ENERGY: -18140.19750596526
SEQUENCE: G A G A G T G C C C T C G T A C A A C C T T ENTROPY: -5.97225037944629284131092420262946568258625879128741163820825 ENERGY: -18069.67825668266
SEQUENCE: A G A G T G C C C T C G T A C A A C C T T A ENTROPY: -1.62125422253984066870648724798260769429044498818766158460706 ENERGY: -17882.746922936283
SEQUENCE: A A G A G T G C C C T C G T A C A A C C T T ENTROPY: -6.00708544399360580903883546470249484295317501720673553917843 ENERGY: -17897.426751537514
SEQUENCE: A G A G T G C C C T C G T A C A A C C T T T ENTROPY: -1.53630109445408888269012044403456016359139243670087052736053 ENERGY: -17723.211562493278
SEQUENCE: T A G A G T G C C C T C G T A C A A C C T T ENTROPY: -5.89683053475393276062144929526955451844507692268413268913647 ENERGY: -17656.127737631177
SEQUENCE: A G A G T G C C C T C G T A C A A C C T T C ENTROPY: -1.51483359558119247624284458482182566123013735350937484850949 ENERGY: -18241.604500149468
SEQUENCE: C A G A G T G C C C T C G T A C A A C C T T ENTROPY: -5.15715870159819803101945129806052538336582703259256930013666 ENERGY: -18236.05840013548
SEQUENCE: A A G A G T G C C C T C G T A C A A C C T T G ENTROPY: -1.54482648897728364598224953479831642354497488913848097882927 ENERGY: -18810.43908875695
SEQUENCE: G A A G A G T G C C C T C G T A C A A C C T T ENTROPY: -5.02678171307661876845096310419225793194874348026042064936297 ENERGY: -18850.749241911217
SEQUENCE: A A G A G T G C C C T C G T A C A A C C T T A ENTROPY: -1.73867065414536054836774579485142456785083346704654245077349 ENERGY: -18591.775016226322
SEQUENCE: A A A G A G T G C C C T C G T A C A A C C T T ENTROPY: -5.22675722489375215069378976632086127811803086229292121834369 ENERGY: -18667.060770421333
SEQUENCE: A A G A G T G C C C T C G T A C A A C C T T T ENTROPY: -1.37504900537282224016556684811117829177440263917180781576721 ENERGY: -18443.972848778947
SEQUENCE: T A A G A G T G C C C T C G T A C A A C C T T ENTROPY: -5.22272338308070268671916039201548167396305603503693310163863 ENERGY: -18452.774757583287
SEQUENCE: A A G A G T G C C C T C G T A C A A C C T T C ENTROPY: -1.54968155703756327452718410114404136347918508339299042274294 ENERGY: -18952.426529105694
SEQUENCE: C A A G A G T G C C C T C G T A C A A C C T T ENTROPY: -5.14769384187584672168083954909215030800342726324388518170762 ENERGY: -18938.67855101536
SEQUENCE: A A A G A G T G C C C T C G T A C A A C C T T G ENTROPY: -2.03870508302164847028562368830579501580272018250256077831641 ENERGY: -19589.237872858765
SEQUENCE: G A A A G A G T G C C C T C G T A C A A C C T T ENTROPY: -6.30660376616042649828504481142337447414581381130570492717263 ENERGY: -19415.31387864087
SEQUENCE: A A A G A G T G C C C T C G T A C A A C C T T A ENTROPY: -1.98079023273220757059435540950255528827442315417727739736383 ENERGY: -19422.425682389992
SEQUENCE: A A A A G A G T G C C C T C G T A C A A C C T T ENTROPY: -6.71954674511264414851153771053650156795936794232577008836385 ENERGY: -19237.240817071084
SEQUENCE: A A A G A G T G C C C T C G T A C A A C C T T T ENTROPY: -2.12889025997487083249645037329611641242221341863633931257976 ENERGY: -19177.63780982503
SEQUENCE: T A A A G A G T G C C C T C G T A C A A C C T T ENTROPY: -7.00742511329339802261652011339669638962070619231392802197153 ENERGY: -19199.308372937972
SEQUENCE: A A A G A G T G C C C T C G T A C A A C C T T C ENTROPY: -2.04604291163473173879171782557553515628403949332367553496562 ENERGY: -19747.244218187407
SEQUENCE: C A A A G A G T G C C C T C G T A C A A C C T T ENTROPY: -6.63102863559248569618292075514417911958422587560062359514837 ENERGY: -19688.552373577015
SEQUENCE: T A A A G A G T G C C C T C G T A C A A C C T T G ENTROPY: -1.99880001398617991127497244901725537399414249144618661737057 ENERGY: -20082.138406019934
SEQUENCE: G T A A A G A G T G C C C T C G T A C A A C C T T ENTROPY: -4.87568577750212969567523612610615726963673595900490602184446 ENERGY: -20122.692918059747
SEQUENCE: T A A A G A G T G C C C T C G T A C A A C C T T A ENTROPY: -1.58031406735487865026929595366990552963666987495103078900533 ENERGY: -15079.968200696589
SEQUENCE: A T A A A G A G T G C C C T C G T A C A A C C T T ENTROPY: -4.99498033093920821897523092087303390516777682915999210439678 ENERGY: -19935.758282831728
SEQUENCE: T A A A G A G T G C C C T C G T A C A A C C T T T ENTROPY: -2.53034701913667246557823260953859380847087889374771399158251 ENERGY: -14787.470411371667
SEQUENCE: T T A A A G A G T G C C C T C G T A C A A C C T T ENTROPY: -5.54254729140474483029198663402203577724298461403752750755238 ENERGY: -19725.495363629674
SEQUENCE: T A A A G A G T G C C C T C G T A C A A C C T T C ENTROPY: -1.85473874977975092121752456058508884535473273164499439706159 ENERGY: -20170.01972809163
SEQUENCE: C T A A A G A G T G C C C T C G T A C A A C C T T ENTROPY: -5.71982765604857794469435106008675995932028166388910567312265 ENERGY: -20352.326254292777
SEQUENCE: C T A A A G A G T G C C C T C G T A C A A C C T T G ENTROPY: -2.68600241091055710017644543014731616004984695393025078365433 ENERGY: -21259.761474139144
SEQUENCE: G C T A A A G A G T G C C C T C G T A C A A C C T T ENTROPY: -5.28806561099269167291934100039103080914194965099036361715025 ENERGY: -21219.233218537986
SEQUENCE: C T A A A G A G T G C C C T C G T A C A A C C T T A ENTROPY: -2.59536292720940849724421222989798277243012441721681609875512 ENERGY: -20992.080601289657
SEQUENCE: A C T A A A G A G T G C C C T C G T A C A A C C T T ENTROPY: -6.45790251831954656265547007384930115635219320627044277376805 ENERGY: -21023.578196088914
SEQUENCE: C T A A A G A G T G C C C T C G T A C A A C C T T T ENTROPY: -1.9885969495200326785370483567169335563467582892746612607683 ENERGY: -20888.49945471681
SEQUENCE: T C T A A A G A G T G C C C T C G T A C A A C C T T ENTROPY: -5.82523878083082654624126869461702734024393871288518955478746 ENERGY: -20806.760566671714
SEQUENCE: C T A A A G A G T G C C C T C G T A C A A C C T T C ENTROPY: -2.52735479441675857586680643414780350175812886288881466307582 ENERGY: -21389.117226406786
SEQUENCE: C C T A A A G A G T G C C C T C G T A C A A C C T T ENTROPY: -5.49864746156748284414297076849332497720114705276899684497734 ENERGY: -21363.603185082335
SEQUENCE: A C T A A A G A G T G C C C T C G T A C A A C C T T G ENTROPY: -2.40261654705428227836183294760067713465396668803678514088681 ENERGY: -21870.8533220165
SEQUENCE: G A C T A A A G A G T G C C C T C G T A C A A C C T T ENTROPY: -6.95248877055446652347491932006302092233732857100405613249639 ENERGY: -21933.106611163654
SEQUENCE: A C T A A A G A G T G C C C T C G T A C A A C C T T A ENTROPY: -2.70134696746195770079239462772969471433936186437734453608013 ENERGY: -21784.198740338983
SEQUENCE: A A C T A A A G A G T G C C C T C G T A C A A C C T T ENTROPY: -6.81218979557014687342251459715087826155859614157469753243484 ENERGY: -21626.91201383408
SEQUENCE: A C T A A A G A G T G C C C T C G T A C A A C C T T T ENTROPY: -2.61464319433196384154601725428080512961248180829332174392218 ENERGY: -21639.92923086619
SEQUENCE: T A C T A A A G A G T G C C C T C G T A C A A C C T T ENTROPY: -6.51996791473373955284589759258735427608556530652206646729237 ENERGY: -21481.017500901602
SEQUENCE: A C T A A A G A G T G C C C T C G T A C A A C C T T C ENTROPY: -2.5010161873710654764114963609750205109555433199937784488324 ENERGY: -22179.534627330577
SEQUENCE: C A C T A A A G A G T G C C C T C G T A C A A C C T T ENTROPY: -6.78755407176179180666306450545554841850119385607661032507952 ENERGY: -22104.133290307116
SEQUENCE: G A C T A A A G A G T G C C C T C G T A C A A C C T T G ENTROPY: -1.58204799237552779495316992206707157781789678973708509776403 ENERGY: -22945.130612635283
SEQUENCE: G G A C T A A A G A G T G C C C T C G T A C A A C C T T ENTROPY: -6.47321348316845636471980257163590298989840116322949039332478 ENERGY: -22924.477958230127
SEQUENCE: G A C T A A A G A G T G C C C T C G T A C A A C C T T A ENTROPY: -1.9340558388671378655711741770583142763998673535071764024558 ENERGY: -22786.131764453025
SEQUENCE: A G A C T A A A G A G T G C C C T C G T A C A A C C T T ENTROPY: -7.27423351551753217596317620909802392509640299228747743733613 ENERGY: -22476.09574793058
SEQUENCE: G A C T A A A G A G T G C C C T C G T A C A A C C T T T ENTROPY: -2.09022132799197591094015404313064357954573933520687617225108 ENERGY: -22511.108872180455
SEQUENCE: T G A C T A A A G A G T G C C C T C G T A C A A C C T T ENTROPY: -6.89077811446056944936888400985596633962025416028017555302785 ENERGY: -22518.278719393387
SEQUENCE: G A C T A A A G A G T G C C C T C G T A C A A C C T T C ENTROPY: -2.67155612674960087486625210150519645000054272131993982721535 ENERGY: -23047.966230901122
SEQUENCE: C G A C T A A A G A G T G C C C T C G T A C A A C C T T ENTROPY: -6.76617717451865974496085043309958534864458193983170541219601 ENERGY: -23050.54387582478
SEQUENCE: A G A C T A A A G A G T G C C C T C G T A C A A C C T T G ENTROPY: -2.0509120271645880734313735846917175463370776282551051011549 ENERGY: -23713.23186595417
SEQUENCE: G A G A C T A A A G A G T G C C C T C G T A C A A C C T T ENTROPY: -6.43665067780930563066500108209648490599011984822117442352738 ENERGY: -23385.171238582436
SEQUENCE: A G A C T A A A G A G T G C C C T C G T A C A A C C T T A ENTROPY: -2.03094724644236328800405893792249075260211062009376269806085 ENERGY: -23447.59293764048
SEQUENCE: A A G A C T A A A G A G T G C C C T C G T A C A A C C T T ENTROPY: -6.52041478496799695149917692786989990773890103676547841791638 ENERGY: -23377.88566813979
SEQUENCE: A G A C T A A A G A G T G C C C T C G T A C A A C C T T T ENTROPY: -2.09905219497068657117843099181251198806536227558060076245871 ENERGY: -23265.05235344929
SEQUENCE: T A G A C T A A A G A G T G C C C T C G T A C A A C C T T ENTROPY: -5.89336992456925501910530540742095253514782462844810455900912 ENERGY: -23195.16596979506
SEQUENCE: A G A C T A A A G A G T G C C C T C G T A C A A C C T T C ENTROPY: -2.00451433482722934094935368050253295605035690024206499320782 ENERGY: -23777.408712089138
SEQUENCE: C A G A C T A A A G A G T G C C C T C G T A C A A C C T T ENTROPY: -6.21799475802001310287995799621376475642487707684098796492498 ENERGY: -23661.045618457803
SEQUENCE: A A G A C T A A A G A G T G C C C T C G T A C A A C C T T G ENTROPY: -1.75123192297175137225177821051308307095225398051058687803582 ENERGY: -24312.942989007475
SEQUENCE: G A A G A C T A A A G A G T G C C C T C G T A C A A C C T T ENTROPY: -5.07461035531532544357896631804738484285139537544451925880369 ENERGY: -24322.238875900388
SEQUENCE: A A G A C T A A A G A G T G C C C T C G T A C A A C C T T A ENTROPY: -1.46429775390856059690616277479184580402382567307599846446689 ENERGY: -24060.75712393368
SEQUENCE: A A A G A C T A A A G A G T G C C C T C G T A C A A C C T T ENTROPY: -5.21777145847995753394700678437884934968961322352728220247668 ENERGY: -24087.385957427097
SEQUENCE: A A G A C T A A A G A G T G C C C T C G T A C A A C C T T T ENTROPY: -1.72076440996973639571432662365820523263555751122663445799467 ENERGY: -23959.119686044163
SEQUENCE: T A A G A C T A A A G A G T G C C C T C G T A C A A C C T T ENTROPY: -5.43204996810390530264017968332856453675713524182682118005785 ENERGY: -23915.144896407757
SEQUENCE: A A G A C T A A A G A G T G C C C T C G T A C A A C C T T C ENTROPY: -1.54270015561434624175880172115785621501928918071514862931548 ENERGY: -24464.828992857794
SEQUENCE: C A A G A C T A A A G A G T G C C C T C G T A C A A C C T T ENTROPY: -5.3296086452134666476676367101085903033894553916170893861767 ENERGY: -24385.326626800117
