MAWS - Making Aptamers With Software
Active version: 2.0 (released:_2017)
Computational method: Kullback-Leibler
Type of aptamer: RNA
Type of ligand molecule: organic
Job: maws_trash_RNA_aptamer
Input file: pfoa.pdb
Sample number in initial step: 5000
Sample number per further steps: 5000
Number of further steps: 5 (sequence length = 6)
Value of beta: 0.01
Start time: 2023-08-29 15:46:12.458548
Force field selected for the aptamer: leaprc.RNA.OL3
Force field selected for the ligand molecule: leaprc.gaff2
Initialized succesfully!
2023-08-29 15:48:37.367804: starting initial step for 'G'
2023-08-29 15:50:24.258982: starting initial step for 'A'
2023-08-29 15:52:08.445511: starting initial step for 'U'
2023-08-29 15:53:42.940766: starting initial step for 'C'
2023-08-29 15:55:20.319365: Completed first step. Selected nucleotide: C
2023-08-29 15:55:20.319393: Starting further steps to append 5 nucleotides
2023-08-29 16:11:35.156242: Completed step 2. Selected sequence: G C
