/zhome/2e/2/164651/miniconda3/envs/maws_p3/bin/python

Welcome to antechamber 22.0: molecular input file processor.

Info: acdoctor mode is on: check and diagnose problems in the input file.
Info: The atom type is set to gaff; the options available to the -at flag are
      gaff, gaff2, amber, bcc, and sybyl.

-- Check Format for pdb File --
   Status: pass
-- Check Unusual Elements --
   Status: pass
-- Check Open Valences --
   Status: pass
-- Check Geometry --
      for those bonded   
      for those not bonded   
   Status: pass
-- Check Weird Bonds --
   Status: pass
-- Check Number of Units --
   Status: pass
acdoctor mode has completed checking the input file.

Info: Total number of electrons: 200; net charge: 0

Running: /zhome/2e/2/164651/miniconda3/envs/maws_p3/bin/sqm -O -i sqm.in -o sqm.out

-I: Adding /zhome/2e/2/164651/miniconda3/envs/maws_p3/dat/leap/prep to search path.
-I: Adding /zhome/2e/2/164651/miniconda3/envs/maws_p3/dat/leap/lib to search path.
-I: Adding /zhome/2e/2/164651/miniconda3/envs/maws_p3/dat/leap/parm to search path.
-I: Adding /zhome/2e/2/164651/miniconda3/envs/maws_p3/dat/leap/cmd to search path.
-f: Source pfoa.in.

Welcome to LEaP!
(no leaprc in search path)
Sourcing: ./pfoa.in
----- Source: /zhome/2e/2/164651/miniconda3/envs/maws_p3/dat/leap/cmd/leaprc.RNA.OL3
----- Source of /zhome/2e/2/164651/miniconda3/envs/maws_p3/dat/leap/cmd/leaprc.RNA.OL3 done
Log file: ./leap.log
Loading parameters: /zhome/2e/2/164651/miniconda3/envs/maws_p3/dat/leap/parm/parm10.dat
Reading title:
PARM99 + frcmod.ff99SB + frcmod.parmbsc0 + OL3 for RNA
Loading library: /zhome/2e/2/164651/miniconda3/envs/maws_p3/dat/leap/lib/RNA.lib
----- Source: /zhome/2e/2/164651/miniconda3/envs/maws_p3/dat/leap/cmd/leaprc.gaff2
----- Source of /zhome/2e/2/164651/miniconda3/envs/maws_p3/dat/leap/cmd/leaprc.gaff2 done
Log file: ./leap.log
Loading parameters: /zhome/2e/2/164651/miniconda3/envs/maws_p3/dat/leap/parm/gaff2.dat
Reading title:
AMBER General Force Field for organic molecules (Version 2.2.20, March 2021)
Loading Mol2 file: ./pfoa.mol2
Reading MOLECULE named PDB
Loading parameters: ./PDB.frcmod
Reading force field modification type file (frcmod)
Reading title:
Remark line goes here
Checking 'PDB'....
Checking parameters for unit 'PDB'.
Checking for bond parameters.
Checking for angle parameters.
Unit is OK.
Building topology.
Building atom parameters.
Writing pdb file: PDB_tmp.pdb
	Quit

Exiting LEaP: Errors = 0; Warnings = 0; Notes = 0.

Welcome to antechamber 22.0: molecular input file processor.

Info: acdoctor mode is on: check and diagnose problems in the input file.
Info: The atom type is set to gaff; the options available to the -at flag are
      gaff, gaff2, amber, bcc, and sybyl.

-- Check Format for pdb File --
   Status: pass
-- Check Unusual Elements --
   Status: pass
-- Check Open Valences --
   Status: pass
-- Check Geometry --
      for those bonded   
      for those not bonded   
   Status: pass
-- Check Weird Bonds --
   Status: pass
-- Check Number of Units --
   Status: pass
acdoctor mode has completed checking the input file.

Info: Total number of electrons: 200; net charge: 0

Running: /zhome/2e/2/164651/miniconda3/envs/maws_p3/bin/sqm -O -i sqm.in -o sqm.out

-I: Adding /zhome/2e/2/164651/miniconda3/envs/maws_p3/dat/leap/prep to search path.
-I: Adding /zhome/2e/2/164651/miniconda3/envs/maws_p3/dat/leap/lib to search path.
-I: Adding /zhome/2e/2/164651/miniconda3/envs/maws_p3/dat/leap/parm to search path.
-I: Adding /zhome/2e/2/164651/miniconda3/envs/maws_p3/dat/leap/cmd to search path.
-f: Source pfoa.in.

Welcome to LEaP!
(no leaprc in search path)
Sourcing: ./pfoa.in
----- Source: /zhome/2e/2/164651/miniconda3/envs/maws_p3/dat/leap/cmd/leaprc.RNA.OL3
----- Source of /zhome/2e/2/164651/miniconda3/envs/maws_p3/dat/leap/cmd/leaprc.RNA.OL3 done
Log file: ./leap.log
Loading parameters: /zhome/2e/2/164651/miniconda3/envs/maws_p3/dat/leap/parm/parm10.dat
Reading title:
PARM99 + frcmod.ff99SB + frcmod.parmbsc0 + OL3 for RNA
Loading library: /zhome/2e/2/164651/miniconda3/envs/maws_p3/dat/leap/lib/RNA.lib
----- Source: /zhome/2e/2/164651/miniconda3/envs/maws_p3/dat/leap/cmd/leaprc.gaff2
----- Source of /zhome/2e/2/164651/miniconda3/envs/maws_p3/dat/leap/cmd/leaprc.gaff2 done
Log file: ./leap.log
Loading parameters: /zhome/2e/2/164651/miniconda3/envs/maws_p3/dat/leap/parm/gaff2.dat
Reading title:
AMBER General Force Field for organic molecules (Version 2.2.20, March 2021)
Loading Mol2 file: ./pfoa.mol2
Reading MOLECULE named PDB
Loading parameters: ./PDB.frcmod
Reading force field modification type file (frcmod)
Reading title:
Remark line goes here
Checking 'PDB'....
Checking parameters for unit 'PDB'.
Checking for bond parameters.
Checking for angle parameters.
Unit is OK.
Building topology.
Building atom parameters.
Writing pdb file: PDB_tmp.pdb
	Quit

Exiting LEaP: Errors = 0; Warnings = 0; Notes = 0.
-I: Adding /zhome/2e/2/164651/miniconda3/envs/maws_p3/dat/leap/prep to search path.
-I: Adding /zhome/2e/2/164651/miniconda3/envs/maws_p3/dat/leap/lib to search path.
-I: Adding /zhome/2e/2/164651/miniconda3/envs/maws_p3/dat/leap/parm to search path.
-I: Adding /zhome/2e/2/164651/miniconda3/envs/maws_p3/dat/leap/cmd to search path.
-f: Source out.in.

Welcome to LEaP!
(no leaprc in search path)
Sourcing: ./out.in
----- Source: /zhome/2e/2/164651/miniconda3/envs/maws_p3/dat/leap/cmd/leaprc.RNA.OL3
----- Source of /zhome/2e/2/164651/miniconda3/envs/maws_p3/dat/leap/cmd/leaprc.RNA.OL3 done
Log file: ./leap.log
Loading parameters: /zhome/2e/2/164651/miniconda3/envs/maws_p3/dat/leap/parm/parm10.dat
Reading title:
PARM99 + frcmod.ff99SB + frcmod.parmbsc0 + OL3 for RNA
Loading library: /zhome/2e/2/164651/miniconda3/envs/maws_p3/dat/leap/lib/RNA.lib
----- Source: /zhome/2e/2/164651/miniconda3/envs/maws_p3/dat/leap/cmd/leaprc.gaff2
----- Source of /zhome/2e/2/164651/miniconda3/envs/maws_p3/dat/leap/cmd/leaprc.gaff2 done
Log file: ./leap.log
Loading parameters: /zhome/2e/2/164651/miniconda3/envs/maws_p3/dat/leap/parm/gaff2.dat
Reading title:
AMBER General Force Field for organic molecules (Version 2.2.20, March 2021)
Loading library: ./PDB.lib
Loading parameters: ./PDB.frcmod
Reading force field modification type file (frcmod)
Reading title:
Remark line goes here
Checking Unit.
Building topology.
Building atom parameters.
Building bond parameters.
Building angle parameters.
Building proper torsion parameters.
Building improper torsion parameters.
 total 1 improper torsion applied
Building H-Bond parameters.
Incorporating Non-Bonded adjustments.
Not Marking per-residue atom chain types.
Marking per-residue atom chain types.
  (Residues lacking connect0/connect1 - 
   these don't have chain types marked:

	res	total affected

	PDB	1
  )
 (no restraints)
	Quit

Exiting LEaP: Errors = 0; Warnings = 0; Notes = 0.
-I: Adding /zhome/2e/2/164651/miniconda3/envs/maws_p3/dat/leap/prep to search path.
-I: Adding /zhome/2e/2/164651/miniconda3/envs/maws_p3/dat/leap/lib to search path.
-I: Adding /zhome/2e/2/164651/miniconda3/envs/maws_p3/dat/leap/parm to search path.
-I: Adding /zhome/2e/2/164651/miniconda3/envs/maws_p3/dat/leap/cmd to search path.
-f: Source out.in.

Welcome to LEaP!
(no leaprc in search path)
Sourcing: ./out.in
----- Source: /zhome/2e/2/164651/miniconda3/envs/maws_p3/dat/leap/cmd/leaprc.RNA.OL3
----- Source of /zhome/2e/2/164651/miniconda3/envs/maws_p3/dat/leap/cmd/leaprc.RNA.OL3 done
Log file: ./leap.log
Loading parameters: /zhome/2e/2/164651/miniconda3/envs/maws_p3/dat/leap/parm/parm10.dat
Reading title:
PARM99 + frcmod.ff99SB + frcmod.parmbsc0 + OL3 for RNA
Loading library: /zhome/2e/2/164651/miniconda3/envs/maws_p3/dat/leap/lib/RNA.lib
----- Source: /zhome/2e/2/164651/miniconda3/envs/maws_p3/dat/leap/cmd/leaprc.gaff2
----- Source of /zhome/2e/2/164651/miniconda3/envs/maws_p3/dat/leap/cmd/leaprc.gaff2 done
Log file: ./leap.log
Loading parameters: /zhome/2e/2/164651/miniconda3/envs/maws_p3/dat/leap/parm/gaff2.dat
Reading title:
AMBER General Force Field for organic molecules (Version 2.2.20, March 2021)
Loading library: ./PDB.lib
Loading parameters: ./PDB.frcmod
Reading force field modification type file (frcmod)
Reading title:
Remark line goes here
Checking Unit.
Building topology.
Building atom parameters.
Building bond parameters.
Building angle parameters.
Building proper torsion parameters.
Building improper torsion parameters.
 total 9 improper torsions applied
Building H-Bond parameters.
Incorporating Non-Bonded adjustments.
Not Marking per-residue atom chain types.
Marking per-residue atom chain types.
  (Residues lacking connect0/connect1 - 
   these don't have chain types marked:

	res	total affected

	PDB	1
  )
 (no restraints)
	Quit

Exiting LEaP: Errors = 0; Warnings = 0; Notes = 0.
-I: Adding /zhome/2e/2/164651/miniconda3/envs/maws_p3/dat/leap/prep to search path.
-I: Adding /zhome/2e/2/164651/miniconda3/envs/maws_p3/dat/leap/lib to search path.
-I: Adding /zhome/2e/2/164651/miniconda3/envs/maws_p3/dat/leap/parm to search path.
-I: Adding /zhome/2e/2/164651/miniconda3/envs/maws_p3/dat/leap/cmd to search path.
-f: Source out.in.

Welcome to LEaP!
(no leaprc in search path)
Sourcing: ./out.in
----- Source: /zhome/2e/2/164651/miniconda3/envs/maws_p3/dat/leap/cmd/leaprc.RNA.OL3
----- Source of /zhome/2e/2/164651/miniconda3/envs/maws_p3/dat/leap/cmd/leaprc.RNA.OL3 done
Log file: ./leap.log
Loading parameters: /zhome/2e/2/164651/miniconda3/envs/maws_p3/dat/leap/parm/parm10.dat
Reading title:
PARM99 + frcmod.ff99SB + frcmod.parmbsc0 + OL3 for RNA
Loading library: /zhome/2e/2/164651/miniconda3/envs/maws_p3/dat/leap/lib/RNA.lib
----- Source: /zhome/2e/2/164651/miniconda3/envs/maws_p3/dat/leap/cmd/leaprc.gaff2
----- Source of /zhome/2e/2/164651/miniconda3/envs/maws_p3/dat/leap/cmd/leaprc.gaff2 done
Log file: ./leap.log
Loading parameters: /zhome/2e/2/164651/miniconda3/envs/maws_p3/dat/leap/parm/gaff2.dat
Reading title:
AMBER General Force Field for organic molecules (Version 2.2.20, March 2021)
Loading library: ./PDB.lib
Loading parameters: ./PDB.frcmod
Reading force field modification type file (frcmod)
Reading title:
Remark line goes here
Checking Unit.
Building topology.
Building atom parameters.
Building bond parameters.
Building angle parameters.
Building proper torsion parameters.
Building improper torsion parameters.
 total 8 improper torsions applied
Building H-Bond parameters.
Incorporating Non-Bonded adjustments.
Not Marking per-residue atom chain types.
Marking per-residue atom chain types.
  (Residues lacking connect0/connect1 - 
   these don't have chain types marked:

	res	total affected

	PDB	1
  )
 (no restraints)
	Quit

Exiting LEaP: Errors = 0; Warnings = 0; Notes = 0.
-I: Adding /zhome/2e/2/164651/miniconda3/envs/maws_p3/dat/leap/prep to search path.
-I: Adding /zhome/2e/2/164651/miniconda3/envs/maws_p3/dat/leap/lib to search path.
-I: Adding /zhome/2e/2/164651/miniconda3/envs/maws_p3/dat/leap/parm to search path.
-I: Adding /zhome/2e/2/164651/miniconda3/envs/maws_p3/dat/leap/cmd to search path.
-f: Source out.in.

Welcome to LEaP!
(no leaprc in search path)
Sourcing: ./out.in
----- Source: /zhome/2e/2/164651/miniconda3/envs/maws_p3/dat/leap/cmd/leaprc.RNA.OL3
----- Source of /zhome/2e/2/164651/miniconda3/envs/maws_p3/dat/leap/cmd/leaprc.RNA.OL3 done
Log file: ./leap.log
Loading parameters: /zhome/2e/2/164651/miniconda3/envs/maws_p3/dat/leap/parm/parm10.dat
Reading title:
PARM99 + frcmod.ff99SB + frcmod.parmbsc0 + OL3 for RNA
Loading library: /zhome/2e/2/164651/miniconda3/envs/maws_p3/dat/leap/lib/RNA.lib
----- Source: /zhome/2e/2/164651/miniconda3/envs/maws_p3/dat/leap/cmd/leaprc.gaff2
----- Source of /zhome/2e/2/164651/miniconda3/envs/maws_p3/dat/leap/cmd/leaprc.gaff2 done
Log file: ./leap.log
Loading parameters: /zhome/2e/2/164651/miniconda3/envs/maws_p3/dat/leap/parm/gaff2.dat
Reading title:
AMBER General Force Field for organic molecules (Version 2.2.20, March 2021)
Loading library: ./PDB.lib
Loading parameters: ./PDB.frcmod
Reading force field modification type file (frcmod)
Reading title:
Remark line goes here
Checking Unit.
Building topology.
Building atom parameters.
Building bond parameters.
Building angle parameters.
Building proper torsion parameters.
Building improper torsion parameters.
 total 7 improper torsions applied
Building H-Bond parameters.
Incorporating Non-Bonded adjustments.
Not Marking per-residue atom chain types.
Marking per-residue atom chain types.
  (Residues lacking connect0/connect1 - 
   these don't have chain types marked:

	res	total affected

	PDB	1
  )
 (no restraints)
	Quit

Exiting LEaP: Errors = 0; Warnings = 0; Notes = 0.
-I: Adding /zhome/2e/2/164651/miniconda3/envs/maws_p3/dat/leap/prep to search path.
-I: Adding /zhome/2e/2/164651/miniconda3/envs/maws_p3/dat/leap/lib to search path.
-I: Adding /zhome/2e/2/164651/miniconda3/envs/maws_p3/dat/leap/parm to search path.
-I: Adding /zhome/2e/2/164651/miniconda3/envs/maws_p3/dat/leap/cmd to search path.
-f: Source out.in.

Welcome to LEaP!
(no leaprc in search path)
Sourcing: ./out.in
----- Source: /zhome/2e/2/164651/miniconda3/envs/maws_p3/dat/leap/cmd/leaprc.RNA.OL3
----- Source of /zhome/2e/2/164651/miniconda3/envs/maws_p3/dat/leap/cmd/leaprc.RNA.OL3 done
Log file: ./leap.log
Loading parameters: /zhome/2e/2/164651/miniconda3/envs/maws_p3/dat/leap/parm/parm10.dat
Reading title:
PARM99 + frcmod.ff99SB + frcmod.parmbsc0 + OL3 for RNA
Loading library: /zhome/2e/2/164651/miniconda3/envs/maws_p3/dat/leap/lib/RNA.lib
----- Source: /zhome/2e/2/164651/miniconda3/envs/maws_p3/dat/leap/cmd/leaprc.gaff2
----- Source of /zhome/2e/2/164651/miniconda3/envs/maws_p3/dat/leap/cmd/leaprc.gaff2 done
Log file: ./leap.log
Loading parameters: /zhome/2e/2/164651/miniconda3/envs/maws_p3/dat/leap/parm/gaff2.dat
Reading title:
AMBER General Force Field for organic molecules (Version 2.2.20, March 2021)
Loading library: ./PDB.lib
Loading parameters: ./PDB.frcmod
Reading force field modification type file (frcmod)
Reading title:
Remark line goes here
Checking Unit.
Building topology.
Building atom parameters.
Building bond parameters.
Building angle parameters.
Building proper torsion parameters.
Building improper torsion parameters.
 total 7 improper torsions applied
Building H-Bond parameters.
Incorporating Non-Bonded adjustments.
Not Marking per-residue atom chain types.
Marking per-residue atom chain types.
  (Residues lacking connect0/connect1 - 
   these don't have chain types marked:

	res	total affected

	PDB	1
  )
 (no restraints)
	Quit

Exiting LEaP: Errors = 0; Warnings = 0; Notes = 0.
-I: Adding /zhome/2e/2/164651/miniconda3/envs/maws_p3/dat/leap/prep to search path.
-I: Adding /zhome/2e/2/164651/miniconda3/envs/maws_p3/dat/leap/lib to search path.
-I: Adding /zhome/2e/2/164651/miniconda3/envs/maws_p3/dat/leap/parm to search path.
-I: Adding /zhome/2e/2/164651/miniconda3/envs/maws_p3/dat/leap/cmd to search path.
-f: Source out.in.

Welcome to LEaP!
(no leaprc in search path)
Sourcing: ./out.in
----- Source: /zhome/2e/2/164651/miniconda3/envs/maws_p3/dat/leap/cmd/leaprc.RNA.OL3
----- Source of /zhome/2e/2/164651/miniconda3/envs/maws_p3/dat/leap/cmd/leaprc.RNA.OL3 done
Log file: ./leap.log
Loading parameters: /zhome/2e/2/164651/miniconda3/envs/maws_p3/dat/leap/parm/parm10.dat
Reading title:
PARM99 + frcmod.ff99SB + frcmod.parmbsc0 + OL3 for RNA
Loading library: /zhome/2e/2/164651/miniconda3/envs/maws_p3/dat/leap/lib/RNA.lib
----- Source: /zhome/2e/2/164651/miniconda3/envs/maws_p3/dat/leap/cmd/leaprc.gaff2
----- Source of /zhome/2e/2/164651/miniconda3/envs/maws_p3/dat/leap/cmd/leaprc.gaff2 done
Log file: ./leap.log
Loading parameters: /zhome/2e/2/164651/miniconda3/envs/maws_p3/dat/leap/parm/gaff2.dat
Reading title:
AMBER General Force Field for organic molecules (Version 2.2.20, March 2021)
Loading library: ./PDB.lib
Loading parameters: ./PDB.frcmod
Reading force field modification type file (frcmod)
Reading title:
Remark line goes here
Checking Unit.
Building topology.
Building atom parameters.
Building bond parameters.
Building angle parameters.
Building proper torsion parameters.
Building improper torsion parameters.
 total 7 improper torsions applied
Building H-Bond parameters.
Incorporating Non-Bonded adjustments.
Not Marking per-residue atom chain types.
Marking per-residue atom chain types.
  (Residues lacking connect0/connect1 - 
   these don't have chain types marked:

	res	total affected

	PDB	1
  )
 (no restraints)
	Quit

Exiting LEaP: Errors = 0; Warnings = 0; Notes = 0.
-I: Adding /zhome/2e/2/164651/miniconda3/envs/maws_p3/dat/leap/prep to search path.
-I: Adding /zhome/2e/2/164651/miniconda3/envs/maws_p3/dat/leap/lib to search path.
-I: Adding /zhome/2e/2/164651/miniconda3/envs/maws_p3/dat/leap/parm to search path.
-I: Adding /zhome/2e/2/164651/miniconda3/envs/maws_p3/dat/leap/cmd to search path.
-f: Source out.in.

Welcome to LEaP!
(no leaprc in search path)
Sourcing: ./out.in
----- Source: /zhome/2e/2/164651/miniconda3/envs/maws_p3/dat/leap/cmd/leaprc.RNA.OL3
----- Source of /zhome/2e/2/164651/miniconda3/envs/maws_p3/dat/leap/cmd/leaprc.RNA.OL3 done
Log file: ./leap.log
Loading parameters: /zhome/2e/2/164651/miniconda3/envs/maws_p3/dat/leap/parm/parm10.dat
Reading title:
PARM99 + frcmod.ff99SB + frcmod.parmbsc0 + OL3 for RNA
Loading library: /zhome/2e/2/164651/miniconda3/envs/maws_p3/dat/leap/lib/RNA.lib
----- Source: /zhome/2e/2/164651/miniconda3/envs/maws_p3/dat/leap/cmd/leaprc.gaff2
----- Source of /zhome/2e/2/164651/miniconda3/envs/maws_p3/dat/leap/cmd/leaprc.gaff2 done
Log file: ./leap.log
Loading parameters: /zhome/2e/2/164651/miniconda3/envs/maws_p3/dat/leap/parm/gaff2.dat
Reading title:
AMBER General Force Field for organic molecules (Version 2.2.20, March 2021)
Loading library: ./PDB.lib
Loading parameters: ./PDB.frcmod
Reading force field modification type file (frcmod)
Reading title:
Remark line goes here
Checking Unit.

/zhome/2e/2/164651/miniconda3/envs/maws_p3/bin/teLeap: Warning!
The unperturbed charge of the unit (-1.002000) is not zero.

/zhome/2e/2/164651/miniconda3/envs/maws_p3/bin/teLeap: Note.
Ignoring the warning from Unit Checking.

Building topology.
Building atom parameters.
Building bond parameters.
Building angle parameters.
Building proper torsion parameters.
Building improper torsion parameters.
 total 15 improper torsions applied
Building H-Bond parameters.
Incorporating Non-Bonded adjustments.
Not Marking per-residue atom chain types.
Marking per-residue atom chain types.
  (Residues lacking connect0/connect1 - 
   these don't have chain types marked:

	res	total affected

	PDB	1
  )
 (no restraints)
	Quit

Exiting LEaP: Errors = 0; Warnings = 1; Notes = 1.
-I: Adding /zhome/2e/2/164651/miniconda3/envs/maws_p3/dat/leap/prep to search path.
-I: Adding /zhome/2e/2/164651/miniconda3/envs/maws_p3/dat/leap/lib to search path.
-I: Adding /zhome/2e/2/164651/miniconda3/envs/maws_p3/dat/leap/parm to search path.
-I: Adding /zhome/2e/2/164651/miniconda3/envs/maws_p3/dat/leap/cmd to search path.
-f: Source out.in.

Welcome to LEaP!
(no leaprc in search path)
Sourcing: ./out.in
----- Source: /zhome/2e/2/164651/miniconda3/envs/maws_p3/dat/leap/cmd/leaprc.RNA.OL3
----- Source of /zhome/2e/2/164651/miniconda3/envs/maws_p3/dat/leap/cmd/leaprc.RNA.OL3 done
Log file: ./leap.log
Loading parameters: /zhome/2e/2/164651/miniconda3/envs/maws_p3/dat/leap/parm/parm10.dat
Reading title:
PARM99 + frcmod.ff99SB + frcmod.parmbsc0 + OL3 for RNA
Loading library: /zhome/2e/2/164651/miniconda3/envs/maws_p3/dat/leap/lib/RNA.lib
----- Source: /zhome/2e/2/164651/miniconda3/envs/maws_p3/dat/leap/cmd/leaprc.gaff2
----- Source of /zhome/2e/2/164651/miniconda3/envs/maws_p3/dat/leap/cmd/leaprc.gaff2 done
Log file: ./leap.log
Loading parameters: /zhome/2e/2/164651/miniconda3/envs/maws_p3/dat/leap/parm/gaff2.dat
Reading title:
AMBER General Force Field for organic molecules (Version 2.2.20, March 2021)
Loading library: ./PDB.lib
Loading parameters: ./PDB.frcmod
Reading force field modification type file (frcmod)
Reading title:
Remark line goes here
Checking Unit.
Building topology.
Building atom parameters.
Building bond parameters.
Building angle parameters.
Building proper torsion parameters.
Building improper torsion parameters.
 total 7 improper torsions applied
Building H-Bond parameters.
Incorporating Non-Bonded adjustments.
Not Marking per-residue atom chain types.
Marking per-residue atom chain types.
  (Residues lacking connect0/connect1 - 
   these don't have chain types marked:

	res	total affected

	PDB	1
  )
 (no restraints)
	Quit

Exiting LEaP: Errors = 0; Warnings = 0; Notes = 0.
-I: Adding /zhome/2e/2/164651/miniconda3/envs/maws_p3/dat/leap/prep to search path.
-I: Adding /zhome/2e/2/164651/miniconda3/envs/maws_p3/dat/leap/lib to search path.
-I: Adding /zhome/2e/2/164651/miniconda3/envs/maws_p3/dat/leap/parm to search path.
-I: Adding /zhome/2e/2/164651/miniconda3/envs/maws_p3/dat/leap/cmd to search path.
-f: Source out.in.

Welcome to LEaP!
(no leaprc in search path)
Sourcing: ./out.in
----- Source: /zhome/2e/2/164651/miniconda3/envs/maws_p3/dat/leap/cmd/leaprc.RNA.OL3
----- Source of /zhome/2e/2/164651/miniconda3/envs/maws_p3/dat/leap/cmd/leaprc.RNA.OL3 done
Log file: ./leap.log
Loading parameters: /zhome/2e/2/164651/miniconda3/envs/maws_p3/dat/leap/parm/parm10.dat
Reading title:
PARM99 + frcmod.ff99SB + frcmod.parmbsc0 + OL3 for RNA
Loading library: /zhome/2e/2/164651/miniconda3/envs/maws_p3/dat/leap/lib/RNA.lib
----- Source: /zhome/2e/2/164651/miniconda3/envs/maws_p3/dat/leap/cmd/leaprc.gaff2
----- Source of /zhome/2e/2/164651/miniconda3/envs/maws_p3/dat/leap/cmd/leaprc.gaff2 done
Log file: ./leap.log
Loading parameters: /zhome/2e/2/164651/miniconda3/envs/maws_p3/dat/leap/parm/gaff2.dat
Reading title:
AMBER General Force Field for organic molecules (Version 2.2.20, March 2021)
Loading library: ./PDB.lib
Loading parameters: ./PDB.frcmod
Reading force field modification type file (frcmod)
Reading title:
Remark line goes here
Checking Unit.

/zhome/2e/2/164651/miniconda3/envs/maws_p3/bin/teLeap: Warning!
The unperturbed charge of the unit (-1.002000) is not zero.

/zhome/2e/2/164651/miniconda3/envs/maws_p3/bin/teLeap: Note.
Ignoring the warning from Unit Checking.

Building topology.
Building atom parameters.
Building bond parameters.
Building angle parameters.
Building proper torsion parameters.
Building improper torsion parameters.
 total 15 improper torsions applied
Building H-Bond parameters.
Incorporating Non-Bonded adjustments.
Not Marking per-residue atom chain types.
Marking per-residue atom chain types.
  (Residues lacking connect0/connect1 - 
   these don't have chain types marked:

	res	total affected

	PDB	1
  )
 (no restraints)
	Quit

Exiting LEaP: Errors = 0; Warnings = 1; Notes = 1.
-I: Adding /zhome/2e/2/164651/miniconda3/envs/maws_p3/dat/leap/prep to search path.
-I: Adding /zhome/2e/2/164651/miniconda3/envs/maws_p3/dat/leap/lib to search path.
-I: Adding /zhome/2e/2/164651/miniconda3/envs/maws_p3/dat/leap/parm to search path.
-I: Adding /zhome/2e/2/164651/miniconda3/envs/maws_p3/dat/leap/cmd to search path.
-f: Source out.in.

Welcome to LEaP!
(no leaprc in search path)
Sourcing: ./out.in
----- Source: /zhome/2e/2/164651/miniconda3/envs/maws_p3/dat/leap/cmd/leaprc.RNA.OL3
----- Source of /zhome/2e/2/164651/miniconda3/envs/maws_p3/dat/leap/cmd/leaprc.RNA.OL3 done
Log file: ./leap.log
Loading parameters: /zhome/2e/2/164651/miniconda3/envs/maws_p3/dat/leap/parm/parm10.dat
Reading title:
PARM99 + frcmod.ff99SB + frcmod.parmbsc0 + OL3 for RNA
Loading library: /zhome/2e/2/164651/miniconda3/envs/maws_p3/dat/leap/lib/RNA.lib
----- Source: /zhome/2e/2/164651/miniconda3/envs/maws_p3/dat/leap/cmd/leaprc.gaff2
----- Source of /zhome/2e/2/164651/miniconda3/envs/maws_p3/dat/leap/cmd/leaprc.gaff2 done
Log file: ./leap.log
Loading parameters: /zhome/2e/2/164651/miniconda3/envs/maws_p3/dat/leap/parm/gaff2.dat
Reading title:
AMBER General Force Field for organic molecules (Version 2.2.20, March 2021)
Loading library: ./PDB.lib
Loading parameters: ./PDB.frcmod
Reading force field modification type file (frcmod)
Reading title:
Remark line goes here
Checking Unit.
Building topology.
Building atom parameters.
Building bond parameters.
Building angle parameters.
Building proper torsion parameters.
Building improper torsion parameters.
 total 7 improper torsions applied
Building H-Bond parameters.
Incorporating Non-Bonded adjustments.
Not Marking per-residue atom chain types.
Marking per-residue atom chain types.
  (Residues lacking connect0/connect1 - 
   these don't have chain types marked:

	res	total affected

	PDB	1
  )
 (no restraints)
	Quit

Exiting LEaP: Errors = 0; Warnings = 0; Notes = 0.
-I: Adding /zhome/2e/2/164651/miniconda3/envs/maws_p3/dat/leap/prep to search path.
-I: Adding /zhome/2e/2/164651/miniconda3/envs/maws_p3/dat/leap/lib to search path.
-I: Adding /zhome/2e/2/164651/miniconda3/envs/maws_p3/dat/leap/parm to search path.
-I: Adding /zhome/2e/2/164651/miniconda3/envs/maws_p3/dat/leap/cmd to search path.
-f: Source out.in.

Welcome to LEaP!
(no leaprc in search path)
Sourcing: ./out.in
----- Source: /zhome/2e/2/164651/miniconda3/envs/maws_p3/dat/leap/cmd/leaprc.RNA.OL3
----- Source of /zhome/2e/2/164651/miniconda3/envs/maws_p3/dat/leap/cmd/leaprc.RNA.OL3 done
Log file: ./leap.log
Loading parameters: /zhome/2e/2/164651/miniconda3/envs/maws_p3/dat/leap/parm/parm10.dat
Reading title:
PARM99 + frcmod.ff99SB + frcmod.parmbsc0 + OL3 for RNA
Loading library: /zhome/2e/2/164651/miniconda3/envs/maws_p3/dat/leap/lib/RNA.lib
----- Source: /zhome/2e/2/164651/miniconda3/envs/maws_p3/dat/leap/cmd/leaprc.gaff2
----- Source of /zhome/2e/2/164651/miniconda3/envs/maws_p3/dat/leap/cmd/leaprc.gaff2 done
Log file: ./leap.log
Loading parameters: /zhome/2e/2/164651/miniconda3/envs/maws_p3/dat/leap/parm/gaff2.dat
Reading title:
AMBER General Force Field for organic molecules (Version 2.2.20, March 2021)
Loading library: ./PDB.lib
Loading parameters: ./PDB.frcmod
Reading force field modification type file (frcmod)
Reading title:
Remark line goes here
Checking Unit.

/zhome/2e/2/164651/miniconda3/envs/maws_p3/bin/teLeap: Warning!
The unperturbed charge of the unit (-1.002000) is not zero.

/zhome/2e/2/164651/miniconda3/envs/maws_p3/bin/teLeap: Note.
Ignoring the warning from Unit Checking.

Building topology.
Building atom parameters.
Building bond parameters.
Building angle parameters.
Building proper torsion parameters.
Building improper torsion parameters.
 total 14 improper torsions applied
Building H-Bond parameters.
Incorporating Non-Bonded adjustments.
Not Marking per-residue atom chain types.
Marking per-residue atom chain types.
  (Residues lacking connect0/connect1 - 
   these don't have chain types marked:

	res	total affected

	PDB	1
  )
 (no restraints)
	Quit

Exiting LEaP: Errors = 0; Warnings = 1; Notes = 1.
-I: Adding /zhome/2e/2/164651/miniconda3/envs/maws_p3/dat/leap/prep to search path.
-I: Adding /zhome/2e/2/164651/miniconda3/envs/maws_p3/dat/leap/lib to search path.
-I: Adding /zhome/2e/2/164651/miniconda3/envs/maws_p3/dat/leap/parm to search path.
-I: Adding /zhome/2e/2/164651/miniconda3/envs/maws_p3/dat/leap/cmd to search path.
-f: Source out.in.

Welcome to LEaP!
(no leaprc in search path)
Sourcing: ./out.in
----- Source: /zhome/2e/2/164651/miniconda3/envs/maws_p3/dat/leap/cmd/leaprc.RNA.OL3
----- Source of /zhome/2e/2/164651/miniconda3/envs/maws_p3/dat/leap/cmd/leaprc.RNA.OL3 done
Log file: ./leap.log
Loading parameters: /zhome/2e/2/164651/miniconda3/envs/maws_p3/dat/leap/parm/parm10.dat
Reading title:
PARM99 + frcmod.ff99SB + frcmod.parmbsc0 + OL3 for RNA
Loading library: /zhome/2e/2/164651/miniconda3/envs/maws_p3/dat/leap/lib/RNA.lib
----- Source: /zhome/2e/2/164651/miniconda3/envs/maws_p3/dat/leap/cmd/leaprc.gaff2
----- Source of /zhome/2e/2/164651/miniconda3/envs/maws_p3/dat/leap/cmd/leaprc.gaff2 done
Log file: ./leap.log
Loading parameters: /zhome/2e/2/164651/miniconda3/envs/maws_p3/dat/leap/parm/gaff2.dat
Reading title:
AMBER General Force Field for organic molecules (Version 2.2.20, March 2021)
Loading library: ./PDB.lib
Loading parameters: ./PDB.frcmod
Reading force field modification type file (frcmod)
Reading title:
Remark line goes here
Checking Unit.
Building topology.
Building atom parameters.
Building bond parameters.
Building angle parameters.
Building proper torsion parameters.
Building improper torsion parameters.
 total 7 improper torsions applied
Building H-Bond parameters.
Incorporating Non-Bonded adjustments.
Not Marking per-residue atom chain types.
Marking per-residue atom chain types.
  (Residues lacking connect0/connect1 - 
   these don't have chain types marked:

	res	total affected

	PDB	1
  )
 (no restraints)
	Quit

Exiting LEaP: Errors = 0; Warnings = 0; Notes = 0.
-I: Adding /zhome/2e/2/164651/miniconda3/envs/maws_p3/dat/leap/prep to search path.
-I: Adding /zhome/2e/2/164651/miniconda3/envs/maws_p3/dat/leap/lib to search path.
-I: Adding /zhome/2e/2/164651/miniconda3/envs/maws_p3/dat/leap/parm to search path.
-I: Adding /zhome/2e/2/164651/miniconda3/envs/maws_p3/dat/leap/cmd to search path.
-f: Source out.in.

Welcome to LEaP!
(no leaprc in search path)
Sourcing: ./out.in
----- Source: /zhome/2e/2/164651/miniconda3/envs/maws_p3/dat/leap/cmd/leaprc.RNA.OL3
----- Source of /zhome/2e/2/164651/miniconda3/envs/maws_p3/dat/leap/cmd/leaprc.RNA.OL3 done
Log file: ./leap.log
Loading parameters: /zhome/2e/2/164651/miniconda3/envs/maws_p3/dat/leap/parm/parm10.dat
Reading title:
PARM99 + frcmod.ff99SB + frcmod.parmbsc0 + OL3 for RNA
Loading library: /zhome/2e/2/164651/miniconda3/envs/maws_p3/dat/leap/lib/RNA.lib
----- Source: /zhome/2e/2/164651/miniconda3/envs/maws_p3/dat/leap/cmd/leaprc.gaff2
----- Source of /zhome/2e/2/164651/miniconda3/envs/maws_p3/dat/leap/cmd/leaprc.gaff2 done
Log file: ./leap.log
Loading parameters: /zhome/2e/2/164651/miniconda3/envs/maws_p3/dat/leap/parm/gaff2.dat
Reading title:
AMBER General Force Field for organic molecules (Version 2.2.20, March 2021)
Loading library: ./PDB.lib
Loading parameters: ./PDB.frcmod
Reading force field modification type file (frcmod)
Reading title:
Remark line goes here
Checking Unit.

/zhome/2e/2/164651/miniconda3/envs/maws_p3/bin/teLeap: Warning!
The unperturbed charge of the unit (-1.002000) is not zero.

/zhome/2e/2/164651/miniconda3/envs/maws_p3/bin/teLeap: Note.
Ignoring the warning from Unit Checking.

Building topology.
Building atom parameters.
Building bond parameters.
Building angle parameters.
Building proper torsion parameters.
Building improper torsion parameters.
 total 14 improper torsions applied
Building H-Bond parameters.
Incorporating Non-Bonded adjustments.
Not Marking per-residue atom chain types.
Marking per-residue atom chain types.
  (Residues lacking connect0/connect1 - 
   these don't have chain types marked:

	res	total affected

	PDB	1
  )
 (no restraints)
	Quit

Exiting LEaP: Errors = 0; Warnings = 1; Notes = 1.
-I: Adding /zhome/2e/2/164651/miniconda3/envs/maws_p3/dat/leap/prep to search path.
-I: Adding /zhome/2e/2/164651/miniconda3/envs/maws_p3/dat/leap/lib to search path.
-I: Adding /zhome/2e/2/164651/miniconda3/envs/maws_p3/dat/leap/parm to search path.
-I: Adding /zhome/2e/2/164651/miniconda3/envs/maws_p3/dat/leap/cmd to search path.
-f: Source out.in.

Welcome to LEaP!
(no leaprc in search path)
Sourcing: ./out.in
----- Source: /zhome/2e/2/164651/miniconda3/envs/maws_p3/dat/leap/cmd/leaprc.RNA.OL3
----- Source of /zhome/2e/2/164651/miniconda3/envs/maws_p3/dat/leap/cmd/leaprc.RNA.OL3 done
Log file: ./leap.log
Loading parameters: /zhome/2e/2/164651/miniconda3/envs/maws_p3/dat/leap/parm/parm10.dat
Reading title:
PARM99 + frcmod.ff99SB + frcmod.parmbsc0 + OL3 for RNA
Loading library: /zhome/2e/2/164651/miniconda3/envs/maws_p3/dat/leap/lib/RNA.lib
----- Source: /zhome/2e/2/164651/miniconda3/envs/maws_p3/dat/leap/cmd/leaprc.gaff2
----- Source of /zhome/2e/2/164651/miniconda3/envs/maws_p3/dat/leap/cmd/leaprc.gaff2 done
Log file: ./leap.log
Loading parameters: /zhome/2e/2/164651/miniconda3/envs/maws_p3/dat/leap/parm/gaff2.dat
Reading title:
AMBER General Force Field for organic molecules (Version 2.2.20, March 2021)
Loading library: ./PDB.lib
Loading parameters: ./PDB.frcmod
Reading force field modification type file (frcmod)
Reading title:
Remark line goes here
Checking Unit.
Building topology.
Building atom parameters.
Building bond parameters.
Building angle parameters.
Building proper torsion parameters.
Building improper torsion parameters.
 total 7 improper torsions applied
Building H-Bond parameters.
Incorporating Non-Bonded adjustments.
Not Marking per-residue atom chain types.
Marking per-residue atom chain types.
  (Residues lacking connect0/connect1 - 
   these don't have chain types marked:

	res	total affected

	PDB	1
  )
 (no restraints)
	Quit

Exiting LEaP: Errors = 0; Warnings = 0; Notes = 0.
-I: Adding /zhome/2e/2/164651/miniconda3/envs/maws_p3/dat/leap/prep to search path.
-I: Adding /zhome/2e/2/164651/miniconda3/envs/maws_p3/dat/leap/lib to search path.
-I: Adding /zhome/2e/2/164651/miniconda3/envs/maws_p3/dat/leap/parm to search path.
-I: Adding /zhome/2e/2/164651/miniconda3/envs/maws_p3/dat/leap/cmd to search path.
-f: Source out.in.

Welcome to LEaP!
(no leaprc in search path)
Sourcing: ./out.in
----- Source: /zhome/2e/2/164651/miniconda3/envs/maws_p3/dat/leap/cmd/leaprc.RNA.OL3
----- Source of /zhome/2e/2/164651/miniconda3/envs/maws_p3/dat/leap/cmd/leaprc.RNA.OL3 done
Log file: ./leap.log
Loading parameters: /zhome/2e/2/164651/miniconda3/envs/maws_p3/dat/leap/parm/parm10.dat
Reading title:
PARM99 + frcmod.ff99SB + frcmod.parmbsc0 + OL3 for RNA
Loading library: /zhome/2e/2/164651/miniconda3/envs/maws_p3/dat/leap/lib/RNA.lib
----- Source: /zhome/2e/2/164651/miniconda3/envs/maws_p3/dat/leap/cmd/leaprc.gaff2
----- Source of /zhome/2e/2/164651/miniconda3/envs/maws_p3/dat/leap/cmd/leaprc.gaff2 done
Log file: ./leap.log
Loading parameters: /zhome/2e/2/164651/miniconda3/envs/maws_p3/dat/leap/parm/gaff2.dat
Reading title:
AMBER General Force Field for organic molecules (Version 2.2.20, March 2021)
Loading library: ./PDB.lib
Loading parameters: ./PDB.frcmod
Reading force field modification type file (frcmod)
Reading title:
Remark line goes here
Checking Unit.

/zhome/2e/2/164651/miniconda3/envs/maws_p3/bin/teLeap: Warning!
The unperturbed charge of the unit (-1.002000) is not zero.

/zhome/2e/2/164651/miniconda3/envs/maws_p3/bin/teLeap: Note.
Ignoring the warning from Unit Checking.

Building topology.
Building atom parameters.
Building bond parameters.
Building angle parameters.
Building proper torsion parameters.
Building improper torsion parameters.
 total 13 improper torsions applied
Building H-Bond parameters.
Incorporating Non-Bonded adjustments.
Not Marking per-residue atom chain types.
Marking per-residue atom chain types.
  (Residues lacking connect0/connect1 - 
   these don't have chain types marked:

	res	total affected

	PDB	1
  )
 (no restraints)
	Quit

Exiting LEaP: Errors = 0; Warnings = 1; Notes = 1.
-I: Adding /zhome/2e/2/164651/miniconda3/envs/maws_p3/dat/leap/prep to search path.
-I: Adding /zhome/2e/2/164651/miniconda3/envs/maws_p3/dat/leap/lib to search path.
-I: Adding /zhome/2e/2/164651/miniconda3/envs/maws_p3/dat/leap/parm to search path.
-I: Adding /zhome/2e/2/164651/miniconda3/envs/maws_p3/dat/leap/cmd to search path.
-f: Source out.in.

Welcome to LEaP!
(no leaprc in search path)
Sourcing: ./out.in
----- Source: /zhome/2e/2/164651/miniconda3/envs/maws_p3/dat/leap/cmd/leaprc.RNA.OL3
----- Source of /zhome/2e/2/164651/miniconda3/envs/maws_p3/dat/leap/cmd/leaprc.RNA.OL3 done
Log file: ./leap.log
Loading parameters: /zhome/2e/2/164651/miniconda3/envs/maws_p3/dat/leap/parm/parm10.dat
Reading title:
PARM99 + frcmod.ff99SB + frcmod.parmbsc0 + OL3 for RNA
Loading library: /zhome/2e/2/164651/miniconda3/envs/maws_p3/dat/leap/lib/RNA.lib
----- Source: /zhome/2e/2/164651/miniconda3/envs/maws_p3/dat/leap/cmd/leaprc.gaff2
----- Source of /zhome/2e/2/164651/miniconda3/envs/maws_p3/dat/leap/cmd/leaprc.gaff2 done
Log file: ./leap.log
Loading parameters: /zhome/2e/2/164651/miniconda3/envs/maws_p3/dat/leap/parm/gaff2.dat
Reading title:
AMBER General Force Field for organic molecules (Version 2.2.20, March 2021)
Loading library: ./PDB.lib
Loading parameters: ./PDB.frcmod
Reading force field modification type file (frcmod)
Reading title:
Remark line goes here
Checking Unit.
Building topology.
Building atom parameters.
Building bond parameters.
Building angle parameters.
Building proper torsion parameters.
Building improper torsion parameters.
 total 7 improper torsions applied
Building H-Bond parameters.
Incorporating Non-Bonded adjustments.
Not Marking per-residue atom chain types.
Marking per-residue atom chain types.
  (Residues lacking connect0/connect1 - 
   these don't have chain types marked:

	res	total affected

	PDB	1
  )
 (no restraints)
	Quit

Exiting LEaP: Errors = 0; Warnings = 0; Notes = 0.
-I: Adding /zhome/2e/2/164651/miniconda3/envs/maws_p3/dat/leap/prep to search path.
-I: Adding /zhome/2e/2/164651/miniconda3/envs/maws_p3/dat/leap/lib to search path.
-I: Adding /zhome/2e/2/164651/miniconda3/envs/maws_p3/dat/leap/parm to search path.
-I: Adding /zhome/2e/2/164651/miniconda3/envs/maws_p3/dat/leap/cmd to search path.
-f: Source out.in.

Welcome to LEaP!
(no leaprc in search path)
Sourcing: ./out.in
----- Source: /zhome/2e/2/164651/miniconda3/envs/maws_p3/dat/leap/cmd/leaprc.RNA.OL3
----- Source of /zhome/2e/2/164651/miniconda3/envs/maws_p3/dat/leap/cmd/leaprc.RNA.OL3 done
Log file: ./leap.log
Loading parameters: /zhome/2e/2/164651/miniconda3/envs/maws_p3/dat/leap/parm/parm10.dat
Reading title:
PARM99 + frcmod.ff99SB + frcmod.parmbsc0 + OL3 for RNA
Loading library: /zhome/2e/2/164651/miniconda3/envs/maws_p3/dat/leap/lib/RNA.lib
----- Source: /zhome/2e/2/164651/miniconda3/envs/maws_p3/dat/leap/cmd/leaprc.gaff2
----- Source of /zhome/2e/2/164651/miniconda3/envs/maws_p3/dat/leap/cmd/leaprc.gaff2 done
Log file: ./leap.log
Loading parameters: /zhome/2e/2/164651/miniconda3/envs/maws_p3/dat/leap/parm/gaff2.dat
Reading title:
AMBER General Force Field for organic molecules (Version 2.2.20, March 2021)
Loading library: ./PDB.lib
Loading parameters: ./PDB.frcmod
Reading force field modification type file (frcmod)
Reading title:
Remark line goes here
Checking Unit.

/zhome/2e/2/164651/miniconda3/envs/maws_p3/bin/teLeap: Warning!
The unperturbed charge of the unit (-1.002000) is not zero.

/zhome/2e/2/164651/miniconda3/envs/maws_p3/bin/teLeap: Note.
Ignoring the warning from Unit Checking.

Building topology.
Building atom parameters.
Building bond parameters.
Building angle parameters.
Building proper torsion parameters.
Building improper torsion parameters.
 total 13 improper torsions applied
Building H-Bond parameters.
Incorporating Non-Bonded adjustments.
Not Marking per-residue atom chain types.
Marking per-residue atom chain types.
  (Residues lacking connect0/connect1 - 
   these don't have chain types marked:

	res	total affected

	PDB	1
  )
 (no restraints)
	Quit

Exiting LEaP: Errors = 0; Warnings = 1; Notes = 1.
-I: Adding /zhome/2e/2/164651/miniconda3/envs/maws_p3/dat/leap/prep to search path.
-I: Adding /zhome/2e/2/164651/miniconda3/envs/maws_p3/dat/leap/lib to search path.
-I: Adding /zhome/2e/2/164651/miniconda3/envs/maws_p3/dat/leap/parm to search path.
-I: Adding /zhome/2e/2/164651/miniconda3/envs/maws_p3/dat/leap/cmd to search path.
-f: Source out.in.

Welcome to LEaP!
(no leaprc in search path)
Sourcing: ./out.in
----- Source: /zhome/2e/2/164651/miniconda3/envs/maws_p3/dat/leap/cmd/leaprc.RNA.OL3
----- Source of /zhome/2e/2/164651/miniconda3/envs/maws_p3/dat/leap/cmd/leaprc.RNA.OL3 done
Log file: ./leap.log
Loading parameters: /zhome/2e/2/164651/miniconda3/envs/maws_p3/dat/leap/parm/parm10.dat
Reading title:
PARM99 + frcmod.ff99SB + frcmod.parmbsc0 + OL3 for RNA
Loading library: /zhome/2e/2/164651/miniconda3/envs/maws_p3/dat/leap/lib/RNA.lib
----- Source: /zhome/2e/2/164651/miniconda3/envs/maws_p3/dat/leap/cmd/leaprc.gaff2
----- Source of /zhome/2e/2/164651/miniconda3/envs/maws_p3/dat/leap/cmd/leaprc.gaff2 done
Log file: ./leap.log
Loading parameters: /zhome/2e/2/164651/miniconda3/envs/maws_p3/dat/leap/parm/gaff2.dat
Reading title:
AMBER General Force Field for organic molecules (Version 2.2.20, March 2021)
Loading library: ./PDB.lib
Loading parameters: ./PDB.frcmod
Reading force field modification type file (frcmod)
Reading title:
Remark line goes here
Checking Unit.
Building topology.
Building atom parameters.
Building bond parameters.
Building angle parameters.
Building proper torsion parameters.
Building improper torsion parameters.
 total 7 improper torsions applied
Building H-Bond parameters.
Incorporating Non-Bonded adjustments.
Not Marking per-residue atom chain types.
Marking per-residue atom chain types.
  (Residues lacking connect0/connect1 - 
   these don't have chain types marked:

	res	total affected

	PDB	1
  )
 (no restraints)
	Quit

Exiting LEaP: Errors = 0; Warnings = 0; Notes = 0.
-I: Adding /zhome/2e/2/164651/miniconda3/envs/maws_p3/dat/leap/prep to search path.
-I: Adding /zhome/2e/2/164651/miniconda3/envs/maws_p3/dat/leap/lib to search path.
-I: Adding /zhome/2e/2/164651/miniconda3/envs/maws_p3/dat/leap/parm to search path.
-I: Adding /zhome/2e/2/164651/miniconda3/envs/maws_p3/dat/leap/cmd to search path.
-f: Source out.in.

Welcome to LEaP!
(no leaprc in search path)
Sourcing: ./out.in
----- Source: /zhome/2e/2/164651/miniconda3/envs/maws_p3/dat/leap/cmd/leaprc.RNA.OL3
----- Source of /zhome/2e/2/164651/miniconda3/envs/maws_p3/dat/leap/cmd/leaprc.RNA.OL3 done
Log file: ./leap.log
Loading parameters: /zhome/2e/2/164651/miniconda3/envs/maws_p3/dat/leap/parm/parm10.dat
Reading title:
PARM99 + frcmod.ff99SB + frcmod.parmbsc0 + OL3 for RNA
Loading library: /zhome/2e/2/164651/miniconda3/envs/maws_p3/dat/leap/lib/RNA.lib
----- Source: /zhome/2e/2/164651/miniconda3/envs/maws_p3/dat/leap/cmd/leaprc.gaff2
----- Source of /zhome/2e/2/164651/miniconda3/envs/maws_p3/dat/leap/cmd/leaprc.gaff2 done
Log file: ./leap.log
Loading parameters: /zhome/2e/2/164651/miniconda3/envs/maws_p3/dat/leap/parm/gaff2.dat
Reading title:
AMBER General Force Field for organic molecules (Version 2.2.20, March 2021)
Loading library: ./PDB.lib
Loading parameters: ./PDB.frcmod
Reading force field modification type file (frcmod)
Reading title:
Remark line goes here
Checking Unit.

/zhome/2e/2/164651/miniconda3/envs/maws_p3/bin/teLeap: Warning!
The unperturbed charge of the unit (-1.002000) is not zero.

/zhome/2e/2/164651/miniconda3/envs/maws_p3/bin/teLeap: Note.
Ignoring the warning from Unit Checking.

Building topology.
Building atom parameters.
Building bond parameters.
Building angle parameters.
Building proper torsion parameters.
Building improper torsion parameters.
 total 13 improper torsions applied
Building H-Bond parameters.
Incorporating Non-Bonded adjustments.
Not Marking per-residue atom chain types.
Marking per-residue atom chain types.
  (Residues lacking connect0/connect1 - 
   these don't have chain types marked:

	res	total affected

	PDB	1
  )
 (no restraints)
	Quit

Exiting LEaP: Errors = 0; Warnings = 1; Notes = 1.
-I: Adding /zhome/2e/2/164651/miniconda3/envs/maws_p3/dat/leap/prep to search path.
-I: Adding /zhome/2e/2/164651/miniconda3/envs/maws_p3/dat/leap/lib to search path.
-I: Adding /zhome/2e/2/164651/miniconda3/envs/maws_p3/dat/leap/parm to search path.
-I: Adding /zhome/2e/2/164651/miniconda3/envs/maws_p3/dat/leap/cmd to search path.
-f: Source out.in.

Welcome to LEaP!
(no leaprc in search path)
Sourcing: ./out.in
----- Source: /zhome/2e/2/164651/miniconda3/envs/maws_p3/dat/leap/cmd/leaprc.RNA.OL3
----- Source of /zhome/2e/2/164651/miniconda3/envs/maws_p3/dat/leap/cmd/leaprc.RNA.OL3 done
Log file: ./leap.log
Loading parameters: /zhome/2e/2/164651/miniconda3/envs/maws_p3/dat/leap/parm/parm10.dat
Reading title:
PARM99 + frcmod.ff99SB + frcmod.parmbsc0 + OL3 for RNA
Loading library: /zhome/2e/2/164651/miniconda3/envs/maws_p3/dat/leap/lib/RNA.lib
----- Source: /zhome/2e/2/164651/miniconda3/envs/maws_p3/dat/leap/cmd/leaprc.gaff2
----- Source of /zhome/2e/2/164651/miniconda3/envs/maws_p3/dat/leap/cmd/leaprc.gaff2 done
Log file: ./leap.log
Loading parameters: /zhome/2e/2/164651/miniconda3/envs/maws_p3/dat/leap/parm/gaff2.dat
Reading title:
AMBER General Force Field for organic molecules (Version 2.2.20, March 2021)
Loading library: ./PDB.lib
Loading parameters: ./PDB.frcmod
Reading force field modification type file (frcmod)
Reading title:
Remark line goes here
Checking Unit.
Building topology.
Building atom parameters.
Building bond parameters.
Building angle parameters.
Building proper torsion parameters.
Building improper torsion parameters.
 total 7 improper torsions applied
Building H-Bond parameters.
Incorporating Non-Bonded adjustments.
Not Marking per-residue atom chain types.
Marking per-residue atom chain types.
  (Residues lacking connect0/connect1 - 
   these don't have chain types marked:

	res	total affected

	PDB	1
  )
 (no restraints)
	Quit

Exiting LEaP: Errors = 0; Warnings = 0; Notes = 0.
-I: Adding /zhome/2e/2/164651/miniconda3/envs/maws_p3/dat/leap/prep to search path.
-I: Adding /zhome/2e/2/164651/miniconda3/envs/maws_p3/dat/leap/lib to search path.
-I: Adding /zhome/2e/2/164651/miniconda3/envs/maws_p3/dat/leap/parm to search path.
-I: Adding /zhome/2e/2/164651/miniconda3/envs/maws_p3/dat/leap/cmd to search path.
-f: Source out.in.

Welcome to LEaP!
(no leaprc in search path)
Sourcing: ./out.in
----- Source: /zhome/2e/2/164651/miniconda3/envs/maws_p3/dat/leap/cmd/leaprc.RNA.OL3
----- Source of /zhome/2e/2/164651/miniconda3/envs/maws_p3/dat/leap/cmd/leaprc.RNA.OL3 done
Log file: ./leap.log
Loading parameters: /zhome/2e/2/164651/miniconda3/envs/maws_p3/dat/leap/parm/parm10.dat
Reading title:
PARM99 + frcmod.ff99SB + frcmod.parmbsc0 + OL3 for RNA
Loading library: /zhome/2e/2/164651/miniconda3/envs/maws_p3/dat/leap/lib/RNA.lib
----- Source: /zhome/2e/2/164651/miniconda3/envs/maws_p3/dat/leap/cmd/leaprc.gaff2
----- Source of /zhome/2e/2/164651/miniconda3/envs/maws_p3/dat/leap/cmd/leaprc.gaff2 done
Log file: ./leap.log
Loading parameters: /zhome/2e/2/164651/miniconda3/envs/maws_p3/dat/leap/parm/gaff2.dat
Reading title:
AMBER General Force Field for organic molecules (Version 2.2.20, March 2021)
Loading library: ./PDB.lib
Loading parameters: ./PDB.frcmod
Reading force field modification type file (frcmod)
Reading title:
Remark line goes here
Checking Unit.

/zhome/2e/2/164651/miniconda3/envs/maws_p3/bin/teLeap: Warning!
The unperturbed charge of the unit (-1.002000) is not zero.

/zhome/2e/2/164651/miniconda3/envs/maws_p3/bin/teLeap: Note.
Ignoring the warning from Unit Checking.

Building topology.
Building atom parameters.
Building bond parameters.
Building angle parameters.
Building proper torsion parameters.
Building improper torsion parameters.
 total 13 improper torsions applied
Building H-Bond parameters.
Incorporating Non-Bonded adjustments.
Not Marking per-residue atom chain types.
Marking per-residue atom chain types.
  (Residues lacking connect0/connect1 - 
   these don't have chain types marked:

	res	total affected

	PDB	1
  )
 (no restraints)
	Quit

Exiting LEaP: Errors = 0; Warnings = 1; Notes = 1.
-I: Adding /zhome/2e/2/164651/miniconda3/envs/maws_p3/dat/leap/prep to search path.
-I: Adding /zhome/2e/2/164651/miniconda3/envs/maws_p3/dat/leap/lib to search path.
-I: Adding /zhome/2e/2/164651/miniconda3/envs/maws_p3/dat/leap/parm to search path.
-I: Adding /zhome/2e/2/164651/miniconda3/envs/maws_p3/dat/leap/cmd to search path.
-f: Source out.in.

Welcome to LEaP!
(no leaprc in search path)
Sourcing: ./out.in
----- Source: /zhome/2e/2/164651/miniconda3/envs/maws_p3/dat/leap/cmd/leaprc.RNA.OL3
----- Source of /zhome/2e/2/164651/miniconda3/envs/maws_p3/dat/leap/cmd/leaprc.RNA.OL3 done
Log file: ./leap.log
Loading parameters: /zhome/2e/2/164651/miniconda3/envs/maws_p3/dat/leap/parm/parm10.dat
Reading title:
PARM99 + frcmod.ff99SB + frcmod.parmbsc0 + OL3 for RNA
Loading library: /zhome/2e/2/164651/miniconda3/envs/maws_p3/dat/leap/lib/RNA.lib
----- Source: /zhome/2e/2/164651/miniconda3/envs/maws_p3/dat/leap/cmd/leaprc.gaff2
----- Source of /zhome/2e/2/164651/miniconda3/envs/maws_p3/dat/leap/cmd/leaprc.gaff2 done
Log file: ./leap.log
Loading parameters: /zhome/2e/2/164651/miniconda3/envs/maws_p3/dat/leap/parm/gaff2.dat
Reading title:
AMBER General Force Field for organic molecules (Version 2.2.20, March 2021)
Loading library: ./PDB.lib
Loading parameters: ./PDB.frcmod
Reading force field modification type file (frcmod)
Reading title:
Remark line goes here
Checking Unit.

/zhome/2e/2/164651/miniconda3/envs/maws_p3/bin/teLeap: Warning!
The unperturbed charge of the unit (-1.002000) is not zero.

/zhome/2e/2/164651/miniconda3/envs/maws_p3/bin/teLeap: Note.
Ignoring the warning from Unit Checking.

Building topology.
Building atom parameters.
Building bond parameters.
Building angle parameters.
Building proper torsion parameters.
Building improper torsion parameters.
 total 15 improper torsions applied
Building H-Bond parameters.
Incorporating Non-Bonded adjustments.
Not Marking per-residue atom chain types.
Marking per-residue atom chain types.
  (Residues lacking connect0/connect1 - 
   these don't have chain types marked:

	res	total affected

	PDB	1
  )
 (no restraints)
	Quit

Exiting LEaP: Errors = 0; Warnings = 1; Notes = 1.
-I: Adding /zhome/2e/2/164651/miniconda3/envs/maws_p3/dat/leap/prep to search path.
-I: Adding /zhome/2e/2/164651/miniconda3/envs/maws_p3/dat/leap/lib to search path.
-I: Adding /zhome/2e/2/164651/miniconda3/envs/maws_p3/dat/leap/parm to search path.
-I: Adding /zhome/2e/2/164651/miniconda3/envs/maws_p3/dat/leap/cmd to search path.
-f: Source out.in.

Welcome to LEaP!
(no leaprc in search path)
Sourcing: ./out.in
----- Source: /zhome/2e/2/164651/miniconda3/envs/maws_p3/dat/leap/cmd/leaprc.RNA.OL3
----- Source of /zhome/2e/2/164651/miniconda3/envs/maws_p3/dat/leap/cmd/leaprc.RNA.OL3 done
Log file: ./leap.log
Loading parameters: /zhome/2e/2/164651/miniconda3/envs/maws_p3/dat/leap/parm/parm10.dat
Reading title:
PARM99 + frcmod.ff99SB + frcmod.parmbsc0 + OL3 for RNA
Loading library: /zhome/2e/2/164651/miniconda3/envs/maws_p3/dat/leap/lib/RNA.lib
----- Source: /zhome/2e/2/164651/miniconda3/envs/maws_p3/dat/leap/cmd/leaprc.gaff2
----- Source of /zhome/2e/2/164651/miniconda3/envs/maws_p3/dat/leap/cmd/leaprc.gaff2 done
Log file: ./leap.log
Loading parameters: /zhome/2e/2/164651/miniconda3/envs/maws_p3/dat/leap/parm/gaff2.dat
Reading title:
AMBER General Force Field for organic molecules (Version 2.2.20, March 2021)
Loading library: ./PDB.lib
Loading parameters: ./PDB.frcmod
Reading force field modification type file (frcmod)
Reading title:
Remark line goes here
Checking Unit.

/zhome/2e/2/164651/miniconda3/envs/maws_p3/bin/teLeap: Warning!
The unperturbed charge of the unit (-2.002000) is not zero.

/zhome/2e/2/164651/miniconda3/envs/maws_p3/bin/teLeap: Note.
Ignoring the warning from Unit Checking.

Building topology.
Building atom parameters.
Building bond parameters.
Building angle parameters.
Building proper torsion parameters.
Building improper torsion parameters.
 total 23 improper torsions applied
Building H-Bond parameters.
Incorporating Non-Bonded adjustments.
Not Marking per-residue atom chain types.
Marking per-residue atom chain types.
  (Residues lacking connect0/connect1 - 
   these don't have chain types marked:

	res	total affected

	PDB	1
  )
 (no restraints)
	Quit

Exiting LEaP: Errors = 0; Warnings = 1; Notes = 1.
combination ./PDB
combination ./PDB
INTO LEAP ---------------------------------------------------------------------
OUT OF LEAP -------------------------------------------------------------------
3547749.124818054
236.6636980809779
225.7289056775461
189.52529249932638
189.20144169238898
185.22112686856684
182.51431266793804
180.16400410497914
179.93456725699912
176.60226915239616
173.17622497590258
INTO LEAP ---------------------------------------------------------------------
OUT OF LEAP -------------------------------------------------------------------
6581163884.785406
424.66650189286884
399.15697028849854
398.2640460692211
395.9010609391046
395.89730022344963
394.88884180799903
INTO LEAP ---------------------------------------------------------------------
OUT OF LEAP -------------------------------------------------------------------
757411.3797431844
585.8369642128966
550.5119450343454
541.274312177254
517.6589525009631
496.49401395362156
489.3107638939616
486.19288111858657
480.1756336747095
INTO LEAP ---------------------------------------------------------------------
OUT OF LEAP -------------------------------------------------------------------
1467837.7487088174
1432.6341509676777
93.7995926170741
71.87002247354593
59.8064869749565
58.826757960280474
52.8328523563186
50.86734266507278
48.35213980474694
INTO LEAP ------------------------------------------------------------------------------
OUT OF LEAP ----------------------------------------------------------------------------
INTO LEAP ------------------------------------------------------------------------------
OUT OF LEAP ----------------------------------------------------------------------------
939815851681374.2
494028205820068.94
-1315.5696366393793
-1326.7505709456195
-1368.9651095080844
-1380.0174454773119
-1381.2384188880117
-1382.342145140134
-1383.783605399804
INTO LEAP ------------------------------------------------------------------------------
OUT OF LEAP ----------------------------------------------------------------------------
INTO LEAP ------------------------------------------------------------------------------
OUT OF LEAP ----------------------------------------------------------------------------
606001.5073707137
42264.55146833442
36178.30201484168
26083.51057242286
23093.198988151067
18571.205575068983
17598.226758431185
3327.0334065695247
2746.688936953953
-841.6189008475558
-1235.6642948424756
-1317.5522943741062
INTO LEAP ------------------------------------------------------------------------------
OUT OF LEAP ----------------------------------------------------------------------------
INTO LEAP ------------------------------------------------------------------------------
OUT OF LEAP ----------------------------------------------------------------------------
137259.93258440564
50141.908444316025
4028.0779305796686
-938.4289821893217
-1020.5429163744016
-1122.132955627047
-1141.6279249133268
-1152.3883518043874
-1152.3994209553282
-1152.4985880868403
-1154.7358094630993
-1157.4523521991348
-1158.795906246296
INTO LEAP ------------------------------------------------------------------------------
OUT OF LEAP ----------------------------------------------------------------------------
INTO LEAP ------------------------------------------------------------------------------
OUT OF LEAP ----------------------------------------------------------------------------
3593572.5730445473
58439.665956006254
46882.574056561934
5348.102423019631
2703.163334504251
2124.0626828852733
-747.6054753519358
-868.5025568299375
-1136.9195509175283
-1170.0915997228049
INTO LEAP ------------------------------------------------------------------------------
OUT OF LEAP ----------------------------------------------------------------------------
INTO LEAP ------------------------------------------------------------------------------
OUT OF LEAP ----------------------------------------------------------------------------
549497.8054068524
-794.6235883736942
-1040.3330188779364
-1065.463043776705
-1074.7441058247114
-1084.9375834327457
-1092.201605935027
-1093.2406031264538
-1095.0363074853644
INTO LEAP ------------------------------------------------------------------------------
OUT OF LEAP ----------------------------------------------------------------------------
INTO LEAP ------------------------------------------------------------------------------
OUT OF LEAP ----------------------------------------------------------------------------
16521371527.921852
41182.352891308525
39087.976775786425
33865.8408718272
33804.18464731214
26596.43901076899
19979.196590422267
1628.9418625193202
-474.00000086248224
-852.1570391416251
-962.1317658310663
-1017.0629056329449
-1058.5615080738553
-1061.3283041705224
-1089.4221625101834
INTO LEAP ------------------------------------------------------------------------------
OUT OF LEAP ----------------------------------------------------------------------------
INTO LEAP ------------------------------------------------------------------------------
OUT OF LEAP ----------------------------------------------------------------------------
1406643.0352492013
-1137.9047415691098
-1209.5121552375592
-1425.464648614359
-1438.9515185278954
-1490.461758340968
-1503.0795483254735
-1511.277880709569
-1511.9514555007231
-1512.9546942959541
-1520.1495204491998
INTO LEAP ------------------------------------------------------------------------------
OUT OF LEAP ----------------------------------------------------------------------------
INTO LEAP ------------------------------------------------------------------------------
OUT OF LEAP ----------------------------------------------------------------------------
897595318435.8461
5617.988561174708
2952.281216297334
1907.0859658055897
-382.2862033342924
-702.581888038904
-1389.9768769020022
-1416.1680369900255
-1419.2020162287527
-1440.0190887999006
-1458.853595412745
INTO LEAP ------------------------------------------------------------------------------
OUT OF LEAP ----------------------------------------------------------------------------
INTO LEAP ------------------------------------------------------------------------------
OUT OF LEAP ----------------------------------------------------------------------------
46961868.21291198
20682.63229636592
-538.1385682565102
-2252.660916787222
-2293.9247639868536
-2328.976866256997
-2340.5323270331337
-2354.973697234675

------------------------------------------------------------
Sender: LSF System <lsfadmin@hpc.dtu.dk>
Subject: Job 17246369: <maws_trash_pfoa> in cluster <dcc> Exited

Job <maws_trash_pfoa> was submitted from host <gbarlogin2> by user <s212514> in cluster <dcc> at Tue Aug 29 15:46:09 2023
Job was executed on host(s) <n-62-31-22>, in queue <hpc>, as user <s212514> in cluster <dcc> at Tue Aug 29 15:46:09 2023
</zhome/2e/2/164651> was used as the home directory.
</zhome/2e/2/164651/iGEM/dtu-denmark/heidelberg_maws> was used as the working directory.
Started at Tue Aug 29 15:46:09 2023
Terminated at Tue Aug 29 16:12:17 2023
Results reported at Tue Aug 29 16:12:17 2023

Your job looked like:

------------------------------------------------------------
# LSBATCH: User input
#!/bin/sh 
### General options 
### -- specify queue -- 
#BSUB -q hpc
### -- set the job Name -- 
#BSUB -J maws_trash_pfoa
### -- ask for number of cores (default: 1) -- 
#BSUB -n 1
### -- specify that the cores must be on the same host -- 
#BSUB -R "span[hosts=1]"
### -- specify that we need 4GB of memory per core/slot -- 
#BSUB -R "rusage[mem=3GB]"
### -- specify that we want the job to get killed if it exceeds 3 GB per core/slot -- 
#BSUB -M 3GB
### -- set walltime limit: hh:mm -- 
#BSUB -W 24:00
### -- set the email address -- 
# please uncomment the following line and put in your e-mail address,
# if you want to receive e-mail notifications on a non-default address
##BSUB -u your_email_address
### -- send notification at start -- 
##BSUB -B 
### -- send notification at completion -- 
##BSUB -N 
### -- Specify the output and error file. %J is the job-id -- 
### -- -o and -e mean append, -oo and -eo mean overwrite -- 
#BSUB -o maws_trash_pfoa_%J.out 
#BSUB -e maws_trash_pfoa_%J.err 

# here follow the commands you want to execute with input.in as the input file

# Path to your Conda environment (replace with the actual path)
conda_env_path="/zhome/2e/2/164651/miniconda3/envs/maws_p3"

# Set environment variables to activate the Conda environment
export CONDA_PREFIX="$conda_env_path"
export PATH="$conda_env_path/bin:$PATH"
export PS1="($maws_p3) $PS1"

# Check it is using the conda env
result=$(which python)
echo "$result"

# Run MAWS
python MAWS2017.py -p pfoa.pdb -n maws_trash_RNA_aptamer -nt 5 -ta RNA -tm organic -cenv maws_p3

------------------------------------------------------------

TERM_OWNER: job killed by owner.
Exited with exit code 130.

Resource usage summary:

    CPU time :                                   1544.25 sec.
    Max Memory :                                 181 MB
    Average Memory :                             131.00 MB
    Total Requested Memory :                     3072.00 MB
    Delta Memory :                               2891.00 MB
    Max Swap :                                   -
    Max Processes :                              8
    Max Threads :                                197
    Run time :                                   1567 sec.
    Turnaround time :                            1568 sec.

The output (if any) is above this job summary.



PS:

Read file <maws_trash_pfoa_17246369.err> for stderr output of this job.

