/zhome/2e/2/164651/iGEM/dtu-denmark/heidelberg_maws/Kernels.py:12: NumbaDeprecationWarning: The 'nopython' keyword argument was not supplied to the 'numba.jit' decorator. The implicit default value for this argument is currently False, but it will be changed to True in Numba 0.59.0. See https://numba.readthedocs.io/en/stable/reference/deprecation.html#deprecation-of-object-mode-fall-back-behaviour-when-using-jit for details.
  def rotateKernel(positions, element, axis, angle):
/zhome/2e/2/164651/iGEM/dtu-denmark/heidelberg_maws/Kernels.py:33: NumbaDeprecationWarning: The 'nopython' keyword argument was not supplied to the 'numba.jit' decorator. The implicit default value for this argument is currently False, but it will be changed to True in Numba 0.59.0. See https://numba.readthedocs.io/en/stable/reference/deprecation.html#deprecation-of-object-mode-fall-back-behaviour-when-using-jit for details.
  def translateKernel(positions, element, shift):
/zhome/2e/2/164651/iGEM/dtu-denmark/heidelberg_maws/Kernels.py:40: NumbaDeprecationWarning: The 'nopython' keyword argument was not supplied to the 'numba.jit' decorator. The implicit default value for this argument is currently False, but it will be changed to True in Numba 0.59.0. See https://numba.readthedocs.io/en/stable/reference/deprecation.html#deprecation-of-object-mode-fall-back-behaviour-when-using-jit for details.
  def centerOfMass(positions):
/zhome/2e/2/164651/iGEM/dtu-denmark/heidelberg_maws/Kernels.py:44: NumbaDeprecationWarning: The 'nopython' keyword argument was not supplied to the 'numba.jit' decorator. The implicit default value for this argument is currently False, but it will be changed to True in Numba 0.59.0. See https://numba.readthedocs.io/en/stable/reference/deprecation.html#deprecation-of-object-mode-fall-back-behaviour-when-using-jit for details.
  def radius(center, positions):
/zhome/2e/2/164651/iGEM/dtu-denmark/heidelberg_maws/Kernels.py:48: NumbaDeprecationWarning: The 'nopython' keyword argument was not supplied to the 'numba.jit' decorator. The implicit default value for this argument is currently False, but it will be changed to True in Numba 0.59.0. See https://numba.readthedocs.io/en/stable/reference/deprecation.html#deprecation-of-object-mode-fall-back-behaviour-when-using-jit for details.
  def kullbackLeiblerDivergenceKernel(sample, reference_sample):
/zhome/2e/2/164651/iGEM/dtu-denmark/heidelberg_maws/Kernels.py:52: NumbaDeprecationWarning: The 'nopython' keyword argument was not supplied to the 'numba.jit' decorator. The implicit default value for this argument is currently False, but it will be changed to True in Numba 0.59.0. See https://numba.readthedocs.io/en/stable/reference/deprecation.html#deprecation-of-object-mode-fall-back-behaviour-when-using-jit for details.
  def EntropyKernel(sample):
/zhome/2e/2/164651/iGEM/dtu-denmark/heidelberg_maws/Kernels.py:59: NumbaDeprecationWarning: The 'nopython' keyword argument was not supplied to the 'numba.jit' decorator. The implicit default value for this argument is currently False, but it will be changed to True in Numba 0.59.0. See https://numba.readthedocs.io/en/stable/reference/deprecation.html#deprecation-of-object-mode-fall-back-behaviour-when-using-jit for details.
  def ZPS(sample, beta=0.001):
/zhome/2e/2/164651/iGEM/dtu-denmark/heidelberg_maws/Kernels.py:68: NumbaDeprecationWarning: The 'nopython' keyword argument was not supplied to the 'numba.jit' decorator. The implicit default value for this argument is currently False, but it will be changed to True in Numba 0.59.0. See https://numba.readthedocs.io/en/stable/reference/deprecation.html#deprecation-of-object-mode-fall-back-behaviour-when-using-jit for details.
  def S(sample, beta=0.001):
/zhome/2e/2/164651/miniconda3/envs/maws_p3/lib/python3.9/site-packages/openmm/app/internal/amber_file_parser.py:1165: UserWarning: Non-optimal GB parameters detected for GB model OBC1
  warnings.warn(
Traceback (most recent call last):
  File "/zhome/2e/2/164651/iGEM/dtu-denmark/heidelberg_maws/MAWS2017.py", line 145, in <module>
    aptamer.create_sequence(ntide)
  File "/zhome/2e/2/164651/iGEM/dtu-denmark/heidelberg_maws/Complex.py", line 78, in create_sequence
    sequence_array = self.structure.translate(sequence).split(' ')
  File "/zhome/2e/2/164651/iGEM/dtu-denmark/heidelberg_maws/Structure.py", line 119, in translate
    return self.alias[sequence_array[0]][0]
TypeError: 'NoneType' object is not subscriptable
