SEQUENCE: G ENTROPY: -0.647177244939122935672224312940261472899128650605637131435821 ENERGY: 109.22516508697095
SEQUENCE: A ENTROPY: -0.385988786427319959347975428633671822518221521180130086550454 ENERGY: 332.0089251628806
SEQUENCE: T ENTROPY: -0.809797351769266228300700251231023341537263471144309051575521 ENERGY: 737.4019500172428
SEQUENCE: C ENTROPY: -1.0485247095967334363782989518852175484804136212389499276037 ENERGY: 57.28398223267152
SEQUENCE: C G ENTROPY: -2.30258509299404568401799145468436420760110148862877297603333 ENERGY: -817.0975854054941
SEQUENCE: G C ENTROPY: -2.30204760402876179427332780021312093863060705599704218658572 ENERGY: 1847.0278295991698
SEQUENCE: C A ENTROPY: -2.30258509299404568401799145468436420760110148862877297603303 ENERGY: -846.6729976233596
SEQUENCE: A C ENTROPY: -2.30258508925568017198122733354409792701371842100690695874836 ENERGY: -1035.0787049251626
SEQUENCE: C T ENTROPY: -2.30258509299404568401799145468436420760110148862877297603333 ENERGY: 160.5807964379868
SEQUENCE: T C ENTROPY: -2.30258509299404568401799145468436420760110148862877297603333 ENERGY: 49189.326133995644
SEQUENCE: C C ENTROPY: -2.30258509299404568401799145468436420760110148862877297603333 ENERGY: -848.1540259986214
SEQUENCE: C C ENTROPY: -2.30258509299404568401799145468436420760110148862877297603333 ENERGY: 785.4676196930125
SEQUENCE: C G G ENTROPY: -2.11676798290118145664060370350172890921609737047509882752384 ENERGY: -2215.7470132175113
SEQUENCE: G C G ENTROPY: -2.30258509299404568401799145468257685690978418673571167207034 ENERGY: 2587.5292511315074
SEQUENCE: C G A ENTROPY: -1.78364441971744220018039848186679877904993709911045061253311 ENERGY: -1925.1843140424721
SEQUENCE: A C G ENTROPY: -2.30258509299404568401799145468436420760110148862877297603333 ENERGY: 4870.568578251197
SEQUENCE: C G T ENTROPY: -2.30258509299404568401799145468436420760110148862877297603319 ENERGY: 1419.9067458407771
SEQUENCE: T C G ENTROPY: -2.30258509299404568401799145468436270720142410610816805885915 ENERGY: 67101.59908647103
SEQUENCE: C G C ENTROPY: -2.30258509299404568401799145468436420760110148862877297603333 ENERGY: -2414.928903931303
SEQUENCE: C C G ENTROPY: -2.30258509299404568401799145468436420760110148862877297603333 ENERGY: 17377.3645020783
SEQUENCE: A C G G ENTROPY: -2.30258509299404568401799145468436420760110148862877297603333 ENERGY: 1668.8924438359627
SEQUENCE: G A C G ENTROPY: -2.30258509299404568401799145468436420760110148862877297603333 ENERGY: -1052.8925057065048
SEQUENCE: A C G A ENTROPY: -2.30258509299404568401799145468436420760110148862877297603333 ENERGY: 826665.9978695881
SEQUENCE: A A C G ENTROPY: -2.30258509299404568401799145468436420760110148862877297603333 ENERGY: 14487.374684961434
SEQUENCE: A C G T ENTROPY: -2.30258509299404568401799145468436420760110148862877297603333 ENERGY: 155.12323585722606
SEQUENCE: T A C G ENTROPY: -2.30258509299404568401799145468436420760110148862877297603333 ENERGY: 10094.273701374723
SEQUENCE: A C G C ENTROPY: -2.30258509299404568401799145468436420760110148862877297603333 ENERGY: -2565.66460142051
SEQUENCE: C A C G ENTROPY: -2.30258509299404211827184271553128601117041519610398567295528 ENERGY: 58326.39421208113
