MAWS - Making Aptamers With Software
Active version: 2.0 (released:_2017)
Computational method: Kullback-Leibler
Job: maws_trash_aptamer
Input file: pfoa.pdb
Sample number in initial step: 5000
Sample number per further steps: 5000
Number of further steps: 2 (sequence length = )
Value of beta: 0.01
Start time: 2023-08-17 16:03:41.170017
Initialized succesfully!
2023-08-17 16:06:13.740620: starting initial step for 'G'
2023-08-17 16:08:17.736388: starting initial step for 'A'
2023-08-17 16:10:19.307082: starting initial step for 'U'
2023-08-17 16:12:09.168471: starting initial step for 'C'
2023-08-17 16:14:03.589595: Completed first step. Selected nucleotide: C
2023-08-17 16:14:03.589639: Starting further steps to append 2 nucleotides
2023-08-17 16:32:03.966246: Completed step 2. Selected sequence: A C
2023-08-17 16:50:50.006302: Completed step 3. Selected sequence: U A C
2023-08-17 16:50:51.959604: Run completed. Thank you for using MAWS!

Final sequence: U A C
