/zhome/2e/2/164651/miniconda3/envs/maws_p3/bin/python

Welcome to antechamber 22.0: molecular input file processor.

Info: acdoctor mode is on: check and diagnose problems in the input file.
Info: The atom type is set to gaff; the options available to the -at flag are
      gaff, gaff2, amber, bcc, and sybyl.

-- Check Format for pdb File --
   Status: pass
-- Check Unusual Elements --
   Status: pass
-- Check Open Valences --
   Status: pass
-- Check Geometry --
      for those bonded   
      for those not bonded   
   Status: pass
-- Check Weird Bonds --
   Status: pass
-- Check Number of Units --
   Status: pass
acdoctor mode has completed checking the input file.

Info: Total number of electrons: 200; net charge: 0

Running: /zhome/2e/2/164651/miniconda3/envs/maws_p3/bin/sqm -O -i sqm.in -o sqm.out

-I: Adding /zhome/2e/2/164651/miniconda3/envs/maws_p3/dat/leap/prep to search path.
-I: Adding /zhome/2e/2/164651/miniconda3/envs/maws_p3/dat/leap/lib to search path.
-I: Adding /zhome/2e/2/164651/miniconda3/envs/maws_p3/dat/leap/parm to search path.
-I: Adding /zhome/2e/2/164651/miniconda3/envs/maws_p3/dat/leap/cmd to search path.
-f: Source pfoa.in.

Welcome to LEaP!
(no leaprc in search path)
Sourcing: ./pfoa.in
----- Source: /zhome/2e/2/164651/miniconda3/envs/maws_p3/dat/leap/cmd/leaprc.RNA.OL3
----- Source of /zhome/2e/2/164651/miniconda3/envs/maws_p3/dat/leap/cmd/leaprc.RNA.OL3 done
Log file: ./leap.log
Loading parameters: /zhome/2e/2/164651/miniconda3/envs/maws_p3/dat/leap/parm/parm10.dat
Reading title:
PARM99 + frcmod.ff99SB + frcmod.parmbsc0 + OL3 for RNA
Loading library: /zhome/2e/2/164651/miniconda3/envs/maws_p3/dat/leap/lib/RNA.lib
----- Source: /zhome/2e/2/164651/miniconda3/envs/maws_p3/dat/leap/cmd/leaprc.gaff2
----- Source of /zhome/2e/2/164651/miniconda3/envs/maws_p3/dat/leap/cmd/leaprc.gaff2 done
Log file: ./leap.log
Loading parameters: /zhome/2e/2/164651/miniconda3/envs/maws_p3/dat/leap/parm/gaff2.dat
Reading title:
AMBER General Force Field for organic molecules (Version 2.2.20, March 2021)
Loading Mol2 file: ./pfoa.mol2
Reading MOLECULE named PDB
Loading parameters: ./PDB.frcmod
Reading force field modification type file (frcmod)
Reading title:
Remark line goes here
Checking 'PDB'....
Checking parameters for unit 'PDB'.
Checking for bond parameters.
Checking for angle parameters.
Unit is OK.
Building topology.
Building atom parameters.
Writing pdb file: PDB_tmp.pdb
	Quit

Exiting LEaP: Errors = 0; Warnings = 0; Notes = 0.

Welcome to antechamber 22.0: molecular input file processor.

Info: acdoctor mode is on: check and diagnose problems in the input file.
Info: The atom type is set to gaff; the options available to the -at flag are
      gaff, gaff2, amber, bcc, and sybyl.

-- Check Format for pdb File --
   Status: pass
-- Check Unusual Elements --
   Status: pass
-- Check Open Valences --
   Status: pass
-- Check Geometry --
      for those bonded   
      for those not bonded   
   Status: pass
-- Check Weird Bonds --
   Status: pass
-- Check Number of Units --
   Status: pass
acdoctor mode has completed checking the input file.

Info: Total number of electrons: 200; net charge: 0

Running: /zhome/2e/2/164651/miniconda3/envs/maws_p3/bin/sqm -O -i sqm.in -o sqm.out

-I: Adding /zhome/2e/2/164651/miniconda3/envs/maws_p3/dat/leap/prep to search path.
-I: Adding /zhome/2e/2/164651/miniconda3/envs/maws_p3/dat/leap/lib to search path.
-I: Adding /zhome/2e/2/164651/miniconda3/envs/maws_p3/dat/leap/parm to search path.
-I: Adding /zhome/2e/2/164651/miniconda3/envs/maws_p3/dat/leap/cmd to search path.
-f: Source pfoa.in.

Welcome to LEaP!
(no leaprc in search path)
Sourcing: ./pfoa.in
----- Source: /zhome/2e/2/164651/miniconda3/envs/maws_p3/dat/leap/cmd/leaprc.RNA.OL3
----- Source of /zhome/2e/2/164651/miniconda3/envs/maws_p3/dat/leap/cmd/leaprc.RNA.OL3 done
Log file: ./leap.log
Loading parameters: /zhome/2e/2/164651/miniconda3/envs/maws_p3/dat/leap/parm/parm10.dat
Reading title:
PARM99 + frcmod.ff99SB + frcmod.parmbsc0 + OL3 for RNA
Loading library: /zhome/2e/2/164651/miniconda3/envs/maws_p3/dat/leap/lib/RNA.lib
----- Source: /zhome/2e/2/164651/miniconda3/envs/maws_p3/dat/leap/cmd/leaprc.gaff2
----- Source of /zhome/2e/2/164651/miniconda3/envs/maws_p3/dat/leap/cmd/leaprc.gaff2 done
Log file: ./leap.log
Loading parameters: /zhome/2e/2/164651/miniconda3/envs/maws_p3/dat/leap/parm/gaff2.dat
Reading title:
AMBER General Force Field for organic molecules (Version 2.2.20, March 2021)
Loading Mol2 file: ./pfoa.mol2
Reading MOLECULE named PDB
Loading parameters: ./PDB.frcmod
Reading force field modification type file (frcmod)
Reading title:
Remark line goes here
Checking 'PDB'....
Checking parameters for unit 'PDB'.
Checking for bond parameters.
Checking for angle parameters.
Unit is OK.
Building topology.
Building atom parameters.
Writing pdb file: PDB_tmp.pdb
	Quit

Exiting LEaP: Errors = 0; Warnings = 0; Notes = 0.
-I: Adding /zhome/2e/2/164651/miniconda3/envs/maws_p3/dat/leap/prep to search path.
-I: Adding /zhome/2e/2/164651/miniconda3/envs/maws_p3/dat/leap/lib to search path.
-I: Adding /zhome/2e/2/164651/miniconda3/envs/maws_p3/dat/leap/parm to search path.
-I: Adding /zhome/2e/2/164651/miniconda3/envs/maws_p3/dat/leap/cmd to search path.
-f: Source out.in.

Welcome to LEaP!
(no leaprc in search path)
Sourcing: ./out.in
----- Source: /zhome/2e/2/164651/miniconda3/envs/maws_p3/dat/leap/cmd/leaprc.RNA.OL3
----- Source of /zhome/2e/2/164651/miniconda3/envs/maws_p3/dat/leap/cmd/leaprc.RNA.OL3 done
Log file: ./leap.log
Loading parameters: /zhome/2e/2/164651/miniconda3/envs/maws_p3/dat/leap/parm/parm10.dat
Reading title:
PARM99 + frcmod.ff99SB + frcmod.parmbsc0 + OL3 for RNA
Loading library: /zhome/2e/2/164651/miniconda3/envs/maws_p3/dat/leap/lib/RNA.lib
----- Source: /zhome/2e/2/164651/miniconda3/envs/maws_p3/dat/leap/cmd/leaprc.gaff2
----- Source of /zhome/2e/2/164651/miniconda3/envs/maws_p3/dat/leap/cmd/leaprc.gaff2 done
Log file: ./leap.log
Loading parameters: /zhome/2e/2/164651/miniconda3/envs/maws_p3/dat/leap/parm/gaff2.dat
Reading title:
AMBER General Force Field for organic molecules (Version 2.2.20, March 2021)
Loading library: ./PDB.lib
Loading parameters: ./PDB.frcmod
Reading force field modification type file (frcmod)
Reading title:
Remark line goes here
Checking Unit.
Building topology.
Building atom parameters.
Building bond parameters.
Building angle parameters.
Building proper torsion parameters.
Building improper torsion parameters.
 total 1 improper torsion applied
Building H-Bond parameters.
Incorporating Non-Bonded adjustments.
Not Marking per-residue atom chain types.
Marking per-residue atom chain types.
  (Residues lacking connect0/connect1 - 
   these don't have chain types marked:

	res	total affected

	PDB	1
  )
 (no restraints)
	Quit

Exiting LEaP: Errors = 0; Warnings = 0; Notes = 0.
-I: Adding /zhome/2e/2/164651/miniconda3/envs/maws_p3/dat/leap/prep to search path.
-I: Adding /zhome/2e/2/164651/miniconda3/envs/maws_p3/dat/leap/lib to search path.
-I: Adding /zhome/2e/2/164651/miniconda3/envs/maws_p3/dat/leap/parm to search path.
-I: Adding /zhome/2e/2/164651/miniconda3/envs/maws_p3/dat/leap/cmd to search path.
-f: Source out.in.

Welcome to LEaP!
(no leaprc in search path)
Sourcing: ./out.in
----- Source: /zhome/2e/2/164651/miniconda3/envs/maws_p3/dat/leap/cmd/leaprc.RNA.OL3
----- Source of /zhome/2e/2/164651/miniconda3/envs/maws_p3/dat/leap/cmd/leaprc.RNA.OL3 done
Log file: ./leap.log
Loading parameters: /zhome/2e/2/164651/miniconda3/envs/maws_p3/dat/leap/parm/parm10.dat
Reading title:
PARM99 + frcmod.ff99SB + frcmod.parmbsc0 + OL3 for RNA
Loading library: /zhome/2e/2/164651/miniconda3/envs/maws_p3/dat/leap/lib/RNA.lib
----- Source: /zhome/2e/2/164651/miniconda3/envs/maws_p3/dat/leap/cmd/leaprc.gaff2
----- Source of /zhome/2e/2/164651/miniconda3/envs/maws_p3/dat/leap/cmd/leaprc.gaff2 done
Log file: ./leap.log
Loading parameters: /zhome/2e/2/164651/miniconda3/envs/maws_p3/dat/leap/parm/gaff2.dat
Reading title:
AMBER General Force Field for organic molecules (Version 2.2.20, March 2021)
Loading library: ./PDB.lib
Loading parameters: ./PDB.frcmod
Reading force field modification type file (frcmod)
Reading title:
Remark line goes here
Checking Unit.
Building topology.
Building atom parameters.
Building bond parameters.
Building angle parameters.
Building proper torsion parameters.
Building improper torsion parameters.
 total 9 improper torsions applied
Building H-Bond parameters.
Incorporating Non-Bonded adjustments.
Not Marking per-residue atom chain types.
Marking per-residue atom chain types.
  (Residues lacking connect0/connect1 - 
   these don't have chain types marked:

	res	total affected

	PDB	1
  )
 (no restraints)
	Quit

Exiting LEaP: Errors = 0; Warnings = 0; Notes = 0.
-I: Adding /zhome/2e/2/164651/miniconda3/envs/maws_p3/dat/leap/prep to search path.
-I: Adding /zhome/2e/2/164651/miniconda3/envs/maws_p3/dat/leap/lib to search path.
-I: Adding /zhome/2e/2/164651/miniconda3/envs/maws_p3/dat/leap/parm to search path.
-I: Adding /zhome/2e/2/164651/miniconda3/envs/maws_p3/dat/leap/cmd to search path.
-f: Source out.in.

Welcome to LEaP!
(no leaprc in search path)
Sourcing: ./out.in
----- Source: /zhome/2e/2/164651/miniconda3/envs/maws_p3/dat/leap/cmd/leaprc.RNA.OL3
----- Source of /zhome/2e/2/164651/miniconda3/envs/maws_p3/dat/leap/cmd/leaprc.RNA.OL3 done
Log file: ./leap.log
Loading parameters: /zhome/2e/2/164651/miniconda3/envs/maws_p3/dat/leap/parm/parm10.dat
Reading title:
PARM99 + frcmod.ff99SB + frcmod.parmbsc0 + OL3 for RNA
Loading library: /zhome/2e/2/164651/miniconda3/envs/maws_p3/dat/leap/lib/RNA.lib
----- Source: /zhome/2e/2/164651/miniconda3/envs/maws_p3/dat/leap/cmd/leaprc.gaff2
----- Source of /zhome/2e/2/164651/miniconda3/envs/maws_p3/dat/leap/cmd/leaprc.gaff2 done
Log file: ./leap.log
Loading parameters: /zhome/2e/2/164651/miniconda3/envs/maws_p3/dat/leap/parm/gaff2.dat
Reading title:
AMBER General Force Field for organic molecules (Version 2.2.20, March 2021)
Loading library: ./PDB.lib
Loading parameters: ./PDB.frcmod
Reading force field modification type file (frcmod)
Reading title:
Remark line goes here
Checking Unit.
Building topology.
Building atom parameters.
Building bond parameters.
Building angle parameters.
Building proper torsion parameters.
Building improper torsion parameters.
 total 8 improper torsions applied
Building H-Bond parameters.
Incorporating Non-Bonded adjustments.
Not Marking per-residue atom chain types.
Marking per-residue atom chain types.
  (Residues lacking connect0/connect1 - 
   these don't have chain types marked:

	res	total affected

	PDB	1
  )
 (no restraints)
	Quit

Exiting LEaP: Errors = 0; Warnings = 0; Notes = 0.
-I: Adding /zhome/2e/2/164651/miniconda3/envs/maws_p3/dat/leap/prep to search path.
-I: Adding /zhome/2e/2/164651/miniconda3/envs/maws_p3/dat/leap/lib to search path.
-I: Adding /zhome/2e/2/164651/miniconda3/envs/maws_p3/dat/leap/parm to search path.
-I: Adding /zhome/2e/2/164651/miniconda3/envs/maws_p3/dat/leap/cmd to search path.
-f: Source out.in.

Welcome to LEaP!
(no leaprc in search path)
Sourcing: ./out.in
----- Source: /zhome/2e/2/164651/miniconda3/envs/maws_p3/dat/leap/cmd/leaprc.RNA.OL3
----- Source of /zhome/2e/2/164651/miniconda3/envs/maws_p3/dat/leap/cmd/leaprc.RNA.OL3 done
Log file: ./leap.log
Loading parameters: /zhome/2e/2/164651/miniconda3/envs/maws_p3/dat/leap/parm/parm10.dat
Reading title:
PARM99 + frcmod.ff99SB + frcmod.parmbsc0 + OL3 for RNA
Loading library: /zhome/2e/2/164651/miniconda3/envs/maws_p3/dat/leap/lib/RNA.lib
----- Source: /zhome/2e/2/164651/miniconda3/envs/maws_p3/dat/leap/cmd/leaprc.gaff2
----- Source of /zhome/2e/2/164651/miniconda3/envs/maws_p3/dat/leap/cmd/leaprc.gaff2 done
Log file: ./leap.log
Loading parameters: /zhome/2e/2/164651/miniconda3/envs/maws_p3/dat/leap/parm/gaff2.dat
Reading title:
AMBER General Force Field for organic molecules (Version 2.2.20, March 2021)
Loading library: ./PDB.lib
Loading parameters: ./PDB.frcmod
Reading force field modification type file (frcmod)
Reading title:
Remark line goes here
Checking Unit.
Building topology.
Building atom parameters.
Building bond parameters.
Building angle parameters.
Building proper torsion parameters.
Building improper torsion parameters.
 total 7 improper torsions applied
Building H-Bond parameters.
Incorporating Non-Bonded adjustments.
Not Marking per-residue atom chain types.
Marking per-residue atom chain types.
  (Residues lacking connect0/connect1 - 
   these don't have chain types marked:

	res	total affected

	PDB	1
  )
 (no restraints)
	Quit

Exiting LEaP: Errors = 0; Warnings = 0; Notes = 0.
-I: Adding /zhome/2e/2/164651/miniconda3/envs/maws_p3/dat/leap/prep to search path.
-I: Adding /zhome/2e/2/164651/miniconda3/envs/maws_p3/dat/leap/lib to search path.
-I: Adding /zhome/2e/2/164651/miniconda3/envs/maws_p3/dat/leap/parm to search path.
-I: Adding /zhome/2e/2/164651/miniconda3/envs/maws_p3/dat/leap/cmd to search path.
-f: Source out.in.

Welcome to LEaP!
(no leaprc in search path)
Sourcing: ./out.in
----- Source: /zhome/2e/2/164651/miniconda3/envs/maws_p3/dat/leap/cmd/leaprc.RNA.OL3
----- Source of /zhome/2e/2/164651/miniconda3/envs/maws_p3/dat/leap/cmd/leaprc.RNA.OL3 done
Log file: ./leap.log
Loading parameters: /zhome/2e/2/164651/miniconda3/envs/maws_p3/dat/leap/parm/parm10.dat
Reading title:
PARM99 + frcmod.ff99SB + frcmod.parmbsc0 + OL3 for RNA
Loading library: /zhome/2e/2/164651/miniconda3/envs/maws_p3/dat/leap/lib/RNA.lib
----- Source: /zhome/2e/2/164651/miniconda3/envs/maws_p3/dat/leap/cmd/leaprc.gaff2
----- Source of /zhome/2e/2/164651/miniconda3/envs/maws_p3/dat/leap/cmd/leaprc.gaff2 done
Log file: ./leap.log
Loading parameters: /zhome/2e/2/164651/miniconda3/envs/maws_p3/dat/leap/parm/gaff2.dat
Reading title:
AMBER General Force Field for organic molecules (Version 2.2.20, March 2021)
Loading library: ./PDB.lib
Loading parameters: ./PDB.frcmod
Reading force field modification type file (frcmod)
Reading title:
Remark line goes here
Checking Unit.
Building topology.
Building atom parameters.
Building bond parameters.
Building angle parameters.
Building proper torsion parameters.
Building improper torsion parameters.
 total 7 improper torsions applied
Building H-Bond parameters.
Incorporating Non-Bonded adjustments.
Not Marking per-residue atom chain types.
Marking per-residue atom chain types.
  (Residues lacking connect0/connect1 - 
   these don't have chain types marked:

	res	total affected

	PDB	1
  )
 (no restraints)
	Quit

Exiting LEaP: Errors = 0; Warnings = 0; Notes = 0.
-I: Adding /zhome/2e/2/164651/miniconda3/envs/maws_p3/dat/leap/prep to search path.
-I: Adding /zhome/2e/2/164651/miniconda3/envs/maws_p3/dat/leap/lib to search path.
-I: Adding /zhome/2e/2/164651/miniconda3/envs/maws_p3/dat/leap/parm to search path.
-I: Adding /zhome/2e/2/164651/miniconda3/envs/maws_p3/dat/leap/cmd to search path.
-f: Source out.in.

Welcome to LEaP!
(no leaprc in search path)
Sourcing: ./out.in
----- Source: /zhome/2e/2/164651/miniconda3/envs/maws_p3/dat/leap/cmd/leaprc.RNA.OL3
----- Source of /zhome/2e/2/164651/miniconda3/envs/maws_p3/dat/leap/cmd/leaprc.RNA.OL3 done
Log file: ./leap.log
Loading parameters: /zhome/2e/2/164651/miniconda3/envs/maws_p3/dat/leap/parm/parm10.dat
Reading title:
PARM99 + frcmod.ff99SB + frcmod.parmbsc0 + OL3 for RNA
Loading library: /zhome/2e/2/164651/miniconda3/envs/maws_p3/dat/leap/lib/RNA.lib
----- Source: /zhome/2e/2/164651/miniconda3/envs/maws_p3/dat/leap/cmd/leaprc.gaff2
----- Source of /zhome/2e/2/164651/miniconda3/envs/maws_p3/dat/leap/cmd/leaprc.gaff2 done
Log file: ./leap.log
Loading parameters: /zhome/2e/2/164651/miniconda3/envs/maws_p3/dat/leap/parm/gaff2.dat
Reading title:
AMBER General Force Field for organic molecules (Version 2.2.20, March 2021)
Loading library: ./PDB.lib
Loading parameters: ./PDB.frcmod
Reading force field modification type file (frcmod)
Reading title:
Remark line goes here
Checking Unit.
Building topology.
Building atom parameters.
Building bond parameters.
Building angle parameters.
Building proper torsion parameters.
Building improper torsion parameters.
 total 7 improper torsions applied
Building H-Bond parameters.
Incorporating Non-Bonded adjustments.
Not Marking per-residue atom chain types.
Marking per-residue atom chain types.
  (Residues lacking connect0/connect1 - 
   these don't have chain types marked:

	res	total affected

	PDB	1
  )
 (no restraints)
	Quit

Exiting LEaP: Errors = 0; Warnings = 0; Notes = 0.
-I: Adding /zhome/2e/2/164651/miniconda3/envs/maws_p3/dat/leap/prep to search path.
-I: Adding /zhome/2e/2/164651/miniconda3/envs/maws_p3/dat/leap/lib to search path.
-I: Adding /zhome/2e/2/164651/miniconda3/envs/maws_p3/dat/leap/parm to search path.
-I: Adding /zhome/2e/2/164651/miniconda3/envs/maws_p3/dat/leap/cmd to search path.
-f: Source out.in.

Welcome to LEaP!
(no leaprc in search path)
Sourcing: ./out.in
----- Source: /zhome/2e/2/164651/miniconda3/envs/maws_p3/dat/leap/cmd/leaprc.RNA.OL3
----- Source of /zhome/2e/2/164651/miniconda3/envs/maws_p3/dat/leap/cmd/leaprc.RNA.OL3 done
Log file: ./leap.log
Loading parameters: /zhome/2e/2/164651/miniconda3/envs/maws_p3/dat/leap/parm/parm10.dat
Reading title:
PARM99 + frcmod.ff99SB + frcmod.parmbsc0 + OL3 for RNA
Loading library: /zhome/2e/2/164651/miniconda3/envs/maws_p3/dat/leap/lib/RNA.lib
----- Source: /zhome/2e/2/164651/miniconda3/envs/maws_p3/dat/leap/cmd/leaprc.gaff2
----- Source of /zhome/2e/2/164651/miniconda3/envs/maws_p3/dat/leap/cmd/leaprc.gaff2 done
Log file: ./leap.log
Loading parameters: /zhome/2e/2/164651/miniconda3/envs/maws_p3/dat/leap/parm/gaff2.dat
Reading title:
AMBER General Force Field for organic molecules (Version 2.2.20, March 2021)
Loading library: ./PDB.lib
Loading parameters: ./PDB.frcmod
Reading force field modification type file (frcmod)
Reading title:
Remark line goes here
Checking Unit.

/zhome/2e/2/164651/miniconda3/envs/maws_p3/bin/teLeap: Warning!
The unperturbed charge of the unit (-1.002000) is not zero.

/zhome/2e/2/164651/miniconda3/envs/maws_p3/bin/teLeap: Note.
Ignoring the warning from Unit Checking.

Building topology.
Building atom parameters.
Building bond parameters.
Building angle parameters.
Building proper torsion parameters.
Building improper torsion parameters.
 total 15 improper torsions applied
Building H-Bond parameters.
Incorporating Non-Bonded adjustments.
Not Marking per-residue atom chain types.
Marking per-residue atom chain types.
  (Residues lacking connect0/connect1 - 
   these don't have chain types marked:

	res	total affected

	PDB	1
  )
 (no restraints)
	Quit

Exiting LEaP: Errors = 0; Warnings = 1; Notes = 1.
-I: Adding /zhome/2e/2/164651/miniconda3/envs/maws_p3/dat/leap/prep to search path.
-I: Adding /zhome/2e/2/164651/miniconda3/envs/maws_p3/dat/leap/lib to search path.
-I: Adding /zhome/2e/2/164651/miniconda3/envs/maws_p3/dat/leap/parm to search path.
-I: Adding /zhome/2e/2/164651/miniconda3/envs/maws_p3/dat/leap/cmd to search path.
-f: Source out.in.

Welcome to LEaP!
(no leaprc in search path)
Sourcing: ./out.in
----- Source: /zhome/2e/2/164651/miniconda3/envs/maws_p3/dat/leap/cmd/leaprc.RNA.OL3
----- Source of /zhome/2e/2/164651/miniconda3/envs/maws_p3/dat/leap/cmd/leaprc.RNA.OL3 done
Log file: ./leap.log
Loading parameters: /zhome/2e/2/164651/miniconda3/envs/maws_p3/dat/leap/parm/parm10.dat
Reading title:
PARM99 + frcmod.ff99SB + frcmod.parmbsc0 + OL3 for RNA
Loading library: /zhome/2e/2/164651/miniconda3/envs/maws_p3/dat/leap/lib/RNA.lib
----- Source: /zhome/2e/2/164651/miniconda3/envs/maws_p3/dat/leap/cmd/leaprc.gaff2
----- Source of /zhome/2e/2/164651/miniconda3/envs/maws_p3/dat/leap/cmd/leaprc.gaff2 done
Log file: ./leap.log
Loading parameters: /zhome/2e/2/164651/miniconda3/envs/maws_p3/dat/leap/parm/gaff2.dat
Reading title:
AMBER General Force Field for organic molecules (Version 2.2.20, March 2021)
Loading library: ./PDB.lib
Loading parameters: ./PDB.frcmod
Reading force field modification type file (frcmod)
Reading title:
Remark line goes here
Checking Unit.
Building topology.
Building atom parameters.
Building bond parameters.
Building angle parameters.
Building proper torsion parameters.
Building improper torsion parameters.
 total 7 improper torsions applied
Building H-Bond parameters.
Incorporating Non-Bonded adjustments.
Not Marking per-residue atom chain types.
Marking per-residue atom chain types.
  (Residues lacking connect0/connect1 - 
   these don't have chain types marked:

	res	total affected

	PDB	1
  )
 (no restraints)
	Quit

Exiting LEaP: Errors = 0; Warnings = 0; Notes = 0.
-I: Adding /zhome/2e/2/164651/miniconda3/envs/maws_p3/dat/leap/prep to search path.
-I: Adding /zhome/2e/2/164651/miniconda3/envs/maws_p3/dat/leap/lib to search path.
-I: Adding /zhome/2e/2/164651/miniconda3/envs/maws_p3/dat/leap/parm to search path.
-I: Adding /zhome/2e/2/164651/miniconda3/envs/maws_p3/dat/leap/cmd to search path.
-f: Source out.in.

Welcome to LEaP!
(no leaprc in search path)
Sourcing: ./out.in
----- Source: /zhome/2e/2/164651/miniconda3/envs/maws_p3/dat/leap/cmd/leaprc.RNA.OL3
----- Source of /zhome/2e/2/164651/miniconda3/envs/maws_p3/dat/leap/cmd/leaprc.RNA.OL3 done
Log file: ./leap.log
Loading parameters: /zhome/2e/2/164651/miniconda3/envs/maws_p3/dat/leap/parm/parm10.dat
Reading title:
PARM99 + frcmod.ff99SB + frcmod.parmbsc0 + OL3 for RNA
Loading library: /zhome/2e/2/164651/miniconda3/envs/maws_p3/dat/leap/lib/RNA.lib
----- Source: /zhome/2e/2/164651/miniconda3/envs/maws_p3/dat/leap/cmd/leaprc.gaff2
----- Source of /zhome/2e/2/164651/miniconda3/envs/maws_p3/dat/leap/cmd/leaprc.gaff2 done
Log file: ./leap.log
Loading parameters: /zhome/2e/2/164651/miniconda3/envs/maws_p3/dat/leap/parm/gaff2.dat
Reading title:
AMBER General Force Field for organic molecules (Version 2.2.20, March 2021)
Loading library: ./PDB.lib
Loading parameters: ./PDB.frcmod
Reading force field modification type file (frcmod)
Reading title:
Remark line goes here
Checking Unit.

/zhome/2e/2/164651/miniconda3/envs/maws_p3/bin/teLeap: Warning!
The unperturbed charge of the unit (-1.002000) is not zero.

/zhome/2e/2/164651/miniconda3/envs/maws_p3/bin/teLeap: Note.
Ignoring the warning from Unit Checking.

Building topology.
Building atom parameters.
Building bond parameters.
Building angle parameters.
Building proper torsion parameters.
Building improper torsion parameters.
 total 15 improper torsions applied
Building H-Bond parameters.
Incorporating Non-Bonded adjustments.
Not Marking per-residue atom chain types.
Marking per-residue atom chain types.
  (Residues lacking connect0/connect1 - 
   these don't have chain types marked:

	res	total affected

	PDB	1
  )
 (no restraints)
	Quit

Exiting LEaP: Errors = 0; Warnings = 1; Notes = 1.
-I: Adding /zhome/2e/2/164651/miniconda3/envs/maws_p3/dat/leap/prep to search path.
-I: Adding /zhome/2e/2/164651/miniconda3/envs/maws_p3/dat/leap/lib to search path.
-I: Adding /zhome/2e/2/164651/miniconda3/envs/maws_p3/dat/leap/parm to search path.
-I: Adding /zhome/2e/2/164651/miniconda3/envs/maws_p3/dat/leap/cmd to search path.
-f: Source out.in.

Welcome to LEaP!
(no leaprc in search path)
Sourcing: ./out.in
----- Source: /zhome/2e/2/164651/miniconda3/envs/maws_p3/dat/leap/cmd/leaprc.RNA.OL3
----- Source of /zhome/2e/2/164651/miniconda3/envs/maws_p3/dat/leap/cmd/leaprc.RNA.OL3 done
Log file: ./leap.log
Loading parameters: /zhome/2e/2/164651/miniconda3/envs/maws_p3/dat/leap/parm/parm10.dat
Reading title:
PARM99 + frcmod.ff99SB + frcmod.parmbsc0 + OL3 for RNA
Loading library: /zhome/2e/2/164651/miniconda3/envs/maws_p3/dat/leap/lib/RNA.lib
----- Source: /zhome/2e/2/164651/miniconda3/envs/maws_p3/dat/leap/cmd/leaprc.gaff2
----- Source of /zhome/2e/2/164651/miniconda3/envs/maws_p3/dat/leap/cmd/leaprc.gaff2 done
Log file: ./leap.log
Loading parameters: /zhome/2e/2/164651/miniconda3/envs/maws_p3/dat/leap/parm/gaff2.dat
Reading title:
AMBER General Force Field for organic molecules (Version 2.2.20, March 2021)
Loading library: ./PDB.lib
Loading parameters: ./PDB.frcmod
Reading force field modification type file (frcmod)
Reading title:
Remark line goes here
Checking Unit.
Building topology.
Building atom parameters.
Building bond parameters.
Building angle parameters.
Building proper torsion parameters.
Building improper torsion parameters.
 total 7 improper torsions applied
Building H-Bond parameters.
Incorporating Non-Bonded adjustments.
Not Marking per-residue atom chain types.
Marking per-residue atom chain types.
  (Residues lacking connect0/connect1 - 
   these don't have chain types marked:

	res	total affected

	PDB	1
  )
 (no restraints)
	Quit

Exiting LEaP: Errors = 0; Warnings = 0; Notes = 0.
-I: Adding /zhome/2e/2/164651/miniconda3/envs/maws_p3/dat/leap/prep to search path.
-I: Adding /zhome/2e/2/164651/miniconda3/envs/maws_p3/dat/leap/lib to search path.
-I: Adding /zhome/2e/2/164651/miniconda3/envs/maws_p3/dat/leap/parm to search path.
-I: Adding /zhome/2e/2/164651/miniconda3/envs/maws_p3/dat/leap/cmd to search path.
-f: Source out.in.

Welcome to LEaP!
(no leaprc in search path)
Sourcing: ./out.in
----- Source: /zhome/2e/2/164651/miniconda3/envs/maws_p3/dat/leap/cmd/leaprc.RNA.OL3
----- Source of /zhome/2e/2/164651/miniconda3/envs/maws_p3/dat/leap/cmd/leaprc.RNA.OL3 done
Log file: ./leap.log
Loading parameters: /zhome/2e/2/164651/miniconda3/envs/maws_p3/dat/leap/parm/parm10.dat
Reading title:
PARM99 + frcmod.ff99SB + frcmod.parmbsc0 + OL3 for RNA
Loading library: /zhome/2e/2/164651/miniconda3/envs/maws_p3/dat/leap/lib/RNA.lib
----- Source: /zhome/2e/2/164651/miniconda3/envs/maws_p3/dat/leap/cmd/leaprc.gaff2
----- Source of /zhome/2e/2/164651/miniconda3/envs/maws_p3/dat/leap/cmd/leaprc.gaff2 done
Log file: ./leap.log
Loading parameters: /zhome/2e/2/164651/miniconda3/envs/maws_p3/dat/leap/parm/gaff2.dat
Reading title:
AMBER General Force Field for organic molecules (Version 2.2.20, March 2021)
Loading library: ./PDB.lib
Loading parameters: ./PDB.frcmod
Reading force field modification type file (frcmod)
Reading title:
Remark line goes here
Checking Unit.

/zhome/2e/2/164651/miniconda3/envs/maws_p3/bin/teLeap: Warning!
The unperturbed charge of the unit (-1.002000) is not zero.

/zhome/2e/2/164651/miniconda3/envs/maws_p3/bin/teLeap: Note.
Ignoring the warning from Unit Checking.

Building topology.
Building atom parameters.
Building bond parameters.
Building angle parameters.
Building proper torsion parameters.
Building improper torsion parameters.
 total 14 improper torsions applied
Building H-Bond parameters.
Incorporating Non-Bonded adjustments.
Not Marking per-residue atom chain types.
Marking per-residue atom chain types.
  (Residues lacking connect0/connect1 - 
   these don't have chain types marked:

	res	total affected

	PDB	1
  )
 (no restraints)
	Quit

Exiting LEaP: Errors = 0; Warnings = 1; Notes = 1.
-I: Adding /zhome/2e/2/164651/miniconda3/envs/maws_p3/dat/leap/prep to search path.
-I: Adding /zhome/2e/2/164651/miniconda3/envs/maws_p3/dat/leap/lib to search path.
-I: Adding /zhome/2e/2/164651/miniconda3/envs/maws_p3/dat/leap/parm to search path.
-I: Adding /zhome/2e/2/164651/miniconda3/envs/maws_p3/dat/leap/cmd to search path.
-f: Source out.in.

Welcome to LEaP!
(no leaprc in search path)
Sourcing: ./out.in
----- Source: /zhome/2e/2/164651/miniconda3/envs/maws_p3/dat/leap/cmd/leaprc.RNA.OL3
----- Source of /zhome/2e/2/164651/miniconda3/envs/maws_p3/dat/leap/cmd/leaprc.RNA.OL3 done
Log file: ./leap.log
Loading parameters: /zhome/2e/2/164651/miniconda3/envs/maws_p3/dat/leap/parm/parm10.dat
Reading title:
PARM99 + frcmod.ff99SB + frcmod.parmbsc0 + OL3 for RNA
Loading library: /zhome/2e/2/164651/miniconda3/envs/maws_p3/dat/leap/lib/RNA.lib
----- Source: /zhome/2e/2/164651/miniconda3/envs/maws_p3/dat/leap/cmd/leaprc.gaff2
----- Source of /zhome/2e/2/164651/miniconda3/envs/maws_p3/dat/leap/cmd/leaprc.gaff2 done
Log file: ./leap.log
Loading parameters: /zhome/2e/2/164651/miniconda3/envs/maws_p3/dat/leap/parm/gaff2.dat
Reading title:
AMBER General Force Field for organic molecules (Version 2.2.20, March 2021)
Loading library: ./PDB.lib
Loading parameters: ./PDB.frcmod
Reading force field modification type file (frcmod)
Reading title:
Remark line goes here
Checking Unit.
Building topology.
Building atom parameters.
Building bond parameters.
Building angle parameters.
Building proper torsion parameters.
Building improper torsion parameters.
 total 7 improper torsions applied
Building H-Bond parameters.
Incorporating Non-Bonded adjustments.
Not Marking per-residue atom chain types.
Marking per-residue atom chain types.
  (Residues lacking connect0/connect1 - 
   these don't have chain types marked:

	res	total affected

	PDB	1
  )
 (no restraints)
	Quit

Exiting LEaP: Errors = 0; Warnings = 0; Notes = 0.
-I: Adding /zhome/2e/2/164651/miniconda3/envs/maws_p3/dat/leap/prep to search path.
-I: Adding /zhome/2e/2/164651/miniconda3/envs/maws_p3/dat/leap/lib to search path.
-I: Adding /zhome/2e/2/164651/miniconda3/envs/maws_p3/dat/leap/parm to search path.
-I: Adding /zhome/2e/2/164651/miniconda3/envs/maws_p3/dat/leap/cmd to search path.
-f: Source out.in.

Welcome to LEaP!
(no leaprc in search path)
Sourcing: ./out.in
----- Source: /zhome/2e/2/164651/miniconda3/envs/maws_p3/dat/leap/cmd/leaprc.RNA.OL3
----- Source of /zhome/2e/2/164651/miniconda3/envs/maws_p3/dat/leap/cmd/leaprc.RNA.OL3 done
Log file: ./leap.log
Loading parameters: /zhome/2e/2/164651/miniconda3/envs/maws_p3/dat/leap/parm/parm10.dat
Reading title:
PARM99 + frcmod.ff99SB + frcmod.parmbsc0 + OL3 for RNA
Loading library: /zhome/2e/2/164651/miniconda3/envs/maws_p3/dat/leap/lib/RNA.lib
----- Source: /zhome/2e/2/164651/miniconda3/envs/maws_p3/dat/leap/cmd/leaprc.gaff2
----- Source of /zhome/2e/2/164651/miniconda3/envs/maws_p3/dat/leap/cmd/leaprc.gaff2 done
Log file: ./leap.log
Loading parameters: /zhome/2e/2/164651/miniconda3/envs/maws_p3/dat/leap/parm/gaff2.dat
Reading title:
AMBER General Force Field for organic molecules (Version 2.2.20, March 2021)
Loading library: ./PDB.lib
Loading parameters: ./PDB.frcmod
Reading force field modification type file (frcmod)
Reading title:
Remark line goes here
Checking Unit.

/zhome/2e/2/164651/miniconda3/envs/maws_p3/bin/teLeap: Warning!
The unperturbed charge of the unit (-1.002000) is not zero.

/zhome/2e/2/164651/miniconda3/envs/maws_p3/bin/teLeap: Note.
Ignoring the warning from Unit Checking.

Building topology.
Building atom parameters.
Building bond parameters.
Building angle parameters.
Building proper torsion parameters.
Building improper torsion parameters.
 total 14 improper torsions applied
Building H-Bond parameters.
Incorporating Non-Bonded adjustments.
Not Marking per-residue atom chain types.
Marking per-residue atom chain types.
  (Residues lacking connect0/connect1 - 
   these don't have chain types marked:

	res	total affected

	PDB	1
  )
 (no restraints)
	Quit

Exiting LEaP: Errors = 0; Warnings = 1; Notes = 1.
-I: Adding /zhome/2e/2/164651/miniconda3/envs/maws_p3/dat/leap/prep to search path.
-I: Adding /zhome/2e/2/164651/miniconda3/envs/maws_p3/dat/leap/lib to search path.
-I: Adding /zhome/2e/2/164651/miniconda3/envs/maws_p3/dat/leap/parm to search path.
-I: Adding /zhome/2e/2/164651/miniconda3/envs/maws_p3/dat/leap/cmd to search path.
-f: Source out.in.

Welcome to LEaP!
(no leaprc in search path)
Sourcing: ./out.in
----- Source: /zhome/2e/2/164651/miniconda3/envs/maws_p3/dat/leap/cmd/leaprc.RNA.OL3
----- Source of /zhome/2e/2/164651/miniconda3/envs/maws_p3/dat/leap/cmd/leaprc.RNA.OL3 done
Log file: ./leap.log
Loading parameters: /zhome/2e/2/164651/miniconda3/envs/maws_p3/dat/leap/parm/parm10.dat
Reading title:
PARM99 + frcmod.ff99SB + frcmod.parmbsc0 + OL3 for RNA
Loading library: /zhome/2e/2/164651/miniconda3/envs/maws_p3/dat/leap/lib/RNA.lib
----- Source: /zhome/2e/2/164651/miniconda3/envs/maws_p3/dat/leap/cmd/leaprc.gaff2
----- Source of /zhome/2e/2/164651/miniconda3/envs/maws_p3/dat/leap/cmd/leaprc.gaff2 done
Log file: ./leap.log
Loading parameters: /zhome/2e/2/164651/miniconda3/envs/maws_p3/dat/leap/parm/gaff2.dat
Reading title:
AMBER General Force Field for organic molecules (Version 2.2.20, March 2021)
Loading library: ./PDB.lib
Loading parameters: ./PDB.frcmod
Reading force field modification type file (frcmod)
Reading title:
Remark line goes here
Checking Unit.
Building topology.
Building atom parameters.
Building bond parameters.
Building angle parameters.
Building proper torsion parameters.
Building improper torsion parameters.
 total 7 improper torsions applied
Building H-Bond parameters.
Incorporating Non-Bonded adjustments.
Not Marking per-residue atom chain types.
Marking per-residue atom chain types.
  (Residues lacking connect0/connect1 - 
   these don't have chain types marked:

	res	total affected

	PDB	1
  )
 (no restraints)
	Quit

Exiting LEaP: Errors = 0; Warnings = 0; Notes = 0.
-I: Adding /zhome/2e/2/164651/miniconda3/envs/maws_p3/dat/leap/prep to search path.
-I: Adding /zhome/2e/2/164651/miniconda3/envs/maws_p3/dat/leap/lib to search path.
-I: Adding /zhome/2e/2/164651/miniconda3/envs/maws_p3/dat/leap/parm to search path.
-I: Adding /zhome/2e/2/164651/miniconda3/envs/maws_p3/dat/leap/cmd to search path.
-f: Source out.in.

Welcome to LEaP!
(no leaprc in search path)
Sourcing: ./out.in
----- Source: /zhome/2e/2/164651/miniconda3/envs/maws_p3/dat/leap/cmd/leaprc.RNA.OL3
----- Source of /zhome/2e/2/164651/miniconda3/envs/maws_p3/dat/leap/cmd/leaprc.RNA.OL3 done
Log file: ./leap.log
Loading parameters: /zhome/2e/2/164651/miniconda3/envs/maws_p3/dat/leap/parm/parm10.dat
Reading title:
PARM99 + frcmod.ff99SB + frcmod.parmbsc0 + OL3 for RNA
Loading library: /zhome/2e/2/164651/miniconda3/envs/maws_p3/dat/leap/lib/RNA.lib
----- Source: /zhome/2e/2/164651/miniconda3/envs/maws_p3/dat/leap/cmd/leaprc.gaff2
----- Source of /zhome/2e/2/164651/miniconda3/envs/maws_p3/dat/leap/cmd/leaprc.gaff2 done
Log file: ./leap.log
Loading parameters: /zhome/2e/2/164651/miniconda3/envs/maws_p3/dat/leap/parm/gaff2.dat
Reading title:
AMBER General Force Field for organic molecules (Version 2.2.20, March 2021)
Loading library: ./PDB.lib
Loading parameters: ./PDB.frcmod
Reading force field modification type file (frcmod)
Reading title:
Remark line goes here
Checking Unit.

/zhome/2e/2/164651/miniconda3/envs/maws_p3/bin/teLeap: Warning!
The unperturbed charge of the unit (-1.002000) is not zero.

/zhome/2e/2/164651/miniconda3/envs/maws_p3/bin/teLeap: Note.
Ignoring the warning from Unit Checking.

Building topology.
Building atom parameters.
Building bond parameters.
Building angle parameters.
Building proper torsion parameters.
Building improper torsion parameters.
 total 13 improper torsions applied
Building H-Bond parameters.
Incorporating Non-Bonded adjustments.
Not Marking per-residue atom chain types.
Marking per-residue atom chain types.
  (Residues lacking connect0/connect1 - 
   these don't have chain types marked:

	res	total affected

	PDB	1
  )
 (no restraints)
	Quit

Exiting LEaP: Errors = 0; Warnings = 1; Notes = 1.
-I: Adding /zhome/2e/2/164651/miniconda3/envs/maws_p3/dat/leap/prep to search path.
-I: Adding /zhome/2e/2/164651/miniconda3/envs/maws_p3/dat/leap/lib to search path.
-I: Adding /zhome/2e/2/164651/miniconda3/envs/maws_p3/dat/leap/parm to search path.
-I: Adding /zhome/2e/2/164651/miniconda3/envs/maws_p3/dat/leap/cmd to search path.
-f: Source out.in.

Welcome to LEaP!
(no leaprc in search path)
Sourcing: ./out.in
----- Source: /zhome/2e/2/164651/miniconda3/envs/maws_p3/dat/leap/cmd/leaprc.RNA.OL3
----- Source of /zhome/2e/2/164651/miniconda3/envs/maws_p3/dat/leap/cmd/leaprc.RNA.OL3 done
Log file: ./leap.log
Loading parameters: /zhome/2e/2/164651/miniconda3/envs/maws_p3/dat/leap/parm/parm10.dat
Reading title:
PARM99 + frcmod.ff99SB + frcmod.parmbsc0 + OL3 for RNA
Loading library: /zhome/2e/2/164651/miniconda3/envs/maws_p3/dat/leap/lib/RNA.lib
----- Source: /zhome/2e/2/164651/miniconda3/envs/maws_p3/dat/leap/cmd/leaprc.gaff2
----- Source of /zhome/2e/2/164651/miniconda3/envs/maws_p3/dat/leap/cmd/leaprc.gaff2 done
Log file: ./leap.log
Loading parameters: /zhome/2e/2/164651/miniconda3/envs/maws_p3/dat/leap/parm/gaff2.dat
Reading title:
AMBER General Force Field for organic molecules (Version 2.2.20, March 2021)
Loading library: ./PDB.lib
Loading parameters: ./PDB.frcmod
Reading force field modification type file (frcmod)
Reading title:
Remark line goes here
Checking Unit.
Building topology.
Building atom parameters.
Building bond parameters.
Building angle parameters.
Building proper torsion parameters.
Building improper torsion parameters.
 total 7 improper torsions applied
Building H-Bond parameters.
Incorporating Non-Bonded adjustments.
Not Marking per-residue atom chain types.
Marking per-residue atom chain types.
  (Residues lacking connect0/connect1 - 
   these don't have chain types marked:

	res	total affected

	PDB	1
  )
 (no restraints)
	Quit

Exiting LEaP: Errors = 0; Warnings = 0; Notes = 0.
-I: Adding /zhome/2e/2/164651/miniconda3/envs/maws_p3/dat/leap/prep to search path.
-I: Adding /zhome/2e/2/164651/miniconda3/envs/maws_p3/dat/leap/lib to search path.
-I: Adding /zhome/2e/2/164651/miniconda3/envs/maws_p3/dat/leap/parm to search path.
-I: Adding /zhome/2e/2/164651/miniconda3/envs/maws_p3/dat/leap/cmd to search path.
-f: Source out.in.

Welcome to LEaP!
(no leaprc in search path)
Sourcing: ./out.in
----- Source: /zhome/2e/2/164651/miniconda3/envs/maws_p3/dat/leap/cmd/leaprc.RNA.OL3
----- Source of /zhome/2e/2/164651/miniconda3/envs/maws_p3/dat/leap/cmd/leaprc.RNA.OL3 done
Log file: ./leap.log
Loading parameters: /zhome/2e/2/164651/miniconda3/envs/maws_p3/dat/leap/parm/parm10.dat
Reading title:
PARM99 + frcmod.ff99SB + frcmod.parmbsc0 + OL3 for RNA
Loading library: /zhome/2e/2/164651/miniconda3/envs/maws_p3/dat/leap/lib/RNA.lib
----- Source: /zhome/2e/2/164651/miniconda3/envs/maws_p3/dat/leap/cmd/leaprc.gaff2
----- Source of /zhome/2e/2/164651/miniconda3/envs/maws_p3/dat/leap/cmd/leaprc.gaff2 done
Log file: ./leap.log
Loading parameters: /zhome/2e/2/164651/miniconda3/envs/maws_p3/dat/leap/parm/gaff2.dat
Reading title:
AMBER General Force Field for organic molecules (Version 2.2.20, March 2021)
Loading library: ./PDB.lib
Loading parameters: ./PDB.frcmod
Reading force field modification type file (frcmod)
Reading title:
Remark line goes here
Checking Unit.

/zhome/2e/2/164651/miniconda3/envs/maws_p3/bin/teLeap: Warning!
The unperturbed charge of the unit (-1.002000) is not zero.

/zhome/2e/2/164651/miniconda3/envs/maws_p3/bin/teLeap: Note.
Ignoring the warning from Unit Checking.

Building topology.
Building atom parameters.
Building bond parameters.
Building angle parameters.
Building proper torsion parameters.
Building improper torsion parameters.
 total 13 improper torsions applied
Building H-Bond parameters.
Incorporating Non-Bonded adjustments.
Not Marking per-residue atom chain types.
Marking per-residue atom chain types.
  (Residues lacking connect0/connect1 - 
   these don't have chain types marked:

	res	total affected

	PDB	1
  )
 (no restraints)
	Quit

Exiting LEaP: Errors = 0; Warnings = 1; Notes = 1.
-I: Adding /zhome/2e/2/164651/miniconda3/envs/maws_p3/dat/leap/prep to search path.
-I: Adding /zhome/2e/2/164651/miniconda3/envs/maws_p3/dat/leap/lib to search path.
-I: Adding /zhome/2e/2/164651/miniconda3/envs/maws_p3/dat/leap/parm to search path.
-I: Adding /zhome/2e/2/164651/miniconda3/envs/maws_p3/dat/leap/cmd to search path.
-f: Source out.in.

Welcome to LEaP!
(no leaprc in search path)
Sourcing: ./out.in
----- Source: /zhome/2e/2/164651/miniconda3/envs/maws_p3/dat/leap/cmd/leaprc.RNA.OL3
----- Source of /zhome/2e/2/164651/miniconda3/envs/maws_p3/dat/leap/cmd/leaprc.RNA.OL3 done
Log file: ./leap.log
Loading parameters: /zhome/2e/2/164651/miniconda3/envs/maws_p3/dat/leap/parm/parm10.dat
Reading title:
PARM99 + frcmod.ff99SB + frcmod.parmbsc0 + OL3 for RNA
Loading library: /zhome/2e/2/164651/miniconda3/envs/maws_p3/dat/leap/lib/RNA.lib
----- Source: /zhome/2e/2/164651/miniconda3/envs/maws_p3/dat/leap/cmd/leaprc.gaff2
----- Source of /zhome/2e/2/164651/miniconda3/envs/maws_p3/dat/leap/cmd/leaprc.gaff2 done
Log file: ./leap.log
Loading parameters: /zhome/2e/2/164651/miniconda3/envs/maws_p3/dat/leap/parm/gaff2.dat
Reading title:
AMBER General Force Field for organic molecules (Version 2.2.20, March 2021)
Loading library: ./PDB.lib
Loading parameters: ./PDB.frcmod
Reading force field modification type file (frcmod)
Reading title:
Remark line goes here
Checking Unit.
Building topology.
Building atom parameters.
Building bond parameters.
Building angle parameters.
Building proper torsion parameters.
Building improper torsion parameters.
 total 7 improper torsions applied
Building H-Bond parameters.
Incorporating Non-Bonded adjustments.
Not Marking per-residue atom chain types.
Marking per-residue atom chain types.
  (Residues lacking connect0/connect1 - 
   these don't have chain types marked:

	res	total affected

	PDB	1
  )
 (no restraints)
	Quit

Exiting LEaP: Errors = 0; Warnings = 0; Notes = 0.
-I: Adding /zhome/2e/2/164651/miniconda3/envs/maws_p3/dat/leap/prep to search path.
-I: Adding /zhome/2e/2/164651/miniconda3/envs/maws_p3/dat/leap/lib to search path.
-I: Adding /zhome/2e/2/164651/miniconda3/envs/maws_p3/dat/leap/parm to search path.
-I: Adding /zhome/2e/2/164651/miniconda3/envs/maws_p3/dat/leap/cmd to search path.
-f: Source out.in.

Welcome to LEaP!
(no leaprc in search path)
Sourcing: ./out.in
----- Source: /zhome/2e/2/164651/miniconda3/envs/maws_p3/dat/leap/cmd/leaprc.RNA.OL3
----- Source of /zhome/2e/2/164651/miniconda3/envs/maws_p3/dat/leap/cmd/leaprc.RNA.OL3 done
Log file: ./leap.log
Loading parameters: /zhome/2e/2/164651/miniconda3/envs/maws_p3/dat/leap/parm/parm10.dat
Reading title:
PARM99 + frcmod.ff99SB + frcmod.parmbsc0 + OL3 for RNA
Loading library: /zhome/2e/2/164651/miniconda3/envs/maws_p3/dat/leap/lib/RNA.lib
----- Source: /zhome/2e/2/164651/miniconda3/envs/maws_p3/dat/leap/cmd/leaprc.gaff2
----- Source of /zhome/2e/2/164651/miniconda3/envs/maws_p3/dat/leap/cmd/leaprc.gaff2 done
Log file: ./leap.log
Loading parameters: /zhome/2e/2/164651/miniconda3/envs/maws_p3/dat/leap/parm/gaff2.dat
Reading title:
AMBER General Force Field for organic molecules (Version 2.2.20, March 2021)
Loading library: ./PDB.lib
Loading parameters: ./PDB.frcmod
Reading force field modification type file (frcmod)
Reading title:
Remark line goes here
Checking Unit.

/zhome/2e/2/164651/miniconda3/envs/maws_p3/bin/teLeap: Warning!
The unperturbed charge of the unit (-1.002000) is not zero.

/zhome/2e/2/164651/miniconda3/envs/maws_p3/bin/teLeap: Note.
Ignoring the warning from Unit Checking.

Building topology.
Building atom parameters.
Building bond parameters.
Building angle parameters.
Building proper torsion parameters.
Building improper torsion parameters.
 total 13 improper torsions applied
Building H-Bond parameters.
Incorporating Non-Bonded adjustments.
Not Marking per-residue atom chain types.
Marking per-residue atom chain types.
  (Residues lacking connect0/connect1 - 
   these don't have chain types marked:

	res	total affected

	PDB	1
  )
 (no restraints)
	Quit

Exiting LEaP: Errors = 0; Warnings = 1; Notes = 1.
-I: Adding /zhome/2e/2/164651/miniconda3/envs/maws_p3/dat/leap/prep to search path.
-I: Adding /zhome/2e/2/164651/miniconda3/envs/maws_p3/dat/leap/lib to search path.
-I: Adding /zhome/2e/2/164651/miniconda3/envs/maws_p3/dat/leap/parm to search path.
-I: Adding /zhome/2e/2/164651/miniconda3/envs/maws_p3/dat/leap/cmd to search path.
-f: Source out.in.

Welcome to LEaP!
(no leaprc in search path)
Sourcing: ./out.in
----- Source: /zhome/2e/2/164651/miniconda3/envs/maws_p3/dat/leap/cmd/leaprc.RNA.OL3
----- Source of /zhome/2e/2/164651/miniconda3/envs/maws_p3/dat/leap/cmd/leaprc.RNA.OL3 done
Log file: ./leap.log
Loading parameters: /zhome/2e/2/164651/miniconda3/envs/maws_p3/dat/leap/parm/parm10.dat
Reading title:
PARM99 + frcmod.ff99SB + frcmod.parmbsc0 + OL3 for RNA
Loading library: /zhome/2e/2/164651/miniconda3/envs/maws_p3/dat/leap/lib/RNA.lib
----- Source: /zhome/2e/2/164651/miniconda3/envs/maws_p3/dat/leap/cmd/leaprc.gaff2
----- Source of /zhome/2e/2/164651/miniconda3/envs/maws_p3/dat/leap/cmd/leaprc.gaff2 done
Log file: ./leap.log
Loading parameters: /zhome/2e/2/164651/miniconda3/envs/maws_p3/dat/leap/parm/gaff2.dat
Reading title:
AMBER General Force Field for organic molecules (Version 2.2.20, March 2021)
Loading library: ./PDB.lib
Loading parameters: ./PDB.frcmod
Reading force field modification type file (frcmod)
Reading title:
Remark line goes here
Checking Unit.
Building topology.
Building atom parameters.
Building bond parameters.
Building angle parameters.
Building proper torsion parameters.
Building improper torsion parameters.
 total 7 improper torsions applied
Building H-Bond parameters.
Incorporating Non-Bonded adjustments.
Not Marking per-residue atom chain types.
Marking per-residue atom chain types.
  (Residues lacking connect0/connect1 - 
   these don't have chain types marked:

	res	total affected

	PDB	1
  )
 (no restraints)
	Quit

Exiting LEaP: Errors = 0; Warnings = 0; Notes = 0.
-I: Adding /zhome/2e/2/164651/miniconda3/envs/maws_p3/dat/leap/prep to search path.
-I: Adding /zhome/2e/2/164651/miniconda3/envs/maws_p3/dat/leap/lib to search path.
-I: Adding /zhome/2e/2/164651/miniconda3/envs/maws_p3/dat/leap/parm to search path.
-I: Adding /zhome/2e/2/164651/miniconda3/envs/maws_p3/dat/leap/cmd to search path.
-f: Source out.in.

Welcome to LEaP!
(no leaprc in search path)
Sourcing: ./out.in
----- Source: /zhome/2e/2/164651/miniconda3/envs/maws_p3/dat/leap/cmd/leaprc.RNA.OL3
----- Source of /zhome/2e/2/164651/miniconda3/envs/maws_p3/dat/leap/cmd/leaprc.RNA.OL3 done
Log file: ./leap.log
Loading parameters: /zhome/2e/2/164651/miniconda3/envs/maws_p3/dat/leap/parm/parm10.dat
Reading title:
PARM99 + frcmod.ff99SB + frcmod.parmbsc0 + OL3 for RNA
Loading library: /zhome/2e/2/164651/miniconda3/envs/maws_p3/dat/leap/lib/RNA.lib
----- Source: /zhome/2e/2/164651/miniconda3/envs/maws_p3/dat/leap/cmd/leaprc.gaff2
----- Source of /zhome/2e/2/164651/miniconda3/envs/maws_p3/dat/leap/cmd/leaprc.gaff2 done
Log file: ./leap.log
Loading parameters: /zhome/2e/2/164651/miniconda3/envs/maws_p3/dat/leap/parm/gaff2.dat
Reading title:
AMBER General Force Field for organic molecules (Version 2.2.20, March 2021)
Loading library: ./PDB.lib
Loading parameters: ./PDB.frcmod
Reading force field modification type file (frcmod)
Reading title:
Remark line goes here
Checking Unit.

/zhome/2e/2/164651/miniconda3/envs/maws_p3/bin/teLeap: Warning!
The unperturbed charge of the unit (-1.002000) is not zero.

/zhome/2e/2/164651/miniconda3/envs/maws_p3/bin/teLeap: Note.
Ignoring the warning from Unit Checking.

Building topology.
Building atom parameters.
Building bond parameters.
Building angle parameters.
Building proper torsion parameters.
Building improper torsion parameters.
 total 13 improper torsions applied
Building H-Bond parameters.
Incorporating Non-Bonded adjustments.
Not Marking per-residue atom chain types.
Marking per-residue atom chain types.
  (Residues lacking connect0/connect1 - 
   these don't have chain types marked:

	res	total affected

	PDB	1
  )
 (no restraints)
	Quit

Exiting LEaP: Errors = 0; Warnings = 1; Notes = 1.
-I: Adding /zhome/2e/2/164651/miniconda3/envs/maws_p3/dat/leap/prep to search path.
-I: Adding /zhome/2e/2/164651/miniconda3/envs/maws_p3/dat/leap/lib to search path.
-I: Adding /zhome/2e/2/164651/miniconda3/envs/maws_p3/dat/leap/parm to search path.
-I: Adding /zhome/2e/2/164651/miniconda3/envs/maws_p3/dat/leap/cmd to search path.
-f: Source out.in.

Welcome to LEaP!
(no leaprc in search path)
Sourcing: ./out.in
----- Source: /zhome/2e/2/164651/miniconda3/envs/maws_p3/dat/leap/cmd/leaprc.RNA.OL3
----- Source of /zhome/2e/2/164651/miniconda3/envs/maws_p3/dat/leap/cmd/leaprc.RNA.OL3 done
Log file: ./leap.log
Loading parameters: /zhome/2e/2/164651/miniconda3/envs/maws_p3/dat/leap/parm/parm10.dat
Reading title:
PARM99 + frcmod.ff99SB + frcmod.parmbsc0 + OL3 for RNA
Loading library: /zhome/2e/2/164651/miniconda3/envs/maws_p3/dat/leap/lib/RNA.lib
----- Source: /zhome/2e/2/164651/miniconda3/envs/maws_p3/dat/leap/cmd/leaprc.gaff2
----- Source of /zhome/2e/2/164651/miniconda3/envs/maws_p3/dat/leap/cmd/leaprc.gaff2 done
Log file: ./leap.log
Loading parameters: /zhome/2e/2/164651/miniconda3/envs/maws_p3/dat/leap/parm/gaff2.dat
Reading title:
AMBER General Force Field for organic molecules (Version 2.2.20, March 2021)
Loading library: ./PDB.lib
Loading parameters: ./PDB.frcmod
Reading force field modification type file (frcmod)
Reading title:
Remark line goes here
Checking Unit.

/zhome/2e/2/164651/miniconda3/envs/maws_p3/bin/teLeap: Warning!
The unperturbed charge of the unit (-1.002000) is not zero.

/zhome/2e/2/164651/miniconda3/envs/maws_p3/bin/teLeap: Note.
Ignoring the warning from Unit Checking.

Building topology.
Building atom parameters.
Building bond parameters.
Building angle parameters.
Building proper torsion parameters.
Building improper torsion parameters.
 total 14 improper torsions applied
Building H-Bond parameters.
Incorporating Non-Bonded adjustments.
Not Marking per-residue atom chain types.
Marking per-residue atom chain types.
  (Residues lacking connect0/connect1 - 
   these don't have chain types marked:

	res	total affected

	PDB	1
  )
 (no restraints)
	Quit

Exiting LEaP: Errors = 0; Warnings = 1; Notes = 1.
-I: Adding /zhome/2e/2/164651/miniconda3/envs/maws_p3/dat/leap/prep to search path.
-I: Adding /zhome/2e/2/164651/miniconda3/envs/maws_p3/dat/leap/lib to search path.
-I: Adding /zhome/2e/2/164651/miniconda3/envs/maws_p3/dat/leap/parm to search path.
-I: Adding /zhome/2e/2/164651/miniconda3/envs/maws_p3/dat/leap/cmd to search path.
-f: Source out.in.

Welcome to LEaP!
(no leaprc in search path)
Sourcing: ./out.in
----- Source: /zhome/2e/2/164651/miniconda3/envs/maws_p3/dat/leap/cmd/leaprc.RNA.OL3
----- Source of /zhome/2e/2/164651/miniconda3/envs/maws_p3/dat/leap/cmd/leaprc.RNA.OL3 done
Log file: ./leap.log
Loading parameters: /zhome/2e/2/164651/miniconda3/envs/maws_p3/dat/leap/parm/parm10.dat
Reading title:
PARM99 + frcmod.ff99SB + frcmod.parmbsc0 + OL3 for RNA
Loading library: /zhome/2e/2/164651/miniconda3/envs/maws_p3/dat/leap/lib/RNA.lib
----- Source: /zhome/2e/2/164651/miniconda3/envs/maws_p3/dat/leap/cmd/leaprc.gaff2
----- Source of /zhome/2e/2/164651/miniconda3/envs/maws_p3/dat/leap/cmd/leaprc.gaff2 done
Log file: ./leap.log
Loading parameters: /zhome/2e/2/164651/miniconda3/envs/maws_p3/dat/leap/parm/gaff2.dat
Reading title:
AMBER General Force Field for organic molecules (Version 2.2.20, March 2021)
Loading library: ./PDB.lib
Loading parameters: ./PDB.frcmod
Reading force field modification type file (frcmod)
Reading title:
Remark line goes here
Checking Unit.

/zhome/2e/2/164651/miniconda3/envs/maws_p3/bin/teLeap: Warning!
The unperturbed charge of the unit (-2.002000) is not zero.

/zhome/2e/2/164651/miniconda3/envs/maws_p3/bin/teLeap: Note.
Ignoring the warning from Unit Checking.

Building topology.
Building atom parameters.
Building bond parameters.
Building angle parameters.
Building proper torsion parameters.
Building improper torsion parameters.
 total 22 improper torsions applied
Building H-Bond parameters.
Incorporating Non-Bonded adjustments.
Not Marking per-residue atom chain types.
Marking per-residue atom chain types.
  (Residues lacking connect0/connect1 - 
   these don't have chain types marked:

	res	total affected

	PDB	1
  )
 (no restraints)
	Quit

Exiting LEaP: Errors = 0; Warnings = 1; Notes = 1.
combination ./PDB
combination ./PDB
INTO LEAP ---------------------------------------------------------------------
OUT OF LEAP -------------------------------------------------------------------
23597152655082.035
66085273.889545575
607.9156228390316
198.37098709726416
194.2317217527235
192.4877651440064
187.8110838720193
178.49036118030466
178.39546847299198
173.9231618703921
INTO LEAP ---------------------------------------------------------------------
OUT OF LEAP -------------------------------------------------------------------
78506.5461751742
440.82498841973677
425.901943924766
421.29345486583316
419.64711402755916
416.88625902239494
408.44489581662265
406.99701129340156
405.8579347152429
401.28266961294617
400.6159524462407
399.9440139493132
399.8477691866483
397.89373054163116
396.497988140501
394.93570291255264
INTO LEAP ---------------------------------------------------------------------
OUT OF LEAP -------------------------------------------------------------------
3159573.461041155
545.3654922413796
525.6077087446849
504.3849715105448
500.52563636882064
498.8995378053645
491.0678965310857
489.43521412121686
489.0368118882368
487.6383433158728
485.8522928758041
484.5031496060419
INTO LEAP ---------------------------------------------------------------------
OUT OF LEAP -------------------------------------------------------------------
23588205765.584885
253.5236092480282
88.76606157562162
84.4682175017756
79.519117226346
78.33140645797369
74.51119051656894
73.64647596281964
62.04932649202067
58.299694564422225
53.01732377539241
50.74122963424895
49.769158945974596
49.662067846895326
INTO LEAP ------------------------------------------------------------------------------
OUT OF LEAP ----------------------------------------------------------------------------
INTO LEAP ------------------------------------------------------------------------------
OUT OF LEAP ----------------------------------------------------------------------------
683088.584407411
-1362.9174566128006
-1367.573095707922
-1368.5066079816672
-1369.7931343548594
-1371.226633402839
-1383.8119783277116
-1385.122761876345
INTO LEAP ------------------------------------------------------------------------------
OUT OF LEAP ----------------------------------------------------------------------------
INTO LEAP ------------------------------------------------------------------------------
OUT OF LEAP ----------------------------------------------------------------------------
3412145.4260084652
69921.07820848173
28540.85089199563
-246.07347184771743
-1322.4734474691181
-1325.3723016409035
INTO LEAP ------------------------------------------------------------------------------
OUT OF LEAP ----------------------------------------------------------------------------
INTO LEAP ------------------------------------------------------------------------------
OUT OF LEAP ----------------------------------------------------------------------------
13830343.345116092
-778.1983292979661
-1134.6664976070592
-1137.6680556386932
-1139.049179903415
-1142.193016827906
-1146.8399186583506
-1151.5485737066024
-1152.5223379747713
-1155.110134716313
-1155.7491242160263
INTO LEAP ------------------------------------------------------------------------------
OUT OF LEAP ----------------------------------------------------------------------------
INTO LEAP ------------------------------------------------------------------------------
OUT OF LEAP ----------------------------------------------------------------------------
3493057.4682580787
33111.9650839397
25872.940777770546
21416.598837895915
16952.78859205776
2778.306102630092
2675.1401104852566
-1106.1464658771401
-1110.523125101271
INTO LEAP ------------------------------------------------------------------------------
OUT OF LEAP ----------------------------------------------------------------------------
INTO LEAP ------------------------------------------------------------------------------
OUT OF LEAP ----------------------------------------------------------------------------
19519891887.65958
216.66281355933097
-290.0006607491321
-482.5251171171287
-732.5311259176111
-1005.200307337492
-1048.1520619849518
-1070.4414668132458
-1086.157722707562
-1093.2465459374275
-1096.443758542121
INTO LEAP ------------------------------------------------------------------------------
OUT OF LEAP ----------------------------------------------------------------------------
INTO LEAP ------------------------------------------------------------------------------
OUT OF LEAP ----------------------------------------------------------------------------
454095619.02810496
69583.17280554546
7416.641539558194
2898.0731154200284
2388.912260010968
2316.8776310697826
-796.0340154455321
-998.6097063620928
-1059.7163735804786
INTO LEAP ------------------------------------------------------------------------------
OUT OF LEAP ----------------------------------------------------------------------------
INTO LEAP ------------------------------------------------------------------------------
OUT OF LEAP ----------------------------------------------------------------------------
36519.75358014305
-744.5240136262075
-1273.8530587948358
-1301.9849753711374
-1463.877595069923
-1472.4917243473737
-1498.9693292306615
-1507.8214383899974
-1508.9901175503296
-1515.6427182600914
INTO LEAP ------------------------------------------------------------------------------
OUT OF LEAP ----------------------------------------------------------------------------
INTO LEAP ------------------------------------------------------------------------------
OUT OF LEAP ----------------------------------------------------------------------------
14560222.27747812
65098.173448637404
2060.6139603056645
-735.8077169585672
-1324.7606427393544
-1397.1650574042253
-1402.0817186502832
-1421.6120955193624
-1455.5434307960986
-1462.4368464907245
INTO LEAP ------------------------------------------------------------------------------
OUT OF LEAP ----------------------------------------------------------------------------
INTO LEAP ------------------------------------------------------------------------------
OUT OF LEAP ----------------------------------------------------------------------------
243582.7341899772
496.4150492734366
-2166.541426408112
-2176.281170708994
-2183.321748083852
-2183.397524841276
-2186.5182462970774
-2194.682849478563
-2196.443744069027

------------------------------------------------------------
Sender: LSF System <lsfadmin@hpc.dtu.dk>
Subject: Job 17247503: <maws_trash_pfoa> in cluster <dcc> Exited

Job <maws_trash_pfoa> was submitted from host <gbarlogin2> by user <s212514> in cluster <dcc> at Tue Aug 29 16:24:58 2023
Job was executed on host(s) <n-62-31-23>, in queue <hpc>, as user <s212514> in cluster <dcc> at Tue Aug 29 16:25:00 2023
</zhome/2e/2/164651> was used as the home directory.
</zhome/2e/2/164651/iGEM/dtu-denmark/heidelberg_maws> was used as the working directory.
Started at Tue Aug 29 16:25:00 2023
Terminated at Tue Aug 29 16:52:25 2023
Results reported at Tue Aug 29 16:52:25 2023

Your job looked like:

------------------------------------------------------------
# LSBATCH: User input
#!/bin/sh 
### General options 
### -- specify queue -- 
#BSUB -q hpc
### -- set the job Name -- 
#BSUB -J maws_trash_pfoa
### -- ask for number of cores (default: 1) -- 
#BSUB -n 1
### -- specify that the cores must be on the same host -- 
#BSUB -R "span[hosts=1]"
### -- specify that we need 4GB of memory per core/slot -- 
#BSUB -R "rusage[mem=3GB]"
### -- specify that we want the job to get killed if it exceeds 3 GB per core/slot -- 
#BSUB -M 3GB
### -- set walltime limit: hh:mm -- 
#BSUB -W 24:00
### -- set the email address -- 
# please uncomment the following line and put in your e-mail address,
# if you want to receive e-mail notifications on a non-default address
##BSUB -u your_email_address
### -- send notification at start -- 
##BSUB -B 
### -- send notification at completion -- 
##BSUB -N 
### -- Specify the output and error file. %J is the job-id -- 
### -- -o and -e mean append, -oo and -eo mean overwrite -- 
#BSUB -o maws_trash_pfoa_%J.out 
#BSUB -e maws_trash_pfoa_%J.err 

# here follow the commands you want to execute with input.in as the input file

# Path to your Conda environment (replace with the actual path)
conda_env_path="/zhome/2e/2/164651/miniconda3/envs/maws_p3"

# Set environment variables to activate the Conda environment
export CONDA_PREFIX="$conda_env_path"
export PATH="$conda_env_path/bin:$PATH"
export PS1="($maws_p3) $PS1"

# Check it is using the conda env
result=$(which python)
echo "$result"

# Run MAWS
python MAWS2017.py -p pfoa.pdb -n maws_trash_RNA_aptamer -nt 5 -ta RNA -tm organic -cenv maws_p3

------------------------------------------------------------

TERM_OWNER: job killed by owner.
Exited with exit code 130.

Resource usage summary:

    CPU time :                                   1622.33 sec.
    Max Memory :                                 182 MB
    Average Memory :                             132.13 MB
    Total Requested Memory :                     3072.00 MB
    Delta Memory :                               2890.00 MB
    Max Swap :                                   -
    Max Processes :                              8
    Max Threads :                                197
    Run time :                                   1691 sec.
    Turnaround time :                            1647 sec.

The output (if any) is above this job summary.



PS:

Read file <maws_trash_pfoa_17247503.err> for stderr output of this job.

