MAWS - Making Aptamers With Software
Active version: 2.0 (released:_2017)
Computational method: Kullback-Leibler
Type of aptamer: RNA
Type of ligand molecule: organic
Job: maws_trash_RNA_aptamer
Input file: pfoa.pdb
Sample number in initial step: 5000
Sample number per further steps: 5000
Number of further steps: 5 (sequence length = 6)
Value of beta: 0.01
Start time: 2023-08-29 16:25:03.689028
Force field selected for the aptamer: leaprc.RNA.OL3
Force field selected for the ligand molecule: leaprc.gaff2
Initialized succesfully!
2023-08-29 16:27:24.743884: starting initial step for 'G'
2023-08-29 16:29:10.015447: starting initial step for 'A'
2023-08-29 16:30:51.890067: starting initial step for 'U'
2023-08-29 16:32:24.318441: starting initial step for 'C'
2023-08-29 16:33:59.308795: Completed first step. Selected nucleotide: C
2023-08-29 16:33:59.308820: Starting further steps to append 5 nucleotides
2023-08-29 16:49:52.869996: Completed step 2. Selected sequence: A C
