MAWS - Making Aptamers With Software
Active version: 2.0 (released:_2017)
Computational method: Kullback-Leibler
Job: maws_trash_aptamer
Input file: pfoa.pdb
Sample number in initial step: 5000
Sample number per further steps: 5000
Number of further steps: 5 (sequence length = )
Value of beta: 0.01
Start time: 2023-08-18 11:55:53.944788
Initialized succesfully!
2023-08-18 11:58:27.640223: starting initial step for 'G'
2023-08-18 12:00:14.577292: starting initial step for 'A'
2023-08-18 12:01:57.299823: starting initial step for 'U'
2023-08-18 12:03:29.513969: starting initial step for 'C'
2023-08-18 12:05:04.941142: Completed first step. Selected nucleotide: C
2023-08-18 12:05:04.941176: Starting further steps to append 5 nucleotides
2023-08-18 12:20:51.453897: Completed step 2. Selected sequence: C C
2023-08-18 12:40:01.441241: Completed step 3. Selected sequence: A C C
2023-08-18 13:03:48.872151: Completed step 4. Selected sequence: C A C C
2023-08-18 13:32:41.024792: Completed step 5. Selected sequence: C C A C C
2023-08-18 14:07:41.696761: Completed step 6. Selected sequence: C C C A C C
2023-08-18 14:07:43.611293: Run completed. Thank you for using MAWS!

Final sequence: C C C A C C
