SEQUENCE: G ENTROPY: -0.560686751646721603685645411032478740094646964532608668571778 ENERGY: 98.69314555485067
SEQUENCE: A ENTROPY: -0.469079285699560367842046440727133729400990146461078502831698 ENERGY: 327.5367224355804
SEQUENCE: T ENTROPY: -0.955175042900349710171365763622970067147859254055739374461961 ENERGY: 576.8546446428409
SEQUENCE: C ENTROPY: -0.81255765864102931032996283247882574013364414466043273734664 ENERGY: -9.914216274082662
SEQUENCE: T G ENTROPY: -1.71290156500789924029003688114787629986712971090386480856143 ENERGY: 4561.860645769125
SEQUENCE: G T ENTROPY: -2.30258509299404568401799145468436420760110148862877297603333 ENERGY: 3252.2709164601324
SEQUENCE: T A ENTROPY: -2.28807527958066662575013239277657747708985567092804955388923 ENERGY: -350.13538315717244
SEQUENCE: A T ENTROPY: -2.30258509299404568401799145468436420760110148862877297603333 ENERGY: 775.1910486398872
SEQUENCE: T T ENTROPY: -2.20073219334294591324913440014322536316046527950048206014003 ENERGY: -190.9139334627086
SEQUENCE: T T ENTROPY: -2.30258509299404568401799145468436420760110148862877297603333 ENERGY: 3305.8079222392194
SEQUENCE: T C ENTROPY: -2.30258509299404568401797707462896323606575796649165431980589 ENERGY: -763.4676030918732
SEQUENCE: C T ENTROPY: -2.30063914434300985888934268997365368265600908321606025434212 ENERGY: 2231.4808605512035
SEQUENCE: G T G ENTROPY: -2.30258509299404568401799145468436420760110148862877297603333 ENERGY: 490521.04159325996
SEQUENCE: G G T ENTROPY: -2.30258509299404568392179512749200391100176877330217400772231 ENERGY: -1276.8448948849318
SEQUENCE: G T A ENTROPY: -1.61578191794673773062540524468866889848042545829881203678018 ENERGY: 4959.712455891189
SEQUENCE: A G T ENTROPY: -2.30258509299404568401799145468436420760110148862877297603333 ENERGY: -994.8445974646952
SEQUENCE: G T T ENTROPY: -2.25965753223027706614459209669884620831401752819958190577245 ENERGY: -1335.0521763290476
SEQUENCE: T G T ENTROPY: -2.30258509299404568401799145468436420760110148862877297603333 ENERGY: 1544.994100359404
SEQUENCE: G T C ENTROPY: -1.89453483155423193358998454542925618210698792958827886418632 ENERGY: -1795.871106400976
SEQUENCE: C G T ENTROPY: -2.30258509299404568401799145468436420760110148862877297603333 ENERGY: 2049.343701480627
