/zhome/2e/2/164651/miniconda3/envs/maws_p3/bin/python

Welcome to antechamber 22.0: molecular input file processor.

Info: acdoctor mode is on: check and diagnose problems in the input file.
Info: The atom type is set to gaff; the options available to the -at flag are
      gaff, gaff2, amber, bcc, and sybyl.

-- Check Format for pdb File --
   Status: pass
-- Check Unusual Elements --
   Status: pass
-- Check Open Valences --
   Status: pass
-- Check Geometry --
      for those bonded   
      for those not bonded   
   Status: pass
-- Check Weird Bonds --
   Status: pass
-- Check Number of Units --
   Status: pass
acdoctor mode has completed checking the input file.

Info: Total number of electrons: 200; net charge: 0

Running: /zhome/2e/2/164651/miniconda3/envs/maws_p3/bin/sqm -O -i sqm.in -o sqm.out

-I: Adding /zhome/2e/2/164651/miniconda3/envs/maws_p3/dat/leap/prep to search path.
-I: Adding /zhome/2e/2/164651/miniconda3/envs/maws_p3/dat/leap/lib to search path.
-I: Adding /zhome/2e/2/164651/miniconda3/envs/maws_p3/dat/leap/parm to search path.
-I: Adding /zhome/2e/2/164651/miniconda3/envs/maws_p3/dat/leap/cmd to search path.
-f: Source pfoa.in.

Welcome to LEaP!
(no leaprc in search path)
Sourcing: ./pfoa.in
----- Source: /zhome/2e/2/164651/miniconda3/envs/maws_p3/dat/leap/cmd/leaprc.DNA.OL21
----- Source of /zhome/2e/2/164651/miniconda3/envs/maws_p3/dat/leap/cmd/leaprc.DNA.OL21 done
Log file: ./leap.log
Loading library: /zhome/2e/2/164651/miniconda3/envs/maws_p3/dat/leap/lib/ff-nucleic-OL21.lib
Loading parameters: /zhome/2e/2/164651/miniconda3/envs/maws_p3/dat/leap/parm/parm10.dat
Reading title:
PARM99 + frcmod.ff99SB + frcmod.parmbsc0 + OL3 for RNA
Loading parameters: /zhome/2e/2/164651/miniconda3/envs/maws_p3/dat/leap/parm/ff-nucleic-OL21.frcmod
Reading force field modification type file (frcmod)
Reading title:
OL21 force field for DNA (OL15 + alpha/gamma OL21), see http://ffol.upol.cz
----- Source: /zhome/2e/2/164651/miniconda3/envs/maws_p3/dat/leap/cmd/leaprc.gaff
----- Source of /zhome/2e/2/164651/miniconda3/envs/maws_p3/dat/leap/cmd/leaprc.gaff done
Log file: ./leap.log
Loading parameters: /zhome/2e/2/164651/miniconda3/envs/maws_p3/dat/leap/parm/gaff.dat
Reading title:
AMBER General Force Field for organic molecules (Version 1.81, May 2017)
Loading Mol2 file: ./pfoa.mol2
Reading MOLECULE named PDB
Loading parameters: ./PDB.frcmod
Reading force field modification type file (frcmod)
Reading title:
Remark line goes here
Checking 'PDB'....
Checking parameters for unit 'PDB'.
Checking for bond parameters.
Checking for angle parameters.
Unit is OK.
Building topology.
Building atom parameters.
Writing pdb file: PDB_tmp.pdb
	Quit

Exiting LEaP: Errors = 0; Warnings = 0; Notes = 0.

Welcome to antechamber 22.0: molecular input file processor.

Info: acdoctor mode is on: check and diagnose problems in the input file.
Info: The atom type is set to gaff; the options available to the -at flag are
      gaff, gaff2, amber, bcc, and sybyl.

-- Check Format for pdb File --
   Status: pass
-- Check Unusual Elements --
   Status: pass
-- Check Open Valences --
   Status: pass
-- Check Geometry --
      for those bonded   
      for those not bonded   
   Status: pass
-- Check Weird Bonds --
   Status: pass
-- Check Number of Units --
   Status: pass
acdoctor mode has completed checking the input file.

Info: Total number of electrons: 200; net charge: 0

Running: /zhome/2e/2/164651/miniconda3/envs/maws_p3/bin/sqm -O -i sqm.in -o sqm.out

-I: Adding /zhome/2e/2/164651/miniconda3/envs/maws_p3/dat/leap/prep to search path.
-I: Adding /zhome/2e/2/164651/miniconda3/envs/maws_p3/dat/leap/lib to search path.
-I: Adding /zhome/2e/2/164651/miniconda3/envs/maws_p3/dat/leap/parm to search path.
-I: Adding /zhome/2e/2/164651/miniconda3/envs/maws_p3/dat/leap/cmd to search path.
-f: Source pfoa.in.

Welcome to LEaP!
(no leaprc in search path)
Sourcing: ./pfoa.in
----- Source: /zhome/2e/2/164651/miniconda3/envs/maws_p3/dat/leap/cmd/leaprc.DNA.OL21
----- Source of /zhome/2e/2/164651/miniconda3/envs/maws_p3/dat/leap/cmd/leaprc.DNA.OL21 done
Log file: ./leap.log
Loading library: /zhome/2e/2/164651/miniconda3/envs/maws_p3/dat/leap/lib/ff-nucleic-OL21.lib
Loading parameters: /zhome/2e/2/164651/miniconda3/envs/maws_p3/dat/leap/parm/parm10.dat
Reading title:
PARM99 + frcmod.ff99SB + frcmod.parmbsc0 + OL3 for RNA
Loading parameters: /zhome/2e/2/164651/miniconda3/envs/maws_p3/dat/leap/parm/ff-nucleic-OL21.frcmod
Reading force field modification type file (frcmod)
Reading title:
OL21 force field for DNA (OL15 + alpha/gamma OL21), see http://ffol.upol.cz
----- Source: /zhome/2e/2/164651/miniconda3/envs/maws_p3/dat/leap/cmd/leaprc.gaff
----- Source of /zhome/2e/2/164651/miniconda3/envs/maws_p3/dat/leap/cmd/leaprc.gaff done
Log file: ./leap.log
Loading parameters: /zhome/2e/2/164651/miniconda3/envs/maws_p3/dat/leap/parm/gaff.dat
Reading title:
AMBER General Force Field for organic molecules (Version 1.81, May 2017)
Loading Mol2 file: ./pfoa.mol2
Reading MOLECULE named PDB
Loading parameters: ./PDB.frcmod
Reading force field modification type file (frcmod)
Reading title:
Remark line goes here
Checking 'PDB'....
Checking parameters for unit 'PDB'.
Checking for bond parameters.
Checking for angle parameters.
Unit is OK.
Building topology.
Building atom parameters.
Writing pdb file: PDB_tmp.pdb
	Quit

Exiting LEaP: Errors = 0; Warnings = 0; Notes = 0.
-I: Adding /zhome/2e/2/164651/miniconda3/envs/maws_p3/dat/leap/prep to search path.
-I: Adding /zhome/2e/2/164651/miniconda3/envs/maws_p3/dat/leap/lib to search path.
-I: Adding /zhome/2e/2/164651/miniconda3/envs/maws_p3/dat/leap/parm to search path.
-I: Adding /zhome/2e/2/164651/miniconda3/envs/maws_p3/dat/leap/cmd to search path.
-f: Source out.in.

Welcome to LEaP!
(no leaprc in search path)
Sourcing: ./out.in
----- Source: /zhome/2e/2/164651/miniconda3/envs/maws_p3/dat/leap/cmd/leaprc.DNA.OL21
----- Source of /zhome/2e/2/164651/miniconda3/envs/maws_p3/dat/leap/cmd/leaprc.DNA.OL21 done
Log file: ./leap.log
Loading library: /zhome/2e/2/164651/miniconda3/envs/maws_p3/dat/leap/lib/ff-nucleic-OL21.lib
Loading parameters: /zhome/2e/2/164651/miniconda3/envs/maws_p3/dat/leap/parm/parm10.dat
Reading title:
PARM99 + frcmod.ff99SB + frcmod.parmbsc0 + OL3 for RNA
Loading parameters: /zhome/2e/2/164651/miniconda3/envs/maws_p3/dat/leap/parm/ff-nucleic-OL21.frcmod
Reading force field modification type file (frcmod)
Reading title:
OL21 force field for DNA (OL15 + alpha/gamma OL21), see http://ffol.upol.cz
----- Source: /zhome/2e/2/164651/miniconda3/envs/maws_p3/dat/leap/cmd/leaprc.gaff
----- Source of /zhome/2e/2/164651/miniconda3/envs/maws_p3/dat/leap/cmd/leaprc.gaff done
Log file: ./leap.log
Loading parameters: /zhome/2e/2/164651/miniconda3/envs/maws_p3/dat/leap/parm/gaff.dat
Reading title:
AMBER General Force Field for organic molecules (Version 1.81, May 2017)
Loading library: ./PDB.lib
Loading parameters: ./PDB.frcmod
Reading force field modification type file (frcmod)
Reading title:
Remark line goes here
Checking Unit.
Building topology.
Building atom parameters.
Building bond parameters.
Building angle parameters.
Building proper torsion parameters.
Building improper torsion parameters.
 total 1 improper torsion applied
Building H-Bond parameters.
Incorporating Non-Bonded adjustments.
Not Marking per-residue atom chain types.
Marking per-residue atom chain types.
  (Residues lacking connect0/connect1 - 
   these don't have chain types marked:

	res	total affected

	PDB	1
  )
 (no restraints)
	Quit

Exiting LEaP: Errors = 0; Warnings = 0; Notes = 0.
-I: Adding /zhome/2e/2/164651/miniconda3/envs/maws_p3/dat/leap/prep to search path.
-I: Adding /zhome/2e/2/164651/miniconda3/envs/maws_p3/dat/leap/lib to search path.
-I: Adding /zhome/2e/2/164651/miniconda3/envs/maws_p3/dat/leap/parm to search path.
-I: Adding /zhome/2e/2/164651/miniconda3/envs/maws_p3/dat/leap/cmd to search path.
-f: Source out.in.

Welcome to LEaP!
(no leaprc in search path)
Sourcing: ./out.in
----- Source: /zhome/2e/2/164651/miniconda3/envs/maws_p3/dat/leap/cmd/leaprc.DNA.OL21
----- Source of /zhome/2e/2/164651/miniconda3/envs/maws_p3/dat/leap/cmd/leaprc.DNA.OL21 done
Log file: ./leap.log
Loading library: /zhome/2e/2/164651/miniconda3/envs/maws_p3/dat/leap/lib/ff-nucleic-OL21.lib
Loading parameters: /zhome/2e/2/164651/miniconda3/envs/maws_p3/dat/leap/parm/parm10.dat
Reading title:
PARM99 + frcmod.ff99SB + frcmod.parmbsc0 + OL3 for RNA
Loading parameters: /zhome/2e/2/164651/miniconda3/envs/maws_p3/dat/leap/parm/ff-nucleic-OL21.frcmod
Reading force field modification type file (frcmod)
Reading title:
OL21 force field for DNA (OL15 + alpha/gamma OL21), see http://ffol.upol.cz
----- Source: /zhome/2e/2/164651/miniconda3/envs/maws_p3/dat/leap/cmd/leaprc.gaff
----- Source of /zhome/2e/2/164651/miniconda3/envs/maws_p3/dat/leap/cmd/leaprc.gaff done
Log file: ./leap.log
Loading parameters: /zhome/2e/2/164651/miniconda3/envs/maws_p3/dat/leap/parm/gaff.dat
Reading title:
AMBER General Force Field for organic molecules (Version 1.81, May 2017)
Loading library: ./PDB.lib
Loading parameters: ./PDB.frcmod
Reading force field modification type file (frcmod)
Reading title:
Remark line goes here
Checking Unit.
Building topology.
Building atom parameters.
Building bond parameters.
Building angle parameters.
Building proper torsion parameters.
Building improper torsion parameters.
 total 13 improper torsions applied
Building H-Bond parameters.
Incorporating Non-Bonded adjustments.
Not Marking per-residue atom chain types.
Marking per-residue atom chain types.
  (Residues lacking connect0/connect1 - 
   these don't have chain types marked:

	res	total affected

	PDB	1
  )
 (no restraints)
	Quit

Exiting LEaP: Errors = 0; Warnings = 0; Notes = 0.
-I: Adding /zhome/2e/2/164651/miniconda3/envs/maws_p3/dat/leap/prep to search path.
-I: Adding /zhome/2e/2/164651/miniconda3/envs/maws_p3/dat/leap/lib to search path.
-I: Adding /zhome/2e/2/164651/miniconda3/envs/maws_p3/dat/leap/parm to search path.
-I: Adding /zhome/2e/2/164651/miniconda3/envs/maws_p3/dat/leap/cmd to search path.
-f: Source out.in.

Welcome to LEaP!
(no leaprc in search path)
Sourcing: ./out.in
----- Source: /zhome/2e/2/164651/miniconda3/envs/maws_p3/dat/leap/cmd/leaprc.DNA.OL21
----- Source of /zhome/2e/2/164651/miniconda3/envs/maws_p3/dat/leap/cmd/leaprc.DNA.OL21 done
Log file: ./leap.log
Loading library: /zhome/2e/2/164651/miniconda3/envs/maws_p3/dat/leap/lib/ff-nucleic-OL21.lib
Loading parameters: /zhome/2e/2/164651/miniconda3/envs/maws_p3/dat/leap/parm/parm10.dat
Reading title:
PARM99 + frcmod.ff99SB + frcmod.parmbsc0 + OL3 for RNA
Loading parameters: /zhome/2e/2/164651/miniconda3/envs/maws_p3/dat/leap/parm/ff-nucleic-OL21.frcmod
Reading force field modification type file (frcmod)
Reading title:
OL21 force field for DNA (OL15 + alpha/gamma OL21), see http://ffol.upol.cz
----- Source: /zhome/2e/2/164651/miniconda3/envs/maws_p3/dat/leap/cmd/leaprc.gaff
----- Source of /zhome/2e/2/164651/miniconda3/envs/maws_p3/dat/leap/cmd/leaprc.gaff done
Log file: ./leap.log
Loading parameters: /zhome/2e/2/164651/miniconda3/envs/maws_p3/dat/leap/parm/gaff.dat
Reading title:
AMBER General Force Field for organic molecules (Version 1.81, May 2017)
Loading library: ./PDB.lib
Loading parameters: ./PDB.frcmod
Reading force field modification type file (frcmod)
Reading title:
Remark line goes here
Checking Unit.
Building topology.
Building atom parameters.
Building bond parameters.
Building angle parameters.
Building proper torsion parameters.
Building improper torsion parameters.
 total 12 improper torsions applied
Building H-Bond parameters.
Incorporating Non-Bonded adjustments.
Not Marking per-residue atom chain types.
Marking per-residue atom chain types.
  (Residues lacking connect0/connect1 - 
   these don't have chain types marked:

	res	total affected

	PDB	1
  )
 (no restraints)
	Quit

Exiting LEaP: Errors = 0; Warnings = 0; Notes = 0.
combination ./PDB
my_number 1
combination ./PDB
my_number 2
my_number 3
INTO LEAP ---------------------------------------------------------------------
my_number 4
OUT OF LEAP -------------------------------------------------------------------
437860.1830952436
277.5753120705692
78.24481576454099
74.37242859825966
70.40356587392188
58.63419792113683
48.39765168948321
47.05434656377736
45.305258945010564
INTO LEAP ---------------------------------------------------------------------
my_number 5
OUT OF LEAP -------------------------------------------------------------------
473350.5224693219
302.9263035656362
292.85855217823604
271.42452963489023
271.06551119292754
267.7554966462706
267.70418729893805
265.23568501912285
262.335551665025

------------------------------------------------------------
Sender: LSF System <lsfadmin@hpc.dtu.dk>
Subject: Job 17234034: <maws_trash_pfoa> in cluster <dcc> Exited

Job <maws_trash_pfoa> was submitted from host <gbarlogin2> by user <s212514> in cluster <dcc> at Mon Aug 28 15:34:38 2023
Job was executed on host(s) <n-62-31-3>, in queue <hpc>, as user <s212514> in cluster <dcc> at Mon Aug 28 15:34:38 2023
</zhome/2e/2/164651> was used as the home directory.
</zhome/2e/2/164651/iGEM/dtu-denmark/heidelberg_maws> was used as the working directory.
Started at Mon Aug 28 15:34:38 2023
Terminated at Mon Aug 28 15:39:17 2023
Results reported at Mon Aug 28 15:39:17 2023

Your job looked like:

------------------------------------------------------------
# LSBATCH: User input
#!/bin/sh 
### General options 
### -- specify queue -- 
#BSUB -q hpc
### -- set the job Name -- 
#BSUB -J maws_trash_pfoa
### -- ask for number of cores (default: 1) -- 
#BSUB -n 1
### -- specify that the cores must be on the same host -- 
#BSUB -R "span[hosts=1]"
### -- specify that we need 4GB of memory per core/slot -- 
#BSUB -R "rusage[mem=3GB]"
### -- specify that we want the job to get killed if it exceeds 3 GB per core/slot -- 
#BSUB -M 3GB
### -- set walltime limit: hh:mm -- 
#BSUB -W 24:00
### -- set the email address -- 
# please uncomment the following line and put in your e-mail address,
# if you want to receive e-mail notifications on a non-default address
##BSUB -u your_email_address
### -- send notification at start -- 
##BSUB -B 
### -- send notification at completion -- 
##BSUB -N 
### -- Specify the output and error file. %J is the job-id -- 
### -- -o and -e mean append, -oo and -eo mean overwrite -- 
#BSUB -o maws_trash_pfoa_%J.out 
#BSUB -e maws_trash_pfoa_%J.err 

# here follow the commands you want to execute with input.in as the input file

# Path to your Conda environment (replace with the actual path)
conda_env_path="/zhome/2e/2/164651/miniconda3/envs/maws_p3"

# Set environment variables to activate the Conda environment
export CONDA_PREFIX="$conda_env_path"
export PATH="$conda_env_path/bin:$PATH"
export PS1="($maws_p3) $PS1"

# Check it is using the conda env
result=$(which python)
echo "$result"

# Run MAWS
python MAWS2017.py -p pfoa.pdb -n maws_trash_DNA_aptamer -nt 5 -ta DNA -tm organic -cenv maws_p3

------------------------------------------------------------

TERM_OWNER: job killed by owner.
Exited with exit code 130.

Resource usage summary:

    CPU time :                                   269.09 sec.
    Max Memory :                                 111 MB
    Average Memory :                             94.00 MB
    Total Requested Memory :                     3072.00 MB
    Delta Memory :                               2961.00 MB
    Max Swap :                                   -
    Max Processes :                              8
    Max Threads :                                77
    Run time :                                   278 sec.
    Turnaround time :                            279 sec.

The output (if any) is above this job summary.



PS:

Read file <maws_trash_pfoa_17234034.err> for stderr output of this job.

